SF:lib\services\api_http_response.dart
DA:7,4
DA:11,4
DA:12,2
DA:13,1
DA:17,4
DA:21,4
DA:22,4
DA:24,1
DA:25,1
DA:26,1
DA:27,1
DA:28,1
DA:29,2
DA:30,0
DA:34,0
DA:35,0
DA:41,2
DA:45,2
DA:46,2
DA:47,4
DA:48,2
LF:21
LH:18
end_of_record
SF:lib\utils\exceptions.dart
DA:3,1
DA:5,1
DA:6,2
DA:12,37
DA:15,5
DA:16,10
DA:17,2
DA:18,2
DA:19,1
DA:20,1
DA:21,1
DA:25,5
DA:28,3
DA:30,11
DA:35,1
DA:37,1
DA:38,2
DA:43,4
DA:45,1
DA:46,2
DA:51,3
DA:53,1
DA:54,2
LF:23
LH:23
end_of_record
SF:lib\models\strip_models.dart
DA:47,5
DA:48,5
DA:51,2
DA:89,1
DA:103,2
DA:104,1
DA:105,1
DA:106,5
DA:111,1
DA:116,4
DA:121,2
DA:142,2
DA:147,2
DA:148,2
DA:149,2
DA:150,1
DA:151,1
DA:152,2
DA:156,2
DA:157,1
DA:158,1
DA:159,1
DA:160,1
DA:173,7
DA:187,4
DA:188,4
DA:189,8
DA:190,8
DA:191,8
DA:193,8
DA:200,5
DA:220,3
DA:222,2
DA:223,2
DA:224,4
DA:225,4
DA:226,4
DA:227,4
DA:228,4
DA:229,4
DA:230,4
DA:237,5
DA:247,2
DA:248,2
DA:249,4
DA:250,4
DA:251,4
DA:256,5
DA:260,5
DA:261,5
DA:262,9
DA:263,4
DA:264,8
DA:265,1
DA:266,3
DA:274,5
DA:399,5
DA:401,4
DA:402,4
DA:403,4
DA:404,4
DA:405,4
DA:406,4
DA:407,4
DA:408,2
DA:409,5
DA:411,5
DA:413,5
DA:415,5
DA:417,4
DA:418,4
DA:419,4
DA:421,4
DA:422,4
DA:423,4
DA:424,4
DA:425,3
DA:426,5
DA:427,5
DA:428,5
DA:430,5
DA:431,2
DA:432,1
DA:433,2
DA:435,5
DA:436,5
DA:437,3
DA:438,6
DA:439,6
DA:440,6
DA:441,6
DA:442,2
DA:443,2
DA:444,2
DA:446,2
DA:447,2
DA:448,2
DA:450,5
DA:451,5
DA:452,5
DA:453,5
DA:454,5
DA:455,5
DA:456,5
DA:457,5
DA:458,2
DA:459,1
DA:460,2
DA:465,2
DA:466,2
DA:467,3
DA:471,2
DA:472,3
DA:476,2
DA:478,6
DA:480,1
DA:481,2
DA:482,1
DA:483,1
DA:484,1
DA:485,2
DA:486,2
DA:487,2
DA:488,2
DA:494,2
DA:497,6
DA:498,1
DA:499,2
DA:500,1
DA:501,1
DA:502,1
DA:503,2
DA:504,2
DA:505,2
DA:514,8
DA:541,4
DA:543,5
DA:544,5
DA:546,5
DA:548,4
DA:549,1
DA:551,5
DA:553,5
DA:555,5
DA:556,1
DA:558,5
DA:560,5
DA:562,3
DA:563,1
DA:565,5
DA:566,5
DA:567,5
DA:570,10
DA:571,10
DA:572,10
DA:573,10
DA:574,5
DA:575,2
DA:578,7
DA:579,7
DA:580,5
DA:582,9
DA:585,9
DA:592,1
DA:610,1
DA:611,1
DA:612,2
DA:613,2
DA:614,2
DA:615,2
DA:616,2
DA:617,2
DA:618,2
DA:625,4
DA:639,1
DA:640,1
DA:641,5
DA:642,2
DA:643,3
DA:648,4
DA:677,2
DA:678,4
DA:679,2
DA:684,4
DA:685,4
DA:686,2
DA:688,6
DA:689,4
DA:690,3
DA:693,4
DA:694,12
DA:695,4
DA:696,4
DA:699,8
DA:700,4
DA:701,4
DA:702,1
DA:706,4
DA:707,8
DA:708,4
DA:709,2
DA:712,2
DA:716,4
DA:717,4
DA:718,2
DA:721,4
DA:723,2
DA:727,1
DA:728,1
DA:731,2
DA:733,4
DA:734,2
DA:737,2
DA:738,2
DA:741,2
DA:742,2
DA:745,2
DA:746,2
DA:749,4
DA:750,4
DA:753,4
DA:754,4
DA:758,2
DA:762,2
DA:763,2
DA:764,2
DA:765,2
DA:771,1
LF:228
LH:228
end_of_record
SF:lib\utils\json_parse_helpers.dart
DA:3,13
DA:5,13
DA:6,1
DA:9,14
DA:11,9
DA:12,1
DA:15,14
DA:16,14
DA:17,13
DA:21,14
DA:22,14
DA:26,5
DA:27,5
DA:28,2
DA:29,2
DA:30,2
LF:16
LH:16
end_of_record
SF:lib\utils\constants.dart
DA:85,1
DA:86,2
DA:92,0
DA:93,0
DA:94,0
DA:95,0
DA:179,4
DA:180,8
DA:184,0
DA:185,0
DA:189,0
DA:190,0
DA:206,0
DA:209,0
DA:210,0
DA:213,0
DA:214,0
DA:217,0
DA:218,0
DA:219,0
DA:222,0
DA:223,0
DA:227,0
DA:228,0
DA:235,1
DA:236,0
DA:322,64
DA:323,128
DA:331,64
DA:336,62
DA:337,62
LF:31
LH:10
end_of_record
SF:lib\screens\fotoflashback\fotoflashback_filter_preview.dart
DA:21,2
DA:110,2
DA:112,2
DA:114,8
DA:115,2
DA:116,2
DA:117,0
DA:118,0
DA:119,0
DA:120,0
DA:121,0
DA:123,0
DA:124,0
DA:126,0
DA:132,0
DA:137,2
DA:138,1
DA:139,1
DA:140,1
DA:141,1
DA:143,1
DA:144,1
DA:146,4
DA:148,2
DA:149,1
DA:150,1
DA:151,1
DA:152,1
DA:153,1
DA:154,1
DA:155,1
DA:156,1
DA:157,1
DA:158,1
DA:159,1
DA:160,1
DA:161,1
DA:163,1
DA:168,4
DA:170,2
DA:171,1
DA:172,1
DA:173,1
DA:174,1
DA:176,1
DA:177,1
DA:178,1
DA:179,1
DA:180,1
DA:182,2
DA:183,1
DA:185,1
DA:186,1
DA:189,2
DA:190,0
DA:191,0
DA:193,0
DA:194,0
DA:197,0
DA:198,0
DA:199,0
DA:201,2
DA:202,0
DA:203,0
DA:204,0
DA:205,0
DA:206,0
DA:207,0
DA:208,0
DA:213,1
DA:214,0
DA:215,0
DA:217,0
DA:218,0
DA:219,0
DA:220,0
DA:221,0
DA:224,0
DA:225,0
DA:226,0
DA:227,0
DA:228,0
DA:231,0
DA:232,0
DA:235,1
DA:242,8
DA:243,2
DA:244,2
DA:246,4
DA:247,2
DA:248,2
DA:249,2
DA:250,2
DA:252,2
DA:253,2
DA:254,2
DA:255,2
DA:256,2
DA:257,2
DA:258,2
DA:259,2
DA:260,2
DA:261,2
DA:263,2
DA:264,2
DA:265,2
DA:267,2
DA:268,2
DA:269,2
DA:270,2
DA:271,2
DA:272,2
DA:273,2
DA:275,2
DA:279,2
DA:280,2
DA:283,2
DA:285,2
DA:289,2
DA:300,2
DA:307,0
DA:324,2
DA:368,2
DA:370,2
DA:371,2
DA:372,2
DA:373,2
DA:374,2
DA:375,2
DA:377,2
DA:378,2
DA:379,2
DA:380,2
DA:383,2
DA:384,2
DA:385,2
DA:389,4
DA:390,4
DA:391,2
DA:392,2
DA:393,2
DA:395,2
DA:397,2
DA:398,4
DA:399,2
DA:400,4
DA:401,2
DA:402,6
DA:403,10
DA:412,2
DA:413,6
DA:414,2
DA:415,2
DA:416,2
DA:417,2
DA:419,2
DA:420,2
DA:422,2
DA:423,4
DA:426,2
DA:428,2
DA:429,2
DA:432,2
DA:433,0
DA:434,0
DA:435,0
DA:436,0
DA:438,0
DA:442,2
DA:443,0
DA:444,0
DA:445,0
DA:446,0
DA:447,0
DA:448,0
DA:449,0
DA:451,0
DA:458,4
DA:459,4
DA:461,2
DA:462,2
DA:464,2
DA:465,2
DA:467,4
DA:468,4
DA:469,4
DA:471,4
DA:472,0
DA:473,0
DA:474,0
DA:475,0
DA:476,0
DA:477,0
DA:478,0
DA:483,2
DA:484,0
DA:485,0
DA:487,0
DA:488,0
DA:489,0
DA:490,0
DA:491,0
DA:494,0
DA:495,0
DA:496,0
DA:497,0
DA:498,0
DA:501,0
DA:502,0
DA:512,0
DA:522,0
DA:524,0
DA:525,0
DA:526,0
DA:527,0
DA:528,0
DA:529,0
DA:530,0
DA:531,0
DA:532,0
DA:533,0
DA:534,0
DA:535,0
DA:537,0
DA:538,0
DA:539,0
DA:540,0
DA:543,0
DA:547,0
DA:549,0
DA:550,0
DA:551,0
DA:555,0
DA:556,0
DA:557,0
DA:558,0
DA:562,2
DA:583,2
DA:585,2
DA:586,2
DA:587,4
DA:588,2
DA:590,12
DA:591,12
DA:592,4
DA:594,2
DA:597,2
DA:598,2
DA:599,2
DA:601,2
DA:603,1
DA:604,8
DA:605,1
DA:606,8
DA:607,1
DA:608,4
DA:610,2
DA:618,2
DA:624,8
DA:625,4
DA:628,2
DA:629,2
DA:630,2
DA:632,1
DA:633,2
DA:634,0
DA:636,0
DA:637,0
DA:642,2
DA:643,2
DA:645,2
DA:646,2
DA:653,2
DA:655,2
DA:656,2
DA:664,1
DA:665,1
DA:666,2
DA:669,1
DA:671,1
DA:673,1
DA:680,1
DA:681,1
DA:682,2
DA:685,1
DA:687,0
DA:689,0
DA:696,1
DA:698,1
DA:699,0
DA:700,0
DA:702,0
DA:704,0
DA:706,0
DA:709,1
DA:710,0
DA:711,0
DA:713,0
DA:715,0
DA:718,1
DA:719,0
DA:720,0
DA:722,0
DA:724,0
DA:727,1
DA:728,0
DA:729,0
DA:731,0
DA:733,0
DA:742,0
DA:749,0
DA:752,0
DA:754,0
DA:755,0
DA:763,0
DA:764,0
DA:767,0
DA:773,1
DA:781,1
DA:783,1
DA:784,1
DA:785,1
DA:786,1
DA:787,3
DA:794,1
DA:798,1
DA:799,1
DA:800,2
DA:801,3
DA:802,2
DA:803,3
DA:804,2
DA:805,3
DA:806,2
DA:807,3
DA:808,1
DA:811,1
DA:813,2
DA:814,2
DA:815,2
DA:816,1
DA:817,2
DA:818,1
DA:820,3
DA:821,1
DA:822,1
DA:823,1
DA:824,3
DA:825,4
DA:826,1
DA:827,1
DA:828,1
DA:829,1
DA:830,3
DA:834,0
DA:836,0
DA:841,2
DA:842,4
DA:845,2
DA:846,2
DA:847,6
DA:848,2
DA:852,2
DA:853,2
DA:854,2
DA:856,2
DA:857,2
DA:863,2
DA:870,4
DA:872,2
DA:874,2
DA:889,2
DA:901,2
DA:902,2
DA:908,2
DA:910,2
DA:911,2
DA:914,0
DA:916,0
DA:917,0
DA:918,0
DA:919,0
DA:923,2
DA:924,12
DA:927,2
DA:929,2
DA:930,0
DA:931,2
DA:933,4
DA:938,4
DA:939,0
DA:953,0
DA:964,1
DA:998,1
DA:999,2
DA:1003,1
DA:1005,2
DA:1006,1
DA:1007,1
DA:1008,1
DA:1010,4
DA:1012,0
DA:1013,1
DA:1014,1
DA:1015,1
DA:1019,1
DA:1021,1
DA:1022,2
DA:1026,1
DA:1027,3
DA:1028,1
DA:1029,1
DA:1030,1
DA:1031,1
DA:1033,1
DA:1034,1
DA:1035,1
DA:1036,1
DA:1042,2
DA:1043,0
DA:1044,0
DA:1046,2
DA:1047,0
DA:1048,0
DA:1050,0
DA:1051,0
DA:1052,0
DA:1054,0
DA:1055,0
DA:1056,0
DA:1058,2
DA:1059,0
DA:1060,0
DA:1061,0
DA:1062,0
DA:1063,0
DA:1064,0
DA:1065,0
DA:1070,1
DA:1071,0
DA:1072,0
DA:1074,0
DA:1075,0
DA:1076,0
DA:1077,0
DA:1078,0
DA:1081,0
DA:1082,0
DA:1083,0
DA:1084,0
DA:1085,0
DA:1088,0
DA:1089,0
DA:1099,0
DA:1103,0
DA:1105,0
DA:1106,0
DA:1107,0
DA:1108,0
DA:1109,0
DA:1110,0
DA:1113,0
DA:1114,0
DA:1115,0
DA:1116,0
DA:1117,0
DA:1118,0
DA:1119,0
DA:1121,0
DA:1127,0
DA:1128,0
DA:1129,0
DA:1130,0
DA:1132,0
DA:1141,0
DA:1143,0
LF:476
LH:282
end_of_record
SF:lib\utils\strip_look_color_matrices.dart
DA:4,3
DA:6,3
DA:13,3
DA:20,3
DA:27,3
DA:34,3
DA:41,3
DA:48,3
DA:55,3
DA:74,1
DA:75,1
DA:76,2
DA:77,1
DA:84,3
DA:85,2
DA:86,3
LF:16
LH:16
end_of_record
SF:lib\utils\strip_photo_cell_layout.dart
DA:8,3
DA:20,12
DA:24,6
DA:27,3
DA:28,3
DA:29,2
DA:37,3
DA:43,3
DA:44,2
DA:46,3
DA:49,3
DA:54,6
DA:55,6
DA:56,9
DA:57,3
DA:58,6
DA:59,3
DA:61,6
DA:68,2
DA:73,2
DA:74,4
DA:75,4
DA:76,4
DA:77,4
DA:79,8
DA:80,2
DA:81,4
DA:82,2
DA:84,6
DA:92,3
DA:97,3
DA:98,2
DA:100,6
LF:33
LH:33
end_of_record
SF:lib\views\widgets\cached_network_image.dart
DA:25,2
DA:38,2
DA:39,2
DA:49,2
DA:51,2
DA:52,2
DA:55,0
DA:57,0
DA:58,0
DA:59,0
DA:63,2
DA:64,2
DA:66,4
DA:67,2
DA:68,2
DA:69,2
DA:70,2
DA:74,6
DA:75,2
DA:77,2
DA:78,0
DA:81,0
DA:82,0
DA:83,0
DA:84,0
DA:91,0
DA:95,4
DA:96,0
DA:100,0
DA:101,0
DA:103,0
DA:104,0
DA:105,0
DA:106,0
DA:108,0
DA:109,0
DA:110,0
DA:114,0
DA:118,0
DA:119,0
DA:120,0
DA:123,0
DA:125,0
DA:126,0
DA:127,0
DA:128,0
DA:129,0
DA:134,0
DA:135,0
DA:136,0
DA:137,0
DA:138,0
DA:139,0
DA:140,0
DA:144,0
DA:145,0
DA:146,0
DA:152,1
DA:153,2
DA:161,1
DA:162,1
DA:164,2
DA:165,2
DA:166,2
DA:167,2
DA:168,2
DA:169,2
DA:172,1
DA:174,0
DA:176,2
DA:180,2
DA:183,8
DA:184,6
DA:185,2
DA:188,1
DA:189,0
DA:192,1
DA:194,0
DA:196,0
DA:197,0
DA:198,0
DA:199,0
DA:200,0
DA:201,0
DA:202,0
DA:203,0
DA:207,1
DA:208,0
DA:209,0
DA:210,0
DA:212,0
DA:213,0
DA:214,0
DA:215,0
DA:216,0
DA:217,0
DA:220,0
DA:221,0
DA:226,1
LF:99
LH:37
end_of_record
SF:lib\screens\fotoflashback\fotoflashback_look_picker_layout.dart
DA:20,1
DA:21,1
DA:31,3
DA:35,6
DA:36,6
DA:42,9
DA:43,6
LF:7
LH:7
end_of_record
SF:lib\screens\fotoflashback\fotoflashback_sheet_layout_view_widgets.dart
DA:14,1
DA:33,1
DA:35,1
DA:43,1
DA:45,1
DA:46,1
DA:49,1
DA:51,1
DA:52,1
DA:55,1
DA:56,3
DA:57,0
DA:58,0
DA:59,0
DA:62,4
DA:63,2
DA:64,1
DA:65,3
DA:68,0
DA:69,0
DA:70,0
DA:71,0
DA:76,1
DA:78,2
DA:79,2
DA:80,2
DA:81,1
DA:83,2
DA:85,2
DA:86,1
DA:88,2
DA:90,1
DA:91,1
DA:93,2
DA:97,1
DA:98,4
DA:99,2
DA:100,2
DA:101,1
DA:103,1
DA:105,1
DA:109,3
DA:118,1
DA:126,1
DA:128,5
DA:129,2
DA:130,2
DA:132,3
DA:133,1
DA:134,1
DA:137,1
DA:138,1
DA:142,1
DA:155,1
DA:161,1
DA:170,1
DA:174,1
DA:184,1
DA:186,1
DA:187,1
DA:188,1
DA:189,1
DA:190,3
DA:191,3
DA:193,1
DA:195,1
DA:196,1
DA:197,2
DA:198,1
DA:199,4
DA:200,4
DA:201,1
DA:202,5
DA:203,1
DA:204,5
DA:207,1
DA:220,1
DA:232,1
DA:234,3
DA:235,3
DA:236,1
DA:237,1
DA:238,1
DA:239,1
DA:241,3
DA:247,1
DA:257,1
DA:259,1
DA:260,1
DA:261,1
DA:262,1
DA:263,3
DA:264,3
DA:265,3
DA:266,3
DA:267,3
DA:268,4
DA:269,2
DA:271,1
DA:272,1
DA:275,1
DA:276,5
DA:277,1
DA:283,1
DA:285,1
DA:286,1
DA:287,1
DA:290,1
DA:292,1
DA:294,1
DA:297,1
DA:298,1
DA:299,2
DA:300,1
DA:302,2
DA:308,1
DA:309,2
DA:310,1
DA:312,2
DA:322,1
DA:323,1
DA:324,1
DA:325,1
DA:326,1
DA:327,1
DA:328,1
DA:329,1
DA:330,1
DA:331,1
DA:334,1
DA:335,1
DA:336,1
DA:337,1
DA:338,1
DA:339,1
DA:346,1
DA:356,1
DA:366,1
DA:368,1
DA:369,1
DA:370,1
DA:371,1
DA:373,1
DA:374,3
DA:375,1
DA:376,1
DA:377,1
DA:378,1
DA:379,1
DA:380,1
DA:381,5
DA:382,1
DA:388,1
DA:390,1
DA:391,1
DA:392,1
DA:395,7
DA:396,1
DA:399,1
DA:401,3
DA:406,1
DA:407,1
DA:408,1
DA:409,1
DA:410,1
DA:411,1
DA:412,1
DA:413,4
DA:414,3
DA:415,1
DA:416,2
DA:418,1
DA:420,3
DA:442,1
DA:443,1
DA:444,3
DA:445,1
LF:177
LH:170
end_of_record
SF:lib\screens\fotoflashback\fotoflashback_strip_chrome_view_widgets.dart
DA:7,5
DA:39,2
DA:48,2
DA:49,2
DA:57,2
DA:67,2
DA:77,2
DA:90,2
DA:92,4
DA:93,1
DA:94,1
DA:95,1
DA:96,1
DA:100,4
DA:101,3
DA:105,5
DA:106,3
DA:107,1
DA:108,1
DA:109,2
DA:110,1
DA:111,1
DA:112,1
DA:114,4
DA:115,1
DA:116,1
DA:117,1
DA:118,1
DA:119,1
DA:120,2
DA:121,4
DA:135,1
DA:145,1
DA:147,2
DA:148,2
DA:149,2
DA:150,2
DA:151,2
DA:152,4
DA:153,8
DA:154,1
DA:155,8
DA:156,1
DA:157,1
DA:160,1
DA:163,1
DA:164,1
DA:167,1
DA:172,1
DA:173,1
DA:179,1
DA:184,1
DA:186,1
DA:187,1
DA:188,1
DA:189,1
DA:191,5
LF:57
LH:57
end_of_record
SF:lib\services\client_identification.dart
DA:9,0
DA:23,1
DA:24,3
DA:25,1
DA:26,2
DA:27,2
DA:28,2
DA:29,2
DA:30,1
DA:31,2
DA:33,1
DA:34,2
DA:35,2
DA:36,2
DA:37,1
DA:40,1
DA:41,1
DA:42,1
DA:43,1
DA:44,4
DA:45,2
DA:46,2
DA:47,2
DA:48,2
DA:49,1
DA:53,0
DA:55,0
DA:56,0
DA:58,0
DA:63,2
DA:66,2
DA:68,2
DA:69,2
DA:71,2
DA:73,0
DA:75,0
DA:77,0
DA:79,0
DA:85,1
DA:86,1
DA:90,1
DA:93,1
DA:94,0
DA:96,0
DA:97,0
DA:98,0
DA:99,0
DA:100,0
DA:101,0
DA:106,1
DA:107,1
DA:109,1
DA:115,34
DA:116,34
DA:119,33
DA:120,33
DA:121,66
LF:57
LH:41
end_of_record
SF:lib\services\dio_web_config_stub.dart
DA:7,31
LF:1
LH:1
end_of_record
SF:lib\services\image_cache_service.dart
DA:16,9
DA:17,6
DA:18,3
DA:25,2
DA:26,2
DA:28,2
DA:29,0
DA:31,0
DA:32,0
DA:38,2
DA:39,2
DA:42,0
DA:43,0
DA:49,0
DA:51,0
DA:54,0
DA:56,0
DA:58,0
DA:62,2
DA:64,2
DA:65,0
DA:68,0
DA:69,0
DA:70,0
DA:72,0
DA:78,0
DA:84,2
DA:86,2
DA:88,0
DA:89,0
DA:94,0
DA:100,0
DA:103,0
DA:108,0
DA:109,0
DA:111,0
DA:113,0
DA:114,0
DA:115,0
DA:121,0
DA:122,0
DA:124,0
DA:126,0
DA:127,0
DA:130,0
DA:131,0
DA:133,0
DA:135,0
DA:138,0
DA:140,0
DA:143,0
DA:144,0
DA:154,0
DA:156,0
DA:162,0
DA:166,0
DA:168,0
DA:171,0
DA:173,0
DA:174,0
DA:175,0
DA:176,0
DA:177,0
DA:182,0
DA:184,0
DA:186,0
DA:190,0
DA:191,0
DA:194,0
DA:195,0
DA:196,0
DA:197,0
DA:202,0
DA:205,0
DA:208,0
DA:217,0
DA:226,0
DA:228,0
DA:230,0
DA:231,0
DA:232,0
DA:233,0
DA:236,0
DA:245,0
DA:247,0
DA:249,0
DA:252,0
DA:253,0
DA:254,0
DA:255,0
DA:261,0
LF:91
LH:12
end_of_record
SF:lib\utils\logger.dart
DA:24,6
DA:25,3
DA:27,1
DA:28,2
DA:30,61
DA:39,183
DA:40,122
DA:41,61
DA:42,61
DA:46,3
DA:54,61
DA:57,61
DA:63,3
DA:69,6
DA:70,0
DA:71,0
DA:74,9
DA:76,2
DA:78,4
DA:82,49
DA:83,49
DA:86,12
DA:87,12
DA:90,19
DA:91,19
DA:94,15
DA:100,15
DA:102,10
LF:28
LH:26
end_of_record
SF:lib\services\protected_image_loader.dart
DA:18,2
DA:20,6
DA:22,6
DA:24,2
DA:25,2
DA:26,2
DA:29,4
DA:30,2
DA:34,2
DA:35,2
DA:40,5
DA:42,10
DA:43,10
DA:50,2
DA:51,4
DA:55,1
DA:56,2
DA:57,0
DA:58,0
DA:60,0
DA:63,0
DA:64,0
DA:65,0
DA:69,0
DA:70,0
DA:71,0
DA:75,0
DA:79,2
DA:80,4
DA:81,2
DA:82,2
DA:84,2
DA:86,6
DA:89,1
DA:90,1
DA:91,0
DA:92,0
LF:37
LH:25
end_of_record
SF:lib\services\image_cache_source.dart
DA:7,1
DA:8,1
DA:11,1
DA:12,1
DA:15,1
DA:19,1
DA:20,1
DA:21,4
DA:24,2
DA:26,1
DA:33,1
DA:34,1
LF:12
LH:12
end_of_record
SF:lib\utils\app_strings.dart
DA:258,2
DA:259,2
DA:261,3
DA:262,3
DA:264,2
DA:265,2
DA:267,2
DA:268,2
DA:331,1
DA:332,1
DA:500,1
DA:501,1
DA:502,1
DA:503,1
DA:506,1
DA:526,1
DA:527,1
DA:529,2
DA:530,2
DA:539,2
DA:548,2
DA:549,2
DA:553,2
DA:555,2
DA:557,2
DA:591,1
DA:592,1
DA:604,2
DA:605,1
DA:606,2
DA:622,2
DA:634,1
DA:635,2
DA:640,4
DA:649,2
DA:653,2
DA:679,1
DA:680,1
DA:681,2
DA:682,2
DA:690,1
DA:691,2
DA:692,1
DA:693,2
LF:44
LH:44
end_of_record
SF:lib\utils\app_config.dart
DA:40,30
DA:41,30
DA:44,30
DA:46,30
DA:47,30
DA:48,2
LF:6
LH:6
end_of_record
SF:lib\utils\secure_image_url.dart
DA:19,7
DA:20,12
DA:24,7
DA:25,7
DA:26,7
DA:27,7
DA:28,14
DA:32,7
DA:33,7
DA:34,7
DA:35,7
DA:38,15
DA:40,15
DA:44,12
DA:46,0
DA:47,0
DA:48,0
DA:49,0
DA:50,0
DA:51,0
DA:53,0
DA:54,0
DA:55,0
DA:56,0
DA:58,0
DA:61,18
DA:62,18
DA:63,36
DA:64,10
DA:66,15
DA:67,29
DA:68,2
DA:72,32
DA:78,10
DA:85,19
DA:86,17
DA:87,3
DA:88,3
DA:89,7
DA:90,0
DA:91,0
DA:92,0
DA:98,12
DA:102,7
DA:107,14
DA:109,10
DA:110,5
DA:111,0
DA:113,10
DA:114,5
DA:116,6
DA:117,3
DA:119,6
DA:120,3
DA:123,8
DA:126,1
DA:127,1
DA:128,1
DA:130,10
DA:135,1
DA:136,1
DA:141,1
DA:142,1
DA:143,3
DA:144,2
DA:147,1
DA:148,1
DA:149,0
DA:150,0
DA:156,0
DA:157,0
DA:158,0
DA:159,0
DA:163,1
DA:164,1
DA:165,0
DA:166,0
DA:172,0
DA:173,0
DA:174,0
DA:175,0
LF:81
LH:54
end_of_record
SF:lib\services\kiosk_session_auth.dart
DA:15,27
DA:16,27
DA:22,27
DA:23,27
DA:24,30
DA:29,5
DA:30,10
DA:31,5
DA:34,5
DA:37,5
DA:38,5
DA:39,5
DA:40,5
DA:41,5
DA:42,5
DA:53,6
DA:54,12
DA:55,6
DA:56,5
DA:61,30
DA:62,29
DA:66,6
DA:68,18
DA:69,3
DA:72,10
DA:73,1
DA:74,2
DA:76,5
DA:80,29
DA:81,58
DA:82,29
LF:31
LH:31
end_of_record
SF:lib\services\staff_session_manager.dart
DA:8,0
DA:18,1
DA:19,1
DA:21,0
DA:22,0
DA:25,0
DA:29,0
DA:30,0
DA:31,0
DA:34,0
DA:37,0
DA:38,0
DA:41,0
DA:46,0
DA:47,0
DA:48,0
DA:50,0
DA:51,0
DA:54,0
DA:55,0
DA:56,0
DA:57,0
LF:22
LH:2
end_of_record
SF:lib\services\session_manager.dart
DA:37,27
DA:57,5
DA:63,5
DA:64,5
DA:65,5
DA:66,5
DA:67,5
DA:68,5
DA:69,5
DA:70,5
DA:71,5
DA:72,5
DA:73,5
DA:74,5
DA:75,5
DA:76,5
DA:77,5
DA:78,5
DA:79,2
DA:80,0
DA:85,2
DA:87,25
DA:88,25
DA:89,50
DA:90,50
DA:91,75
DA:92,50
DA:93,50
DA:94,50
DA:95,50
DA:96,75
DA:97,50
DA:98,50
DA:99,50
DA:100,50
DA:101,50
DA:102,50
DA:103,27
DA:104,31
DA:105,35
DA:109,27
DA:110,55
DA:111,1
DA:112,27
DA:113,27
DA:115,0
DA:116,0
DA:121,27
DA:122,27
DA:123,27
DA:124,27
DA:128,27
DA:129,27
DA:130,81
DA:131,2
DA:134,27
DA:135,27
DA:136,81
DA:137,0
DA:139,27
DA:142,27
DA:143,27
DA:144,27
DA:145,27
DA:146,27
DA:147,27
DA:148,27
DA:149,27
DA:150,27
DA:151,27
DA:152,27
DA:153,27
DA:154,27
DA:155,27
DA:156,27
DA:157,27
DA:158,27
DA:159,27
DA:160,27
DA:168,51
DA:171,153
DA:177,102
DA:183,40
DA:184,40
DA:186,26
DA:187,78
DA:188,1
DA:189,1
DA:190,2
DA:191,0
DA:192,0
DA:201,72
DA:204,28
DA:207,24
DA:209,7
DA:210,16
DA:211,10
DA:214,8
DA:217,2
DA:218,2
DA:220,2
DA:221,2
DA:222,4
DA:225,27
DA:226,27
DA:227,25
DA:229,21
DA:232,50
DA:233,50
DA:236,23
DA:237,23
DA:238,20
DA:239,40
DA:240,40
DA:241,20
DA:245,0
DA:246,0
DA:247,0
DA:248,0
DA:249,0
DA:250,0
DA:254,27
DA:259,54
DA:260,27
DA:261,32
DA:262,3
DA:264,27
DA:265,32
DA:266,0
DA:268,27
DA:269,32
DA:270,3
DA:272,54
DA:273,108
DA:274,54
DA:275,27
DA:279,3
DA:280,3
DA:281,3
DA:282,3
DA:283,6
DA:285,3
DA:287,6
DA:288,3
DA:291,4
DA:292,4
DA:294,6
DA:295,4
DA:296,2
DA:300,23
DA:301,23
DA:311,3
DA:312,3
DA:313,3
DA:314,3
DA:315,3
DA:316,3
DA:322,1
DA:324,1
DA:325,1
DA:326,2
DA:327,1
DA:328,1
DA:329,0
DA:332,2
DA:333,1
DA:336,1
DA:337,0
DA:341,1
DA:342,3
DA:343,1
DA:347,0
DA:348,0
DA:352,0
LF:174
LH:156
end_of_record
SF:lib\models\event_info_model.dart
DA:10,3
DA:20,3
DA:21,3
DA:22,3
DA:23,2
DA:25,3
DA:26,6
DA:27,6
DA:28,5
DA:29,8
DA:30,12
DA:31,8
DA:32,8
DA:36,25
DA:38,3
DA:39,3
DA:40,3
DA:41,4
LF:18
LH:18
end_of_record
SF:lib\models\generation_timing_stats.dart
DA:3,4
DA:34,1
DA:35,1
DA:36,1
DA:37,3
DA:41,1
DA:42,2
DA:43,2
DA:45,2
DA:46,2
DA:47,1
DA:48,1
DA:49,1
DA:50,2
LF:14
LH:14
end_of_record
SF:lib\models\kiosk_frame_model.dart
DA:9,3
DA:17,3
DA:18,3
DA:19,3
DA:20,3
DA:21,3
DA:22,3
DA:23,3
DA:24,3
DA:25,6
DA:26,6
DA:30,3
DA:32,1
DA:33,2
DA:34,1
DA:35,1
LF:16
LH:16
end_of_record
SF:lib\models\kiosk_info_model.dart
DA:20,5
DA:33,5
DA:34,5
DA:36,5
DA:42,5
DA:43,5
DA:44,5
DA:45,7
DA:50,9
DA:52,5
DA:54,5
DA:55,10
DA:56,10
DA:57,6
DA:58,5
DA:59,5
DA:62,10
DA:63,10
DA:64,10
DA:69,5
DA:71,2
DA:72,1
DA:73,1
DA:74,2
DA:75,1
DA:76,4
DA:77,4
DA:80,1
DA:83,25
LF:29
LH:29
end_of_record
SF:lib\models\parallel_generation_result.dart
DA:3,5
DA:24,3
DA:25,5
DA:26,2
DA:32,2
DA:33,5
DA:34,3
DA:35,5
DA:36,2
DA:37,1
DA:38,4
DA:39,2
DA:40,1
DA:43,0
LF:14
LH:13
end_of_record
SF:lib\models\payment_initiate_result.dart
DA:5,7
DA:26,6
DA:28,6
DA:29,6
DA:30,6
DA:32,0
DA:33,0
DA:37,6
DA:38,12
DA:39,12
DA:47,6
DA:48,6
DA:50,6
DA:51,6
DA:52,2
DA:53,4
DA:55,6
DA:56,0
DA:57,0
DA:58,0
DA:63,12
DA:64,12
DA:66,6
DA:67,6
DA:72,6
DA:73,6
DA:74,6
DA:75,6
DA:76,6
DA:88,6
DA:102,6
DA:110,6
DA:111,6
DA:112,6
LF:34
LH:29
end_of_record
SF:lib\models\payment_mode.dart
DA:8,1
DA:10,1
DA:12,1
DA:14,1
DA:20,2
DA:29,8
DA:30,16
DA:31,8
DA:33,3
DA:35,2
DA:37,1
DA:38,1
DA:39,1
DA:47,1
DA:49,1
LF:15
LH:15
end_of_record
SF:lib\models\preprocess_image_result.dart
DA:7,4
DA:13,1
DA:15,1
DA:16,2
DA:18,2
DA:19,1
DA:23,1
DA:24,1
DA:25,1
DA:28,1
DA:29,2
LF:11
LH:11
end_of_record
SF:lib\screens\fotoflashback\fotoflashback_capture_viewmodel.dart
DA:10,1
DA:15,3
DA:16,3
DA:17,4
DA:18,5
DA:20,1
DA:21,1
DA:22,3
DA:23,1
DA:26,1
DA:27,2
DA:28,2
DA:29,1
DA:32,1
DA:33,2
DA:34,2
DA:35,1
LF:17
LH:17
end_of_record
SF:lib\screens\photo_capture\photo_model.dart
DA:12,12
DA:20,1
DA:27,1
DA:28,1
DA:29,1
DA:30,1
DA:31,0
DA:32,1
DA:36,0
DA:37,0
DA:38,0
DA:39,0
DA:40,0
DA:41,0
DA:42,0
DA:46,3
DA:47,6
DA:48,6
DA:49,3
DA:50,6
DA:51,3
DA:53,3
DA:54,0
DA:55,6
DA:56,6
LF:25
LH:16
end_of_record
SF:lib\screens\theme_selection\theme_model.dart
DA:28,24
DA:49,2
DA:52,5
DA:53,11
DA:54,5
DA:58,7
DA:59,7
DA:60,7
DA:61,7
DA:64,0
DA:65,0
DA:66,0
DA:67,0
DA:68,0
DA:69,0
DA:70,0
DA:71,0
DA:72,0
DA:73,0
DA:74,0
DA:75,0
DA:76,0
DA:77,0
DA:78,0
DA:79,0
DA:80,0
DA:81,0
DA:82,0
DA:83,0
DA:84,0
DA:88,7
DA:91,14
DA:92,10
DA:93,10
DA:94,10
DA:95,10
DA:97,7
DA:98,14
DA:99,7
DA:100,8
DA:102,14
DA:103,14
DA:104,14
DA:105,7
DA:106,7
DA:108,14
DA:110,14
DA:111,14
DA:112,14
DA:113,14
DA:115,14
DA:117,14
DA:118,14
DA:119,14
DA:120,14
DA:124,1
DA:127,4
DA:130,0
DA:131,0
DA:136,7
DA:137,7
DA:138,7
DA:139,7
DA:140,7
DA:141,7
DA:142,7
DA:143,7
DA:144,7
DA:145,7
DA:146,7
DA:147,7
DA:148,7
DA:149,7
DA:150,7
DA:151,7
DA:152,7
DA:153,7
DA:173,7
DA:174,7
DA:175,7
DA:176,7
DA:177,7
DA:178,7
DA:179,7
DA:180,7
DA:181,7
DA:182,7
DA:183,7
DA:184,7
DA:185,7
DA:186,7
DA:187,7
DA:188,7
DA:189,7
DA:190,7
DA:191,7
LF:96
LH:73
end_of_record
SF:lib\screens\fotoflashback\fotoflashback_filter_viewmodel.dart
DA:29,1
DA:31,2
DA:45,3
DA:46,1
DA:47,2
DA:48,3
DA:49,1
DA:50,2
DA:51,3
DA:52,1
DA:54,2
DA:55,2
DA:60,2
DA:61,3
DA:62,1
DA:63,2
DA:64,2
DA:66,5
DA:69,1
DA:72,2
DA:73,2
DA:127,2
DA:131,1
DA:132,2
DA:134,3
DA:137,6
DA:140,1
DA:141,4
DA:145,1
DA:150,1
DA:151,1
DA:152,3
DA:153,2
DA:154,1
DA:155,3
DA:159,1
DA:162,1
DA:165,1
DA:166,2
DA:169,6
DA:171,4
DA:175,2
DA:176,2
DA:177,8
DA:178,8
DA:180,1
DA:181,2
DA:183,2
DA:186,2
DA:188,2
DA:192,2
DA:193,2
DA:196,2
DA:198,4
DA:201,6
DA:204,2
DA:205,4
DA:206,2
DA:208,4
DA:209,1
DA:211,6
DA:212,4
DA:213,2
DA:214,4
DA:217,1
DA:218,1
DA:219,2
DA:220,1
DA:221,2
DA:222,1
DA:223,1
DA:226,1
DA:227,2
DA:228,3
DA:234,2
DA:236,1
DA:237,2
DA:239,1
DA:240,1
DA:241,1
DA:242,2
DA:244,2
DA:245,1
DA:246,1
DA:247,1
DA:248,1
DA:249,1
DA:254,2
DA:255,2
DA:256,2
DA:257,1
DA:258,4
DA:260,2
DA:262,2
DA:263,2
DA:266,1
DA:267,1
DA:268,4
DA:269,5
DA:270,1
DA:271,3
DA:272,1
DA:273,1
DA:274,1
DA:275,1
DA:276,1
DA:278,1
DA:283,1
DA:284,1
DA:285,3
DA:288,1
DA:289,3
DA:291,2
DA:292,2
DA:293,4
DA:294,4
DA:297,6
DA:299,1
DA:300,2
DA:301,3
DA:311,1
DA:312,1
DA:313,1
DA:315,2
DA:316,2
DA:317,2
DA:318,1
DA:319,1
DA:320,1
DA:322,1
DA:323,2
DA:324,2
DA:325,2
DA:326,1
DA:327,1
DA:329,1
DA:331,2
DA:332,1
DA:333,1
DA:335,1
DA:336,1
DA:338,2
DA:339,1
DA:340,1
DA:341,1
DA:342,2
DA:343,4
DA:344,1
DA:347,1
DA:352,1
DA:357,1
DA:359,2
DA:360,1
DA:361,1
DA:367,1
DA:368,2
DA:369,2
DA:370,1
DA:371,1
DA:372,2
DA:373,2
DA:374,1
DA:375,1
DA:376,1
DA:377,1
DA:378,2
DA:379,1
DA:380,1
DA:383,2
DA:384,4
DA:385,2
DA:386,2
DA:387,2
DA:389,4
DA:391,1
DA:392,2
DA:393,1
DA:394,1
DA:398,4
DA:399,6
DA:400,1
DA:401,1
DA:404,2
DA:405,2
DA:408,4
DA:409,3
DA:410,4
DA:411,1
DA:415,2
DA:421,1
DA:422,2
DA:423,1
DA:424,1
DA:425,1
DA:426,1
DA:429,2
DA:431,4
DA:432,4
DA:433,2
DA:434,4
DA:435,12
DA:436,8
DA:438,4
DA:439,6
DA:440,3
DA:441,4
DA:443,4
DA:444,6
DA:445,2
DA:446,1
DA:448,2
DA:449,1
DA:450,2
DA:451,2
DA:452,2
DA:454,2
DA:455,2
DA:456,2
DA:462,1
DA:463,1
DA:464,1
DA:465,3
DA:466,3
DA:469,1
DA:472,3
DA:473,1
DA:475,1
DA:476,1
DA:480,1
DA:481,1
DA:487,1
DA:488,1
DA:489,1
DA:490,1
DA:491,2
DA:493,2
DA:494,1
DA:495,1
DA:498,1
DA:499,1
DA:500,1
DA:501,1
DA:503,1
DA:505,2
DA:511,4
DA:512,5
DA:515,1
DA:516,1
DA:517,1
DA:520,1
DA:521,1
DA:522,5
DA:523,3
DA:524,1
DA:526,1
DA:528,1
DA:533,1
DA:535,2
DA:538,1
DA:539,1
DA:541,1
DA:542,1
DA:543,1
DA:549,1
DA:550,1
DA:552,1
DA:555,2
DA:557,3
DA:559,7
DA:560,5
DA:564,1
DA:565,3
DA:566,2
DA:567,1
DA:569,1
DA:570,2
DA:576,1
DA:577,1
DA:578,5
DA:583,2
DA:585,1
DA:588,3
DA:590,1
DA:597,1
DA:598,3
DA:599,6
DA:600,2
DA:601,1
DA:602,1
DA:608,1
DA:609,3
DA:610,1
DA:611,2
DA:612,2
DA:614,3
DA:615,1
DA:617,2
DA:618,1
DA:619,1
DA:623,1
DA:624,2
DA:626,2
DA:627,2
DA:632,2
DA:633,2
DA:634,3
DA:639,2
DA:640,1
DA:641,1
DA:646,2
DA:647,4
DA:648,1
DA:649,1
DA:651,1
DA:654,1
DA:655,1
DA:656,2
DA:657,2
DA:658,1
DA:659,1
DA:661,1
DA:662,2
DA:663,2
DA:664,1
DA:665,1
DA:666,1
DA:668,1
DA:669,1
DA:673,1
DA:674,2
DA:675,1
DA:678,1
DA:682,1
DA:683,1
DA:685,3
DA:686,1
DA:688,1
DA:689,1
DA:690,1
DA:692,7
DA:693,2
DA:694,1
DA:695,1
DA:696,1
DA:697,2
DA:698,2
DA:699,1
DA:700,2
DA:707,1
DA:708,1
DA:709,1
DA:712,1
DA:713,5
DA:714,1
DA:715,1
DA:716,1
DA:717,2
DA:718,2
DA:719,3
DA:720,1
DA:721,1
DA:724,1
DA:725,2
DA:726,5
DA:727,3
DA:728,1
DA:729,5
DA:730,1
DA:731,1
DA:734,1
DA:735,4
DA:738,2
DA:739,1
DA:740,1
DA:741,1
DA:744,1
DA:745,2
DA:747,1
DA:748,1
DA:750,1
DA:751,1
DA:754,1
DA:755,1
DA:756,1
DA:757,2
DA:758,1
DA:759,1
DA:762,1
DA:763,4
DA:764,2
DA:765,3
DA:767,1
DA:770,1
DA:771,1
DA:772,2
DA:773,1
DA:774,1
DA:775,1
DA:776,4
DA:777,2
DA:778,1
DA:781,1
DA:782,1
DA:783,1
DA:784,1
DA:787,1
DA:788,1
DA:789,1
DA:790,1
DA:793,2
DA:794,2
DA:795,1
DA:796,1
DA:799,1
DA:800,2
DA:801,2
DA:802,1
DA:803,1
DA:804,1
DA:807,1
DA:808,1
DA:810,2
DA:811,2
DA:812,2
DA:813,2
DA:814,3
DA:815,2
DA:816,1
DA:817,1
DA:818,1
DA:819,1
DA:825,2
DA:826,2
DA:827,2
DA:830,1
DA:833,6
DA:834,2
DA:835,2
DA:836,2
DA:840,3
DA:841,2
DA:842,1
DA:843,1
DA:846,2
DA:848,1
DA:849,1
DA:853,2
DA:854,6
DA:856,2
DA:857,2
DA:858,2
DA:859,4
DA:860,2
DA:861,2
DA:862,2
DA:866,1
DA:867,2
DA:868,2
DA:869,1
DA:871,2
DA:872,1
DA:873,1
DA:874,1
DA:875,1
DA:881,2
DA:882,2
DA:883,2
DA:885,2
DA:886,2
DA:887,4
DA:890,1
DA:892,2
DA:894,2
DA:895,4
DA:896,2
DA:899,4
DA:900,2
DA:901,3
DA:903,2
DA:906,2
DA:908,6
DA:911,2
DA:912,2
DA:913,2
DA:914,2
DA:915,4
DA:916,2
DA:917,2
DA:919,2
DA:920,8
DA:921,2
DA:922,2
DA:926,2
DA:927,1
DA:932,1
DA:934,2
DA:935,4
DA:938,1
DA:943,1
DA:946,2
DA:947,2
DA:951,2
DA:952,2
DA:953,8
DA:954,2
DA:955,2
DA:956,8
DA:957,2
DA:958,2
DA:959,2
DA:960,5
DA:961,2
DA:962,2
DA:963,2
DA:964,2
DA:965,4
DA:969,4
DA:970,2
DA:973,2
DA:977,2
DA:980,2
DA:981,2
DA:982,2
DA:984,2
DA:987,2
DA:992,3
DA:993,2
DA:999,1
DA:1000,2
DA:1001,3
DA:1002,1
DA:1004,1
DA:1005,2
DA:1006,4
DA:1010,2
DA:1011,1
DA:1012,1
DA:1013,1
DA:1014,2
DA:1015,1
DA:1017,1
DA:1018,3
DA:1019,1
DA:1020,2
DA:1021,1
DA:1022,1
DA:1023,1
DA:1027,2
DA:1028,2
DA:1029,1
DA:1031,2
DA:1032,1
DA:1033,1
DA:1038,2
DA:1041,2
DA:1042,2
DA:1043,2
DA:1045,2
DA:1046,4
DA:1047,2
DA:1049,2
DA:1050,2
DA:1051,2
DA:1055,4
DA:1058,2
DA:1059,2
DA:1061,2
DA:1062,2
DA:1063,2
DA:1064,2
DA:1065,2
DA:1069,1
DA:1071,1
DA:1072,1
DA:1076,1
DA:1077,2
DA:1079,2
DA:1080,1
DA:1081,1
DA:1084,1
DA:1085,3
DA:1086,2
DA:1090,1
DA:1091,2
DA:1092,1
DA:1094,2
DA:1095,2
DA:1097,3
DA:1098,1
DA:1099,1
DA:1102,2
DA:1104,2
DA:1105,2
DA:1108,3
DA:1109,2
DA:1113,1
DA:1114,1
DA:1115,2
DA:1117,3
DA:1118,1
DA:1121,4
DA:1127,1
DA:1128,2
DA:1129,2
DA:1134,2
DA:1135,2
DA:1138,1
DA:1139,1
DA:1140,2
DA:1141,1
DA:1142,1
DA:1143,1
DA:1144,1
DA:1145,4
DA:1146,5
DA:1147,1
DA:1148,1
DA:1149,3
DA:1150,3
DA:1155,2
DA:1160,4
DA:1161,2
DA:1162,2
LF:623
LH:623
end_of_record
SF:lib\services\api_service.dart
DA:46,43
DA:47,69
DA:48,69
DA:49,129
DA:56,3
DA:62,6
DA:63,3
DA:64,3
DA:65,1
DA:67,3
DA:68,1
DA:72,2
DA:73,2
DA:74,2
DA:75,1
DA:76,1
DA:79,4
DA:82,2
DA:84,0
DA:87,2
DA:88,2
DA:89,2
DA:93,1
DA:94,1
DA:102,0
DA:107,0
DA:108,0
DA:109,0
DA:110,0
DA:112,0
DA:113,0
DA:117,0
DA:118,0
DA:119,0
DA:120,0
DA:123,0
DA:126,0
DA:128,0
DA:131,0
DA:135,0
DA:136,0
DA:139,0
DA:140,0
DA:148,2
DA:152,2
DA:153,2
DA:154,4
DA:157,4
DA:158,2
DA:159,2
DA:160,2
DA:162,0
DA:165,1
DA:166,1
DA:167,2
DA:169,1
DA:172,0
DA:179,2
DA:192,2
DA:193,2
DA:194,1
DA:197,2
DA:198,2
DA:199,2
DA:200,4
DA:201,4
DA:202,2
DA:203,2
DA:204,1
DA:206,1
DA:207,1
DA:209,1
DA:210,2
DA:211,2
DA:212,4
DA:213,0
DA:214,0
DA:218,4
DA:219,2
DA:221,2
DA:223,3
DA:226,2
DA:227,2
DA:228,2
DA:232,0
DA:233,0
DA:244,2
DA:248,2
DA:249,2
DA:250,1
DA:253,1
DA:256,2
DA:257,1
DA:259,1
DA:261,3
DA:264,1
DA:265,1
DA:266,1
DA:270,0
DA:271,0
DA:281,2
DA:285,2
DA:286,2
DA:287,2
DA:288,2
DA:289,2
DA:292,4
DA:293,2
DA:294,2
DA:295,2
DA:296,6
DA:300,1
DA:301,1
DA:302,0
DA:303,1
DA:305,1
DA:306,2
DA:308,1
DA:313,0
DA:319,10
DA:322,6
DA:325,0
DA:330,0
DA:331,0
DA:332,0
DA:340,3
DA:342,3
DA:343,6
DA:345,3
DA:346,3
DA:348,4
DA:349,3
DA:350,1
DA:352,2
DA:355,0
DA:363,3
DA:364,6
DA:365,3
DA:367,6
DA:369,3
DA:370,3
DA:372,2
DA:373,2
DA:374,2
DA:377,1
DA:378,1
DA:388,3
DA:389,6
DA:390,3
DA:392,6
DA:393,3
DA:394,3
DA:396,9
DA:399,3
DA:400,9
DA:403,3
DA:404,3
DA:405,3
DA:407,0
DA:408,0
DA:409,0
DA:411,0
DA:412,0
DA:418,2
DA:422,4
DA:423,2
DA:425,2
DA:426,0
DA:427,2
DA:428,4
DA:429,2
DA:430,2
DA:431,2
DA:433,6
DA:436,6
DA:437,2
DA:438,2
DA:439,2
DA:440,2
DA:442,0
DA:443,0
DA:444,0
DA:446,0
DA:447,0
DA:454,3
DA:456,0
DA:459,3
DA:461,3
DA:462,10
DA:463,2
DA:465,2
DA:468,4
DA:469,2
DA:470,0
DA:472,4
DA:474,10
DA:475,2
DA:481,3
DA:484,12
DA:486,6
DA:487,9
DA:489,3
DA:490,3
DA:491,3
DA:493,0
DA:494,0
DA:496,3
DA:497,3
DA:499,3
DA:500,1
DA:506,6
DA:509,3
DA:513,6
DA:516,3
DA:517,3
DA:519,3
DA:521,2
DA:523,2
DA:529,1
DA:533,2
DA:534,1
DA:535,1
DA:536,1
DA:537,2
DA:538,0
DA:542,0
DA:545,2
DA:546,2
DA:548,0
DA:549,0
DA:550,0
DA:551,0
DA:552,0
DA:558,1
DA:561,4
DA:562,1
DA:563,1
DA:564,1
DA:566,2
DA:568,1
DA:569,1
DA:571,1
DA:572,1
DA:573,1
DA:575,1
DA:576,0
DA:578,1
DA:579,1
DA:581,1
DA:582,1
DA:583,1
DA:584,2
DA:585,1
DA:591,0
DA:596,0
DA:597,0
DA:602,0
DA:603,0
DA:604,0
DA:608,0
DA:610,0
DA:612,0
DA:614,0
DA:615,0
DA:618,0
DA:620,0
DA:621,0
DA:622,0
DA:623,0
DA:626,0
DA:627,0
DA:628,0
DA:630,0
DA:631,0
DA:632,0
DA:633,0
DA:634,0
DA:636,0
DA:639,0
DA:641,0
DA:642,0
DA:643,0
DA:644,0
DA:645,0
DA:652,1
DA:656,4
DA:657,1
DA:662,2
DA:663,1
DA:664,1
DA:665,1
DA:667,1
DA:669,1
DA:671,0
DA:672,0
DA:675,0
DA:677,2
DA:678,0
DA:679,0
DA:680,0
DA:683,2
DA:685,0
DA:686,0
DA:687,0
DA:691,1
DA:692,4
DA:693,0
DA:695,1
DA:696,2
DA:697,1
DA:698,1
DA:699,0
DA:701,1
DA:703,1
DA:705,1
DA:707,0
DA:709,0
DA:710,0
DA:711,0
DA:712,0
DA:713,0
DA:719,1
DA:724,1
DA:725,4
DA:726,4
DA:728,1
DA:729,2
DA:730,3
DA:731,2
DA:733,0
DA:734,0
DA:736,0
DA:737,0
DA:742,0
DA:747,0
DA:748,0
DA:749,0
DA:750,0
DA:752,0
DA:753,0
DA:754,0
DA:755,0
DA:756,0
DA:762,0
DA:764,0
DA:765,0
DA:766,0
DA:768,0
DA:769,0
DA:770,0
DA:772,0
DA:773,0
DA:775,0
DA:776,0
DA:778,0
DA:779,0
DA:780,0
DA:781,0
DA:782,0
DA:788,0
DA:790,0
DA:791,0
DA:792,0
DA:794,0
DA:795,0
DA:796,0
DA:797,0
DA:798,0
DA:805,3
DA:817,10
DA:818,1
DA:823,3
DA:831,4
DA:833,3
DA:834,0
DA:835,0
DA:837,3
DA:838,0
DA:840,6
DA:841,3
DA:843,3
DA:849,1
DA:851,1
DA:853,1
DA:854,0
DA:857,1
DA:859,2
DA:860,1
DA:861,2
DA:862,1
DA:865,1
DA:867,1
DA:869,3
DA:870,1
DA:872,1
DA:873,1
DA:874,2
DA:875,1
DA:876,0
DA:877,0
DA:881,3
DA:883,3
DA:884,3
DA:885,3
DA:886,6
DA:887,5
DA:893,1
DA:896,4
DA:897,3
DA:899,1
DA:900,1
DA:901,1
DA:903,1
DA:904,1
DA:906,1
DA:907,1
DA:912,2
DA:915,1
DA:917,1
DA:918,1
DA:919,0
DA:920,0
DA:921,1
DA:923,0
DA:924,0
DA:925,0
DA:926,0
DA:927,0
DA:933,1
DA:935,3
DA:939,0
DA:940,0
DA:942,0
DA:945,0
DA:950,2
DA:952,4
DA:953,4
DA:954,1
DA:956,1
DA:957,1
DA:959,0
DA:962,0
DA:968,2
DA:976,4
DA:977,6
DA:978,4
DA:979,0
DA:980,2
DA:981,2
DA:982,0
DA:984,2
DA:985,0
DA:986,0
DA:987,1
DA:988,1
DA:990,0
DA:993,0
DA:1005,3
DA:1019,1
DA:1021,3
DA:1030,3
DA:1039,0
DA:1041,0
DA:1043,0
DA:1044,0
DA:1045,0
DA:1046,0
DA:1048,0
DA:1050,0
DA:1051,0
DA:1056,0
DA:1057,0
DA:1062,6
DA:1063,3
DA:1069,3
DA:1070,3
DA:1072,6
DA:1073,2
DA:1075,3
DA:1076,0
DA:1078,0
DA:1079,0
DA:1080,0
DA:1081,0
DA:1084,0
DA:1086,3
DA:1089,0
DA:1094,0
DA:1098,0
DA:1099,0
DA:1100,0
DA:1102,0
DA:1109,0
DA:1110,0
DA:1111,0
DA:1112,0
DA:1113,0
DA:1114,0
DA:1115,0
DA:1117,0
DA:1119,0
DA:1122,0
DA:1128,1
DA:1130,2
DA:1131,0
DA:1132,0
DA:1134,0
DA:1137,0
DA:1142,4
DA:1143,8
DA:1145,9
DA:1146,2
DA:1147,0
DA:1148,1
DA:1149,1
DA:1151,1
DA:1152,2
DA:1154,1
DA:1159,0
DA:1166,1
DA:1167,1
DA:1168,1
DA:1169,1
DA:1172,3
DA:1173,1
DA:1174,1
DA:1177,0
DA:1178,0
DA:1180,0
DA:1181,0
DA:1182,0
DA:1184,0
DA:1187,0
DA:1192,1
DA:1197,1
DA:1198,1
DA:1199,1
DA:1200,1
DA:1202,1
DA:1203,1
DA:1205,1
DA:1206,1
DA:1209,2
DA:1210,1
DA:1211,1
DA:1212,1
DA:1214,0
DA:1217,1
DA:1218,1
DA:1219,1
DA:1222,0
DA:1223,0
DA:1231,1
DA:1234,1
DA:1235,1
DA:1236,1
DA:1239,2
DA:1240,1
DA:1242,1
DA:1244,0
DA:1247,1
DA:1248,1
DA:1249,1
DA:1252,0
DA:1253,0
DA:1261,1
DA:1264,1
DA:1265,1
DA:1266,1
DA:1269,2
DA:1270,1
DA:1271,1
DA:1273,0
DA:1276,1
DA:1277,1
DA:1278,1
DA:1281,0
DA:1282,0
DA:1293,1
DA:1306,1
DA:1312,0
DA:1313,0
DA:1315,0
DA:1316,0
DA:1317,0
DA:1319,0
DA:1320,0
DA:1322,0
DA:1323,0
DA:1325,0
DA:1326,0
DA:1329,2
DA:1330,1
DA:1331,0
DA:1335,1
DA:1336,1
DA:1337,0
DA:1338,0
DA:1340,0
DA:1343,0
DA:1351,2
DA:1360,4
DA:1366,2
DA:1368,2
DA:1374,2
DA:1377,2
DA:1378,3
DA:1379,1
DA:1382,2
DA:1384,0
DA:1387,0
DA:1392,0
DA:1400,1
DA:1409,1
DA:1410,1
DA:1411,1
DA:1418,1
DA:1419,2
DA:1420,1
DA:1423,1
DA:1439,2
DA:1447,2
DA:1448,2
DA:1451,4
DA:1453,2
DA:1457,2
DA:1459,4
DA:1465,1
DA:1466,1
DA:1467,0
DA:1470,1
DA:1476,1
DA:1477,1
DA:1481,0
DA:1485,0
DA:1486,0
DA:1487,0
DA:1495,2
DA:1499,2
DA:1500,2
DA:1501,2
DA:1502,2
DA:1506,4
DA:1507,0
DA:1508,0
DA:1510,0
DA:1511,0
DA:1514,2
DA:1515,2
DA:1516,6
DA:1519,0
LF:651
LH:397
end_of_record
SF:lib\utils\capture_flow_log.dart
DA:11,1
DA:14,2
DA:19,4
DA:25,4
DA:26,8
DA:28,4
DA:29,1
DA:30,4
DA:31,4
DA:32,3
DA:33,3
DA:34,1
DA:35,1
DA:37,4
DA:39,1
DA:44,4
DA:45,4
DA:46,4
DA:47,8
DA:48,4
DA:50,12
DA:51,4
DA:52,12
DA:54,4
LF:24
LH:24
end_of_record
SF:lib\utils\classic_look_memory_helpers.dart
DA:5,3
DA:13,6
DA:14,2
DA:21,2
DA:24,2
DA:25,4
DA:26,4
DA:37,1
DA:41,2
DA:42,1
DA:52,1
DA:58,2
DA:59,1
DA:69,1
DA:72,2
DA:73,1
DA:83,3
DA:89,3
DA:96,3
DA:101,6
DA:102,6
DA:103,3
LF:22
LH:22
end_of_record
SF:lib\utils\classic_strip_scrub_coordinator.dart
DA:26,3
DA:45,4
DA:47,8
DA:48,4
DA:52,1
DA:53,5
DA:55,9
DA:58,10
DA:61,3
DA:62,6
DA:63,3
DA:70,1
DA:71,2
DA:72,3
DA:73,1
DA:79,2
DA:81,4
DA:82,4
DA:83,2
DA:86,2
DA:90,3
DA:96,3
DA:98,6
DA:99,6
DA:100,3
DA:102,3
DA:103,3
DA:112,3
DA:115,3
DA:126,3
DA:127,3
DA:129,3
DA:130,1
DA:131,1
DA:139,3
DA:141,3
DA:142,3
DA:143,3
DA:144,3
DA:148,2
DA:149,2
DA:151,2
DA:152,2
DA:156,4
DA:158,2
DA:159,1
DA:163,2
DA:164,4
DA:167,2
DA:168,2
DA:170,1
DA:175,1
DA:176,1
DA:181,1
DA:182,1
DA:183,1
DA:184,1
DA:185,1
DA:190,3
DA:191,6
DA:192,6
DA:199,2
DA:200,2
DA:201,6
DA:202,4
DA:211,1
DA:212,1
DA:213,3
DA:214,2
DA:215,1
DA:217,1
DA:219,2
DA:229,2
DA:230,2
DA:231,4
DA:232,2
DA:233,2
DA:234,2
DA:239,1
DA:240,1
DA:241,3
DA:243,3
DA:247,3
DA:249,3
DA:250,3
LF:85
LH:85
end_of_record
SF:lib\utils\classic_strip_scrub_helpers.dart
DA:11,3
DA:13,3
DA:21,3
DA:32,1
DA:36,2
DA:41,1
DA:47,4
DA:64,4
DA:66,12
DA:68,3
DA:71,3
DA:72,3
DA:73,9
DA:75,6
DA:77,1
DA:81,6
DA:82,3
DA:86,4
DA:87,4
DA:89,8
DA:100,3
DA:107,3
DA:108,6
DA:109,2
DA:112,6
DA:113,6
DA:114,1
DA:116,3
DA:124,3
DA:131,9
DA:132,3
DA:133,1
DA:136,3
DA:138,3
DA:140,21
DA:141,6
DA:143,3
DA:144,9
DA:145,6
DA:147,6
DA:149,4
DA:151,2
DA:154,3
DA:157,1
DA:163,1
LF:45
LH:45
end_of_record
SF:lib\utils\image_helper.dart
DA:38,4
DA:39,16
DA:43,6
DA:44,4
DA:45,1
DA:48,4
DA:49,2
DA:50,2
DA:51,2
DA:52,4
DA:53,1
DA:56,6
DA:57,12
DA:58,2
DA:59,2
DA:60,2
DA:61,2
DA:62,2
DA:64,6
DA:65,12
DA:66,12
DA:67,4
DA:72,4
DA:79,2
DA:80,12
DA:83,2
DA:85,2
DA:89,2
DA:90,2
DA:92,2
DA:94,8
DA:97,8
DA:98,22
DA:99,2
DA:101,2
DA:102,2
DA:104,2
DA:105,2
DA:142,1
DA:143,1
DA:145,0
DA:149,0
DA:150,0
DA:151,0
DA:152,0
DA:154,0
DA:157,1
DA:159,1
DA:160,0
DA:162,0
DA:164,0
DA:166,0
DA:168,0
DA:171,0
DA:176,1
DA:177,1
DA:179,3
DA:181,1
DA:182,1
DA:183,1
DA:184,1
DA:188,0
DA:195,1
DA:197,1
DA:198,1
DA:199,1
DA:200,1
DA:210,2
DA:211,4
DA:212,5
DA:213,2
DA:214,3
DA:221,0
DA:236,0
DA:237,0
DA:238,0
DA:239,0
DA:250,0
DA:253,0
DA:261,0
DA:263,0
DA:264,0
DA:265,0
DA:266,0
DA:267,0
DA:268,0
DA:269,0
DA:275,0
DA:280,0
DA:292,0
DA:294,0
DA:295,0
DA:296,0
DA:298,0
DA:299,0
DA:300,0
DA:302,0
DA:304,0
DA:305,0
DA:306,0
DA:307,0
DA:308,0
DA:309,0
DA:317,2
DA:324,6
DA:325,2
DA:326,2
DA:327,2
DA:329,2
DA:330,2
DA:331,2
DA:332,1
DA:333,2
DA:334,0
DA:338,2
DA:343,2
DA:345,0
DA:353,0
DA:359,2
DA:365,2
DA:366,2
DA:367,2
DA:368,1
DA:369,2
DA:370,1
DA:372,2
DA:374,4
DA:377,1
DA:378,1
DA:379,1
DA:384,1
DA:385,1
DA:387,1
DA:389,0
DA:391,4
DA:392,1
DA:396,1
DA:397,1
DA:402,1
DA:404,1
DA:405,1
DA:410,2
DA:415,2
DA:416,2
DA:417,2
DA:419,2
DA:421,0
DA:423,8
DA:424,2
DA:428,2
DA:429,2
DA:435,2
DA:444,2
DA:448,2
DA:449,2
DA:450,2
DA:451,1
DA:452,2
DA:453,0
DA:456,4
DA:460,1
DA:464,1
DA:471,1
DA:475,1
DA:476,1
DA:477,1
DA:479,1
DA:481,0
DA:483,4
DA:484,1
DA:488,1
DA:489,1
DA:495,1
DA:500,2
DA:509,2
DA:512,2
DA:513,2
DA:514,2
DA:519,2
DA:520,4
DA:522,2
DA:523,2
DA:527,2
DA:528,2
DA:530,2
DA:531,2
DA:532,4
DA:533,2
DA:534,2
DA:535,2
DA:536,4
DA:540,0
DA:541,0
DA:542,0
DA:543,0
DA:545,0
DA:546,0
DA:551,2
DA:553,4
DA:554,6
DA:555,3
DA:564,0
DA:566,0
DA:567,0
DA:568,0
DA:570,0
DA:571,0
DA:575,0
DA:577,0
DA:583,1
DA:584,1
DA:586,1
DA:587,1
DA:588,1
DA:596,0
DA:599,0
DA:600,0
DA:601,0
DA:603,0
DA:614,0
DA:615,0
DA:617,0
DA:620,0
DA:621,0
DA:623,0
DA:625,0
DA:627,0
DA:633,0
DA:634,0
DA:635,0
DA:636,0
DA:637,0
DA:639,0
DA:640,0
DA:647,0
DA:650,0
DA:653,0
DA:654,0
DA:674,1
DA:683,1
DA:684,1
DA:685,0
DA:687,1
DA:702,1
DA:713,1
DA:731,1
DA:738,3
DA:739,3
DA:740,2
DA:742,1
DA:743,1
DA:745,2
DA:749,2
DA:750,2
DA:752,2
DA:753,4
DA:754,1
DA:755,1
DA:756,3
DA:758,0
DA:762,1
DA:764,1
DA:766,2
DA:768,1
DA:771,1
DA:772,1
DA:775,1
DA:779,0
DA:780,0
DA:781,0
DA:784,0
DA:786,0
DA:790,0
DA:791,0
DA:795,0
DA:798,0
DA:803,1
DA:804,2
DA:806,0
DA:810,3
DA:811,1
DA:812,0
DA:816,0
DA:817,0
DA:821,0
DA:823,0
DA:824,0
DA:827,0
DA:831,0
DA:832,0
DA:833,0
DA:837,1
DA:838,2
DA:840,0
DA:844,3
DA:845,1
DA:851,1
DA:853,1
DA:854,4
DA:855,1
DA:856,1
DA:858,0
DA:864,2
DA:868,2
DA:869,0
DA:871,6
DA:872,0
DA:873,2
DA:874,2
DA:880,0
DA:881,0
DA:882,0
DA:883,0
DA:885,0
DA:886,0
DA:890,0
DA:891,0
DA:892,0
DA:896,0
DA:899,0
DA:901,0
DA:903,0
DA:904,0
DA:905,0
DA:907,0
LF:325
LH:194
end_of_record
SF:lib\utils\print_orientation.dart
DA:9,10
DA:10,5
DA:11,10
DA:19,3
DA:20,3
DA:25,34
DA:27,8
DA:28,4
DA:29,4
DA:31,4
DA:32,1
DA:39,12
DA:42,4
DA:43,4
DA:44,4
DA:49,4
DA:50,4
DA:51,3
DA:54,2
DA:55,2
DA:56,2
LF:21
LH:21
end_of_record
SF:lib\utils\print_size_helpers.dart
DA:9,1
DA:10,2
DA:11,1
DA:12,1
DA:14,1
DA:15,1
DA:17,1
DA:19,1
DA:21,1
DA:25,1
DA:26,1
DA:27,1
DA:31,2
DA:32,4
DA:33,2
DA:34,2
DA:35,2
DA:43,3
DA:49,1
DA:52,3
DA:53,2
DA:55,3
DA:56,1
DA:57,1
DA:62,3
DA:63,3
DA:73,1
DA:78,1
DA:79,2
DA:83,1
DA:84,1
DA:85,1
DA:87,1
DA:90,1
DA:93,1
DA:100,1
DA:104,1
DA:105,1
DA:106,1
DA:107,1
DA:108,2
DA:109,2
DA:112,1
DA:113,1
DA:118,1
DA:119,1
DA:126,2
DA:133,2
DA:136,2
DA:140,2
DA:141,2
DA:150,2
DA:151,2
DA:152,2
DA:153,2
DA:154,2
DA:156,2
DA:158,1
DA:166,3
DA:167,3
DA:168,3
DA:169,6
DA:170,3
DA:173,3
DA:174,3
DA:175,3
DA:176,12
DA:177,9
DA:178,3
LF:69
LH:69
end_of_record
SF:lib\utils\strip_filters_catalog_fallback.dart
DA:8,2
LF:1
LH:1
end_of_record
SF:lib\utils\strip_preview_grade_compress.dart
DA:18,2
DA:21,2
DA:22,4
DA:25,2
DA:26,6
DA:29,1
DA:31,1
DA:33,2
DA:34,2
DA:35,4
DA:39,4
DA:40,2
DA:46,5
DA:47,1
DA:48,3
DA:49,1
DA:55,1
DA:63,1
DA:67,2
LF:19
LH:19
end_of_record
SF:lib\screens\photo_generate\photo_generate_viewmodel.dart
DA:40,2
DA:41,4
DA:43,2
DA:45,2
DA:96,0
DA:120,0
DA:122,0
DA:130,0
DA:131,0
DA:132,0
DA:134,0
DA:135,0
DA:136,0
DA:137,0
DA:144,0
DA:169,0
DA:188,8
DA:196,4
DA:203,4
DA:204,4
DA:205,4
DA:206,4
DA:207,2
DA:208,3
DA:215,1
DA:225,1
DA:226,2
DA:227,1
DA:228,1
DA:229,1
DA:230,1
DA:231,1
DA:232,1
DA:233,1
DA:236,2
DA:237,4
DA:238,4
DA:304,5
DA:308,5
DA:309,5
DA:311,15
DA:312,15
DA:316,0
DA:319,2
DA:321,1
DA:323,1
DA:327,4
DA:332,2
DA:333,3
DA:335,3
DA:336,0
DA:337,2
DA:338,2
DA:339,2
DA:340,0
DA:341,0
DA:342,2
DA:343,0
DA:344,0
DA:346,1
DA:347,6
DA:348,4
DA:349,2
DA:350,0
DA:351,4
DA:352,0
DA:354,2
DA:355,0
DA:356,0
DA:357,0
DA:358,0
DA:359,0
DA:360,0
DA:361,4
DA:362,0
DA:363,0
DA:364,0
DA:365,2
DA:367,0
DA:369,0
DA:373,2
DA:375,0
DA:376,0
DA:377,0
DA:378,0
DA:379,0
DA:380,0
DA:381,0
DA:384,2
DA:385,4
DA:388,0
DA:389,0
DA:390,0
DA:393,0
DA:394,0
DA:395,0
DA:396,0
DA:397,0
DA:398,0
DA:403,0
DA:406,0
DA:407,0
DA:408,0
DA:409,0
DA:410,0
DA:411,0
DA:412,0
DA:416,0
DA:423,0
DA:424,0
DA:427,0
DA:428,0
DA:429,0
DA:435,0
DA:440,0
DA:441,0
DA:443,0
DA:445,0
DA:451,0
DA:456,0
DA:457,0
DA:458,0
DA:460,0
DA:461,0
DA:462,0
DA:464,0
DA:472,0
DA:473,0
DA:474,0
DA:475,0
DA:476,0
DA:482,0
DA:488,0
DA:492,0
DA:493,0
DA:494,0
DA:495,0
DA:496,0
DA:500,0
DA:501,0
DA:503,0
DA:505,0
DA:507,0
DA:508,0
DA:509,0
DA:510,0
DA:515,2
DA:516,2
DA:517,4
DA:521,2
DA:522,4
DA:523,0
DA:524,0
DA:526,2
DA:527,0
DA:528,0
DA:529,0
DA:531,2
DA:532,0
DA:535,0
DA:536,0
DA:542,0
DA:543,0
DA:546,2
DA:548,0
DA:552,2
DA:553,2
DA:555,2
DA:556,0
DA:557,0
DA:559,2
DA:560,0
DA:561,0
DA:563,4
DA:564,2
DA:567,0
DA:568,0
DA:569,0
DA:570,0
DA:571,0
DA:572,0
DA:575,0
DA:576,0
DA:577,0
DA:578,0
DA:581,0
DA:582,0
DA:586,6
DA:589,1
DA:590,3
DA:594,3
DA:597,4
DA:599,0
DA:602,0
DA:603,0
DA:605,0
DA:606,0
DA:608,0
DA:609,0
DA:610,0
DA:611,0
DA:612,0
DA:613,0
DA:614,0
DA:617,0
DA:618,0
DA:620,2
DA:621,2
DA:622,2
DA:628,0
DA:629,0
DA:631,0
DA:632,0
DA:636,2
DA:637,2
DA:638,2
DA:639,2
DA:640,2
DA:641,2
DA:646,2
DA:647,2
DA:648,2
DA:649,4
DA:650,2
DA:653,2
DA:654,4
DA:655,6
DA:656,4
DA:657,0
DA:658,0
DA:667,0
DA:668,0
DA:670,0
DA:671,0
DA:672,0
DA:676,0
DA:677,0
DA:680,0
DA:681,0
DA:682,0
DA:683,0
DA:684,0
DA:685,0
DA:689,0
DA:692,0
DA:693,0
DA:697,2
DA:698,4
DA:699,2
DA:700,2
DA:701,4
DA:702,2
DA:703,4
DA:706,2
DA:707,4
DA:710,0
DA:712,0
DA:713,0
DA:714,0
DA:715,0
DA:719,0
DA:724,0
DA:725,0
DA:726,0
DA:731,2
DA:732,4
DA:733,2
DA:734,0
DA:735,0
DA:737,4
DA:739,4
DA:740,2
DA:746,0
DA:747,0
DA:750,0
DA:752,0
DA:753,0
DA:754,0
DA:755,0
DA:756,0
DA:760,0
DA:763,0
DA:765,0
DA:766,0
DA:767,0
DA:770,0
DA:771,0
DA:773,0
DA:774,0
DA:775,0
DA:777,0
DA:780,0
DA:781,0
DA:783,0
DA:784,0
DA:785,0
DA:786,0
DA:788,0
DA:795,2
DA:796,2
DA:797,6
DA:798,0
DA:799,0
DA:800,0
DA:805,1
DA:807,1
DA:808,1
DA:809,1
DA:810,2
DA:812,1
DA:816,0
DA:817,0
DA:818,0
DA:820,0
DA:822,0
DA:825,0
DA:826,0
DA:827,0
DA:828,0
DA:831,0
DA:832,0
DA:833,0
DA:834,0
DA:835,0
DA:836,0
DA:840,2
DA:841,2
DA:842,2
DA:845,0
DA:847,0
DA:848,0
DA:850,0
DA:851,0
DA:853,0
DA:856,2
DA:857,2
DA:858,2
DA:861,0
DA:862,0
DA:863,0
DA:865,0
DA:867,0
DA:870,0
DA:871,0
DA:872,0
DA:873,0
DA:874,0
DA:875,0
DA:876,0
DA:879,0
DA:880,0
DA:881,0
DA:882,0
DA:883,0
DA:884,0
DA:887,0
DA:888,0
DA:889,0
DA:890,0
DA:892,0
DA:894,0
DA:895,0
DA:897,0
DA:899,0
DA:903,0
DA:904,0
DA:905,0
DA:906,0
DA:909,0
DA:910,0
DA:912,0
DA:915,0
DA:916,0
DA:917,0
DA:918,0
DA:919,0
DA:920,0
DA:921,0
DA:922,0
DA:926,0
DA:927,0
DA:928,0
DA:931,2
DA:932,2
DA:933,2
DA:934,4
DA:935,2
DA:936,2
DA:937,2
DA:938,4
DA:939,2
DA:940,2
DA:941,2
DA:942,2
DA:943,4
DA:944,2
DA:945,4
DA:946,2
DA:949,0
DA:950,0
DA:951,0
DA:952,0
DA:953,0
DA:954,0
DA:955,0
DA:956,0
DA:957,0
DA:958,0
DA:959,0
DA:960,0
DA:961,0
DA:965,0
DA:966,0
DA:967,0
DA:968,0
DA:969,0
DA:970,0
DA:971,0
DA:972,0
DA:973,0
DA:974,0
DA:975,0
DA:976,0
DA:979,0
DA:981,0
DA:982,0
DA:983,0
DA:984,0
DA:986,0
DA:987,0
DA:988,0
DA:989,0
DA:990,0
DA:993,0
DA:995,0
DA:999,0
DA:1000,0
DA:1003,0
DA:1011,0
DA:1012,0
DA:1013,0
DA:1015,0
DA:1016,0
DA:1017,0
DA:1018,0
DA:1019,0
DA:1021,0
DA:1022,0
DA:1023,0
DA:1024,0
DA:1026,0
DA:1030,0
DA:1031,0
DA:1032,0
DA:1033,0
DA:1034,0
DA:1035,0
DA:1036,0
DA:1037,0
DA:1038,0
DA:1040,0
DA:1044,0
DA:1045,0
DA:1046,0
DA:1048,0
DA:1049,0
DA:1051,0
DA:1052,0
DA:1054,0
DA:1055,0
DA:1057,0
DA:1058,0
DA:1060,0
DA:1061,0
DA:1063,0
DA:1064,0
DA:1066,0
DA:1067,0
DA:1069,0
DA:1070,0
DA:1075,0
DA:1078,0
DA:1079,0
DA:1080,0
DA:1081,0
DA:1082,0
DA:1083,0
DA:1085,0
DA:1088,0
DA:1091,0
DA:1092,0
DA:1094,0
DA:1095,0
DA:1096,0
DA:1097,0
DA:1098,0
DA:1105,0
DA:1106,0
DA:1107,0
DA:1109,0
DA:1111,0
DA:1119,0
DA:1120,0
DA:1124,0
DA:1125,0
DA:1126,0
DA:1129,0
DA:1130,0
DA:1133,0
DA:1134,0
DA:1135,0
DA:1136,0
DA:1138,0
DA:1139,0
DA:1141,0
DA:1142,0
DA:1143,0
DA:1147,0
DA:1150,0
DA:1152,0
DA:1153,0
DA:1154,0
DA:1155,0
DA:1159,0
DA:1160,0
DA:1161,0
DA:1162,0
DA:1163,0
DA:1164,0
DA:1168,0
DA:1169,0
DA:1171,0
DA:1174,0
DA:1175,0
DA:1178,0
DA:1181,0
DA:1187,0
DA:1188,0
DA:1191,0
DA:1192,0
DA:1194,0
DA:1196,0
DA:1201,0
DA:1202,0
DA:1203,0
DA:1204,0
DA:1205,0
DA:1206,0
DA:1207,0
DA:1209,0
DA:1210,0
DA:1211,0
DA:1212,0
DA:1217,0
DA:1218,0
DA:1219,0
DA:1220,0
DA:1223,0
DA:1224,0
DA:1228,0
DA:1230,0
DA:1231,0
DA:1232,0
DA:1237,0
DA:1238,0
DA:1239,0
DA:1240,0
DA:1241,0
DA:1242,0
DA:1244,0
DA:1245,0
DA:1246,0
DA:1249,0
DA:1251,0
DA:1254,0
DA:1255,0
DA:1257,0
DA:1262,0
DA:1263,0
DA:1265,0
DA:1266,0
DA:1267,0
DA:1270,0
DA:1271,0
DA:1272,0
DA:1275,0
DA:1276,0
DA:1278,0
DA:1279,0
DA:1281,0
DA:1282,0
DA:1283,0
DA:1285,0
DA:1286,0
DA:1287,0
DA:1288,0
DA:1292,0
DA:1293,0
DA:1295,0
DA:1296,0
DA:1297,0
DA:1298,0
DA:1299,0
DA:1300,0
DA:1301,0
DA:1302,0
DA:1303,0
DA:1305,0
DA:1308,0
DA:1309,0
DA:1311,0
DA:1315,0
DA:1316,0
DA:1320,0
DA:1322,0
DA:1323,0
DA:1324,0
DA:1325,0
DA:1327,0
DA:1330,0
DA:1334,0
DA:1335,0
DA:1336,0
DA:1337,0
DA:1342,0
DA:1345,0
DA:1346,0
DA:1347,0
DA:1349,0
DA:1350,0
DA:1352,0
DA:1354,0
DA:1359,2
DA:1360,2
DA:1361,2
DA:1362,2
DA:1363,2
DA:1364,2
DA:1365,2
DA:1370,0
DA:1371,0
DA:1372,0
DA:1375,0
DA:1376,0
DA:1377,0
DA:1378,0
DA:1379,0
DA:1380,0
DA:1382,0
DA:1383,0
DA:1384,0
DA:1387,0
DA:1390,0
DA:1392,0
DA:1396,0
DA:1397,0
DA:1398,0
DA:1400,0
DA:1401,0
DA:1402,0
DA:1404,0
DA:1405,0
DA:1406,0
DA:1410,0
DA:1416,0
DA:1418,0
DA:1419,0
DA:1423,0
DA:1425,0
DA:1426,0
DA:1427,0
DA:1428,0
DA:1429,0
DA:1430,0
DA:1431,0
DA:1432,0
DA:1434,0
DA:1437,0
DA:1440,0
DA:1441,0
DA:1445,0
DA:1448,0
DA:1451,0
DA:1452,0
DA:1453,0
DA:1458,0
DA:1461,0
DA:1462,0
DA:1463,0
DA:1465,0
DA:1466,0
DA:1468,0
DA:1470,0
DA:1476,0
DA:1477,0
DA:1478,0
DA:1479,0
DA:1481,0
DA:1483,0
DA:1484,0
DA:1487,0
DA:1488,0
DA:1489,0
DA:1492,0
DA:1493,0
DA:1496,0
DA:1497,0
DA:1500,0
DA:1501,0
DA:1505,0
DA:1506,0
DA:1507,0
DA:1508,0
DA:1513,0
DA:1514,0
DA:1515,0
DA:1516,0
DA:1517,0
DA:1518,0
DA:1519,0
DA:1520,0
DA:1521,0
DA:1524,0
DA:1525,0
DA:1529,0
DA:1530,0
DA:1531,0
DA:1532,0
DA:1533,0
DA:1537,0
DA:1538,0
DA:1539,0
DA:1540,0
DA:1541,0
DA:1542,0
DA:1543,0
DA:1547,1
DA:1548,1
DA:1552,1
DA:1553,1
DA:1554,1
DA:1559,0
DA:1560,0
DA:1561,0
DA:1566,0
DA:1567,0
DA:1568,0
DA:1569,0
DA:1570,0
DA:1571,0
DA:1572,0
DA:1574,0
DA:1575,0
DA:1576,0
DA:1580,0
DA:1581,0
DA:1586,0
DA:1587,0
DA:1588,0
DA:1589,0
DA:1590,0
DA:1593,0
DA:1595,0
DA:1596,0
DA:1597,0
DA:1598,0
DA:1599,0
LF:767
LH:147
end_of_record
SF:lib\screens\photo_generate\photo_generate_viewmodel_helpers.dart
DA:3,0
DA:4,0
DA:5,0
DA:8,2
DA:12,4
DA:15,2
DA:17,2
DA:19,2
DA:20,0
DA:21,0
DA:22,0
DA:23,0
DA:24,0
DA:25,0
DA:26,0
DA:27,0
DA:28,0
DA:30,4
DA:39,0
DA:40,0
DA:41,0
DA:43,0
DA:44,0
DA:46,0
DA:49,0
DA:50,0
DA:51,0
DA:52,0
DA:53,0
DA:55,0
DA:57,0
DA:58,0
DA:61,0
DA:62,0
DA:63,0
DA:68,0
DA:71,0
DA:72,0
DA:73,0
DA:74,0
DA:75,0
DA:76,0
DA:78,0
DA:79,0
DA:80,0
DA:83,0
DA:84,0
DA:86,0
DA:87,0
DA:88,0
DA:89,0
DA:90,0
DA:91,0
DA:96,0
DA:100,0
DA:101,0
DA:102,0
DA:103,0
DA:104,0
DA:111,0
DA:112,0
DA:113,0
DA:117,0
DA:118,0
DA:119,0
DA:124,0
DA:125,0
DA:126,0
DA:129,0
DA:132,0
DA:133,0
DA:134,0
DA:136,0
DA:139,0
DA:144,0
DA:145,0
DA:146,0
DA:147,0
DA:148,0
DA:149,0
DA:152,0
LF:81
LH:6
end_of_record
SF:lib\screens\photo_capture\photo_capture_preprocess_helpers.dart
DA:12,1
DA:17,1
DA:18,1
DA:19,1
DA:22,1
DA:23,1
DA:27,1
DA:32,1
DA:33,3
DA:36,1
DA:37,1
DA:42,1
DA:49,1
DA:50,1
DA:54,2
DA:55,1
DA:56,1
DA:57,1
DA:62,1
DA:63,1
DA:65,1
LF:21
LH:21
end_of_record
SF:lib\utils\theme_filter.dart
DA:8,4
DA:11,3
DA:12,6
DA:14,3
DA:16,3
DA:17,3
DA:18,6
DA:20,2
DA:21,2
DA:23,2
DA:26,3
DA:30,12
LF:12
LH:12
end_of_record
SF:lib\services\app_settings_manager.dart
DA:15,7
DA:18,2
DA:20,3
DA:32,10
DA:33,4
DA:34,2
DA:35,2
DA:36,0
DA:39,0
DA:40,0
DA:44,1
DA:45,2
DA:46,1
DA:49,1
DA:52,3
DA:53,10
DA:57,3
DA:58,3
DA:60,9
DA:64,3
DA:66,3
DA:75,3
DA:76,0
DA:79,3
DA:80,3
DA:81,3
DA:83,3
DA:85,6
DA:86,2
DA:87,2
DA:88,4
DA:89,2
DA:90,6
DA:91,2
DA:92,1
DA:95,2
DA:97,4
DA:98,2
DA:104,3
DA:105,3
DA:107,3
DA:109,3
DA:113,3
DA:114,3
LF:44
LH:40
end_of_record
SF:lib\utils\ai_attempts_budget.dart
DA:5,2
DA:9,1
DA:11,3
DA:12,1
DA:13,1
DA:14,1
DA:15,2
DA:16,1
DA:25,4
DA:30,4
DA:31,2
DA:35,2
DA:39,4
DA:40,4
DA:41,5
DA:42,5
DA:43,2
DA:44,1
DA:45,2
DA:47,2
DA:48,2
LF:21
LH:21
end_of_record
SF:lib\utils\memory_pressure_response.dart
DA:5,1
DA:7,2
DA:8,1
DA:10,1
DA:20,1
DA:22,1
LF:6
LH:6
end_of_record
SF:lib\utils\error_reporting_helpers.dart
DA:13,13
DA:14,13
DA:15,12
DA:17,10
DA:18,10
DA:19,20
DA:22,20
DA:29,10
DA:36,10
DA:37,8
DA:38,8
DA:40,2
DA:49,4
DA:56,4
DA:57,4
DA:58,3
LF:16
LH:16
end_of_record
SF:lib\utils\transformation_step_display.dart
DA:26,3
DA:27,3
DA:28,3
DA:29,3
DA:32,2
DA:33,2
DA:34,2
DA:36,2
DA:37,2
DA:39,2
DA:40,2
DA:42,2
DA:43,2
DA:44,2
DA:46,2
DA:47,2
DA:49,2
DA:51,1
DA:53,1
DA:55,1
DA:57,1
LF:21
LH:21
end_of_record
SF:lib\services\generation_display_preferences.dart
DA:9,0
DA:13,3
DA:14,3
DA:15,3
DA:18,3
DA:19,3
DA:20,3
LF:7
LH:6
end_of_record
SF:lib\services\error_reporting\error_reporting_manager.dart
DA:27,54
DA:32,0
DA:41,4
DA:54,0
DA:63,4
DA:64,0
DA:76,9
DA:79,9
DA:80,0
DA:92,14
DA:101,14
DA:102,0
DA:114,1
DA:117,1
DA:118,0
DA:124,1
DA:127,1
DA:128,0
DA:134,6
DA:137,6
DA:138,0
DA:144,1
DA:147,1
DA:148,0
DA:153,1
DA:161,3
DA:164,3
DA:165,0
DA:171,1
DA:176,1
DA:177,1
DA:178,0
DA:179,0
DA:181,1
DA:182,1
DA:188,1
DA:197,1
DA:198,1
DA:199,0
DA:200,0
DA:201,0
DA:202,0
DA:203,0
DA:204,0
DA:206,1
DA:207,1
DA:212,3
DA:215,2
LF:48
LH:30
end_of_record
SF:lib\utils\web_flow_trace.dart
DA:18,0
DA:23,6
DA:24,3
DA:27,6
DA:29,22
DA:31,22
DA:34,1
DA:35,2
DA:39,4
DA:40,8
DA:41,4
DA:42,4
DA:43,4
DA:44,12
DA:48,4
DA:49,4
DA:54,11
DA:55,11
DA:57,11
DA:58,14
DA:60,33
DA:61,22
DA:62,20
DA:63,11
DA:65,11
DA:66,11
DA:68,11
DA:69,2
DA:73,2
DA:74,6
LF:30
LH:29
end_of_record
SF:lib\utils\session_photo_sync_helpers.dart
DA:14,5
DA:24,2
DA:25,4
DA:33,3
DA:35,6
DA:36,6
DA:47,2
DA:61,2
DA:62,2
DA:68,1
DA:69,1
DA:70,2
DA:73,2
DA:74,2
DA:86,2
DA:87,2
DA:91,12
DA:93,2
DA:95,1
DA:98,2
DA:99,2
DA:100,2
DA:102,1
DA:103,1
DA:109,1
DA:111,2
DA:112,2
DA:114,2
DA:115,2
DA:120,1
DA:122,1
DA:124,1
DA:125,1
DA:126,1
DA:127,1
DA:129,1
DA:131,3
LF:37
LH:37
end_of_record
SF:lib\screens\result\transformed_image_model.dart
DA:13,6
DA:23,1
DA:32,1
DA:33,1
DA:34,0
DA:35,1
DA:36,1
DA:37,1
DA:38,1
DA:39,1
DA:43,1
DA:44,1
DA:45,2
DA:46,2
DA:47,2
DA:48,2
DA:49,2
DA:50,3
DA:51,3
DA:55,3
DA:56,3
DA:57,3
DA:58,3
DA:59,3
DA:60,0
DA:61,3
DA:62,3
DA:63,6
DA:64,3
LF:29
LH:27
end_of_record
SF:lib\services\alice_inspector.dart
DA:12,4
DA:14,4
DA:16,0
DA:18,4
DA:22,1
DA:24,1
DA:26,0
DA:28,1
DA:32,3
DA:34,3
DA:36,0
DA:38,3
DA:42,4
DA:45,8
DA:46,0
DA:48,0
DA:56,0
DA:61,0
DA:64,0
DA:66,0
DA:70,1
DA:75,2
DA:77,0
LF:23
LH:13
end_of_record
SF:lib\utils\app_runtime_config.dart
DA:14,69
DA:15,207
DA:22,134
DA:25,8
DA:28,0
DA:30,8
DA:31,16
DA:32,16
DA:33,16
DA:34,16
DA:35,14
DA:36,14
DA:39,6
DA:40,6
DA:41,6
DA:42,6
DA:50,3
DA:51,5
DA:53,0
DA:54,0
DA:57,4
DA:58,2
DA:60,1
DA:61,3
DA:63,1
DA:64,3
LF:26
LH:23
end_of_record
SF:lib\services\api_client.g.dart
DA:12,43
DA:13,43
DA:22,0
DA:24,0
DA:25,0
DA:26,0
DA:28,0
DA:29,0
DA:30,0
DA:31,0
DA:36,0
DA:38,0
DA:41,0
DA:42,0
DA:43,0
DA:45,0
DA:51,2
DA:53,2
DA:54,2
DA:55,1
DA:56,1
DA:57,2
DA:59,2
DA:61,2
DA:62,2
DA:63,2
DA:64,4
DA:69,12
DA:71,4
DA:74,2
DA:76,0
DA:82,0
DA:88,0
DA:89,0
DA:90,0
DA:91,0
DA:92,0
DA:93,0
DA:94,0
DA:95,0
DA:97,0
DA:98,0
DA:99,0
DA:103,0
DA:104,0
DA:111,0
DA:112,0
DA:117,0
DA:119,0
DA:122,0
DA:124,0
DA:130,1
DA:132,1
DA:133,1
DA:134,1
DA:135,1
DA:136,1
DA:137,1
DA:138,1
DA:139,1
DA:140,2
DA:145,6
DA:147,2
DA:150,2
DA:152,2
DA:153,2
DA:154,2
DA:155,2
DA:156,2
DA:157,2
DA:158,2
DA:159,2
DA:160,4
DA:165,12
DA:167,4
DA:168,2
DA:172,0
DA:177,0
DA:178,0
DA:179,0
DA:180,0
DA:181,0
DA:182,0
DA:183,0
DA:184,0
DA:185,0
DA:186,0
DA:190,0
DA:192,0
DA:193,0
DA:197,3
DA:199,3
DA:200,3
DA:201,3
DA:203,3
DA:204,3
DA:205,3
DA:206,6
DA:207,3
DA:211,18
DA:213,6
DA:214,2
DA:218,1
DA:220,1
DA:221,1
DA:222,1
DA:224,1
DA:225,1
DA:226,1
DA:227,2
DA:228,1
DA:232,6
DA:234,2
DA:237,2
DA:239,2
DA:240,2
DA:241,2
DA:242,2
DA:243,2
DA:244,2
DA:245,2
DA:246,2
DA:247,4
DA:252,12
DA:254,4
DA:255,2
DA:259,2
DA:261,2
DA:262,2
DA:263,2
DA:264,2
DA:265,2
DA:266,2
DA:267,2
DA:268,2
DA:269,4
DA:274,12
DA:276,4
DA:277,0
DA:281,1
DA:283,1
DA:284,1
DA:285,1
DA:286,1
DA:287,1
DA:288,1
DA:289,1
DA:290,1
DA:291,2
DA:296,6
DA:298,2
DA:299,1
DA:303,5
DA:304,5
DA:305,6
DA:306,6
DA:307,3
DA:308,0
DA:310,3
DA:316,5
DA:317,10
DA:321,5
DA:323,5
DA:324,5
DA:327,0
LF:165
LH:113
end_of_record
SF:lib\models\app_settings_model.dart
DA:75,26
DA:132,4
DA:133,4
DA:135,4
DA:137,4
DA:138,0
DA:140,4
DA:141,8
DA:142,8
DA:143,8
DA:144,8
DA:145,8
DA:147,8
DA:148,8
DA:150,8
DA:151,8
DA:152,8
DA:153,8
DA:154,8
DA:155,8
DA:157,8
DA:159,8
DA:160,8
DA:161,8
DA:163,8
DA:164,8
DA:165,8
DA:166,8
DA:167,8
DA:168,4
DA:169,3
DA:170,1
DA:171,8
DA:172,8
DA:173,8
DA:174,8
DA:175,8
DA:176,8
DA:177,8
DA:179,8
DA:180,8
DA:181,8
DA:182,8
DA:184,8
DA:186,8
DA:188,8
DA:190,8
DA:191,8
DA:192,8
DA:193,8
DA:194,8
DA:195,8
DA:197,8
DA:199,8
DA:201,8
DA:202,8
DA:203,8
DA:204,8
DA:205,4
DA:206,1
DA:208,8
DA:209,4
DA:210,1
DA:212,8
DA:213,4
DA:214,1
DA:216,8
DA:217,8
DA:218,8
LF:69
LH:68
end_of_record
SF:lib\services\api_dio_errors.dart
DA:14,9
DA:16,0
DA:17,0
DA:20,0
DA:21,0
DA:22,0
DA:23,0
DA:24,0
DA:25,0
DA:28,0
DA:32,0
DA:37,6
DA:38,12
DA:39,10
DA:40,10
DA:41,10
DA:45,4
DA:46,4
DA:47,2
DA:49,6
DA:50,3
DA:51,2
DA:52,1
DA:53,0
DA:55,1
DA:57,0
DA:58,0
DA:59,0
DA:60,0
DA:68,4
DA:72,4
DA:73,4
DA:74,4
DA:75,1
DA:77,3
DA:78,3
DA:79,5
LF:37
LH:22
end_of_record
SF:lib\services\api_generate_metadata_log.dart
DA:3,3
DA:7,6
DA:8,3
DA:9,1
DA:15,3
DA:16,3
DA:17,3
DA:18,3
DA:19,3
DA:20,3
DA:21,3
DA:31,3
DA:32,3
DA:33,3
DA:34,3
DA:35,3
DA:36,3
DA:37,3
DA:40,3
DA:41,6
DA:44,3
DA:46,4
DA:47,2
DA:48,6
DA:52,3
DA:54,2
DA:55,2
DA:56,2
DA:58,4
DA:59,4
DA:60,1
DA:61,2
DA:65,3
DA:67,4
DA:68,2
DA:69,2
DA:70,2
DA:74,3
DA:76,4
DA:77,2
DA:78,4
DA:82,3
DA:84,1
DA:85,1
DA:86,1
DA:87,1
DA:88,1
DA:89,1
DA:90,1
DA:91,1
DA:92,1
DA:93,1
DA:94,1
DA:95,2
LF:54
LH:54
end_of_record
SF:lib\services\api_image_url_utils.dart
DA:5,6
DA:6,6
DA:7,6
DA:9,12
DA:10,6
DA:14,1
DA:15,2
DA:16,1
DA:18,1
DA:20,2
DA:21,2
DA:23,2
DA:24,1
DA:25,2
LF:14
LH:14
end_of_record
SF:lib\services\api_json_scan_utils.dart
DA:5,3
DA:6,12
DA:8,3
DA:10,12
DA:11,2
DA:16,3
DA:17,3
DA:18,3
DA:19,3
DA:20,3
DA:21,1
DA:24,6
DA:30,3
DA:31,3
DA:32,6
DA:33,3
DA:34,3
DA:35,2
DA:38,3
DA:39,2
LF:20
LH:20
end_of_record
SF:lib\services\api_logging\body_log_formatting.dart
DA:10,5
DA:15,5
DA:20,5
DA:21,1
DA:24,9
DA:25,4
DA:28,4
DA:29,4
DA:32,1
DA:33,0
DA:36,1
DA:39,1
DA:40,2
DA:41,2
DA:42,2
DA:43,2
DA:44,1
DA:45,5
DA:49,2
DA:50,2
DA:51,2
DA:52,2
DA:53,2
DA:54,1
DA:55,4
DA:61,4
DA:62,20
DA:65,4
DA:67,4
DA:68,1
DA:70,16
DA:74,0
DA:75,0
DA:76,0
DA:80,1
DA:81,1
DA:82,1
DA:83,4
DA:87,5
DA:92,5
DA:93,10
DA:94,10
DA:95,5
DA:96,20
DA:98,0
LF:45
LH:40
end_of_record
SF:lib\services\api_logging\log_truncator.dart
DA:3,3
DA:9,5
DA:10,15
DA:11,6
DA:12,2
DA:17,5
DA:18,9
DA:19,10
DA:20,0
DA:23,6
DA:24,12
DA:25,12
DA:26,4
DA:27,2
DA:28,1
DA:29,1
DA:30,1
DA:31,2
DA:33,8
LF:19
LH:18
end_of_record
SF:lib\services\api_logging\payload_sanitizer.dart
DA:5,3
DA:12,3
DA:13,6
DA:14,10
DA:18,6
DA:19,6
DA:20,6
DA:21,1
DA:23,6
DA:24,5
DA:25,5
DA:26,3
DA:31,5
DA:33,5
DA:34,16
DA:36,5
DA:37,9
DA:39,5
DA:40,5
DA:46,6
DA:48,12
DA:49,2
DA:50,2
DA:51,4
DA:53,5
DA:54,7
DA:55,4
DA:57,15
DA:58,0
DA:59,0
DA:65,4
DA:67,8
LF:32
LH:30
end_of_record
SF:lib\services\api_logging\payload_size_estimate.dart
DA:4,5
DA:6,7
DA:7,6
DA:8,5
DA:10,4
DA:13,5
DA:14,5
DA:15,5
DA:16,9
DA:18,4
DA:19,8
DA:20,6
DA:23,12
DA:25,0
DA:32,4
DA:33,5
DA:35,8
LF:17
LH:16
end_of_record
SF:lib\services\api_logging\request_formatter.dart
DA:13,5
DA:15,5
DA:20,5
DA:21,5
DA:22,5
DA:23,5
DA:24,5
DA:25,20
DA:26,15
DA:27,15
DA:28,15
DA:30,5
DA:31,4
DA:33,8
DA:35,16
DA:37,12
DA:39,2
DA:40,3
DA:44,5
DA:45,5
DA:50,5
DA:52,5
DA:57,2
DA:59,6
DA:61,4
DA:63,2
DA:64,2
DA:65,2
DA:66,2
DA:67,8
DA:69,2
DA:70,8
DA:73,8
DA:74,8
DA:75,6
DA:76,6
DA:77,4
DA:79,2
DA:80,12
DA:85,2
DA:87,2
DA:89,2
DA:91,8
DA:92,4
DA:94,8
DA:95,2
DA:96,4
DA:100,4
DA:102,0
DA:106,2
DA:107,2
DA:110,4
DA:112,12
DA:114,8
DA:116,4
DA:117,4
DA:118,4
DA:119,4
DA:120,16
DA:122,4
DA:123,16
DA:126,16
DA:127,16
DA:128,12
DA:129,12
DA:130,16
DA:132,8
DA:133,3
DA:135,12
DA:137,0
DA:141,4
DA:143,12
DA:144,12
DA:145,8
DA:147,4
DA:148,12
DA:152,4
DA:153,4
DA:155,12
DA:157,0
DA:162,4
DA:163,4
DA:167,0
DA:168,0
LF:84
LH:79
end_of_record
SF:lib\services\api_logging\web_api_error_log_summary.dart
DA:6,1
DA:11,1
DA:12,0
DA:13,0
DA:14,0
DA:15,0
DA:19,1
DA:20,0
DA:21,0
DA:26,0
DA:30,1
DA:36,0
DA:37,0
DA:38,0
DA:39,0
DA:40,0
DA:41,0
DA:42,0
DA:46,0
DA:47,0
DA:50,0
DA:51,0
DA:55,0
LF:23
LH:4
end_of_record
SF:lib\services\api_logging\web_api_log_summary.dart
DA:12,2
DA:13,2
DA:14,2
DA:15,2
DA:16,8
DA:17,2
DA:19,1
DA:20,1
DA:21,1
DA:22,5
DA:24,0
DA:25,0
DA:26,0
DA:27,0
DA:28,0
DA:30,0
DA:31,0
DA:32,0
DA:33,0
DA:35,0
DA:37,2
DA:38,2
DA:41,1
DA:43,3
DA:45,0
DA:47,1
DA:48,1
DA:49,1
DA:50,4
DA:52,0
DA:53,0
DA:56,6
DA:57,3
DA:58,1
DA:60,0
DA:61,1
DA:62,3
DA:63,0
DA:64,0
DA:65,0
DA:66,0
DA:67,0
DA:69,0
DA:70,0
DA:72,0
DA:74,1
DA:75,1
DA:78,1
DA:79,3
DA:81,0
DA:83,1
DA:84,1
DA:85,1
DA:86,4
DA:88,0
DA:89,0
DA:92,6
DA:93,3
DA:94,3
DA:96,3
DA:97,2
DA:99,1
DA:100,1
DA:104,0
DA:106,0
DA:107,0
DA:108,0
DA:109,0
DA:110,0
DA:111,0
DA:114,0
DA:115,0
DA:117,0
DA:120,0
DA:121,0
DA:123,0
DA:126,0
LF:77
LH:38
end_of_record
SF:lib\services\api_logging_interceptor.dart
DA:16,12
DA:17,12
DA:19,4
DA:22,12
DA:24,4
DA:25,0
DA:29,4
DA:31,0
DA:32,8
DA:36,16
DA:37,8
DA:38,4
DA:39,8
DA:40,8
DA:43,4
DA:46,1
DA:48,1
DA:49,0
DA:53,1
DA:55,0
DA:56,2
DA:61,3
DA:63,2
DA:64,2
DA:65,7
DA:69,2
DA:70,2
DA:71,2
DA:75,1
DA:78,3
DA:80,9
DA:82,6
DA:85,3
DA:86,3
DA:88,0
DA:89,6
DA:95,6
DA:96,21
DA:100,3
DA:102,3
DA:103,15
DA:104,3
DA:105,6
DA:106,9
DA:107,6
DA:108,3
DA:109,9
DA:110,6
DA:111,9
DA:112,6
DA:113,6
DA:117,3
DA:120,3
DA:122,0
DA:123,3
LF:55
LH:49
end_of_record
SF:lib\services\api_parallel_sse_consumer.dart
DA:12,2
DA:19,2
DA:20,2
DA:21,2
DA:22,2
DA:24,2
DA:34,8
DA:35,2
DA:36,2
DA:37,2
DA:38,2
DA:41,1
DA:42,1
DA:44,1
DA:45,1
DA:46,1
DA:51,4
DA:53,2
DA:54,2
DA:59,2
DA:64,2
DA:79,2
DA:83,2
DA:84,2
DA:85,2
DA:87,2
DA:88,4
DA:90,2
DA:91,2
DA:92,2
DA:93,3
DA:95,2
DA:97,2
DA:98,2
DA:99,2
DA:100,2
DA:101,2
DA:106,1
DA:110,1
DA:111,2
DA:112,1
DA:114,1
DA:115,1
DA:116,1
DA:117,1
DA:118,1
DA:122,1
DA:126,1
DA:127,1
DA:128,2
DA:133,1
DA:138,1
DA:139,3
DA:140,1
DA:141,1
DA:142,1
DA:144,1
DA:149,1
DA:150,1
LF:59
LH:59
end_of_record
SF:lib\services\api_sse_dispatch.dart
DA:8,3
DA:17,3
DA:18,6
DA:19,3
DA:20,3
DA:21,3
DA:22,6
DA:23,3
DA:24,9
DA:27,3
DA:29,3
DA:32,3
DA:37,3
DA:38,3
DA:39,2
DA:40,3
LF:16
LH:16
end_of_record
SF:lib\services\receipt\receipt_printer_profile.dart
DA:15,3
DA:20,3
DA:21,3
DA:22,3
DA:24,2
DA:25,1
DA:26,1
LF:7
LH:7
end_of_record
SF:lib\utils\session_user_image_validation.dart
DA:8,0
DA:16,15
DA:22,5
DA:23,5
DA:24,5
DA:25,1
DA:27,10
DA:28,1
DA:32,5
DA:33,0
DA:38,10
DA:40,1
DA:45,8
DA:46,0
DA:47,0
DA:52,12
DA:55,4
DA:56,0
DA:57,0
DA:60,8
DA:61,0
DA:62,0
LF:22
LH:14
end_of_record
SF:lib\services\api_service_dio.dart
DA:14,27
DA:15,27
DA:16,27
DA:21,54
DA:22,27
DA:23,27
DA:28,27
DA:30,27
DA:31,81
DA:32,81
DA:35,27
DA:37,54
DA:38,27
DA:39,3
DA:42,0
DA:43,0
DA:44,0
DA:45,0
DA:46,0
DA:47,0
DA:48,0
DA:49,0
DA:50,0
DA:51,0
DA:52,0
DA:53,0
DA:54,0
DA:59,0
DA:61,0
DA:65,3
DA:74,26
DA:75,26
DA:76,26
DA:81,52
DA:82,0
DA:83,26
DA:84,26
DA:88,26
DA:89,26
DA:90,78
DA:91,78
DA:93,26
LF:42
LH:26
end_of_record
SF:lib\services\generation_api_errors.dart
DA:12,2
DA:25,2
DA:26,2
DA:28,2
DA:29,4
DA:31,2
DA:34,2
DA:35,2
DA:38,2
DA:39,2
DA:41,1
DA:42,1
DA:43,0
DA:44,0
DA:45,1
DA:46,1
DA:48,1
DA:49,3
DA:50,1
DA:53,2
DA:55,1
DA:62,0
DA:63,0
DA:71,0
DA:72,0
DA:79,2
DA:80,6
LF:27
LH:21
end_of_record
SF:lib\services\kiosk_manager.dart
DA:15,4
DA:21,3
DA:26,16
DA:27,16
DA:28,15
DA:30,11
DA:31,11
DA:34,5
DA:35,5
DA:36,5
DA:37,5
DA:38,1
DA:41,10
DA:44,4
DA:45,4
DA:46,4
DA:54,5
DA:58,3
DA:59,3
DA:62,1
DA:67,5
DA:69,5
DA:71,1
DA:74,5
DA:77,2
DA:79,2
DA:80,2
DA:86,4
DA:89,2
DA:90,2
DA:93,1
DA:98,4
DA:100,4
DA:101,4
DA:104,4
DA:106,4
DA:107,4
LF:37
LH:37
end_of_record
SF:lib\services\event_manager.dart
DA:22,5
DA:29,15
DA:31,14
DA:33,15
DA:34,15
DA:35,2
DA:37,15
DA:40,1
DA:41,1
DA:42,2
DA:43,1
DA:46,1
DA:48,1
DA:50,1
DA:51,2
DA:53,1
DA:56,2
DA:57,2
DA:58,2
DA:61,1
DA:62,1
DA:63,1
DA:66,1
DA:67,1
DA:68,2
DA:69,1
DA:72,4
DA:73,4
DA:74,1
DA:77,1
DA:79,1
DA:81,1
DA:82,2
DA:87,1
DA:88,1
DA:90,1
DA:92,1
DA:95,1
DA:98,2
DA:99,2
DA:100,4
DA:101,2
DA:102,2
DA:103,2
DA:107,4
DA:108,8
DA:110,4
DA:111,4
DA:112,1
DA:115,4
DA:118,2
DA:119,2
DA:121,2
DA:122,2
DA:123,1
DA:126,2
DA:129,2
DA:137,2
DA:138,2
DA:139,2
DA:140,2
DA:141,2
DA:142,2
DA:144,2
DA:146,2
DA:147,2
DA:150,2
DA:153,2
DA:154,2
DA:155,2
DA:156,2
DA:157,2
DA:158,2
DA:159,2
DA:160,2
LF:75
LH:75
end_of_record
SF:lib\services\api_service_legacy_media.dart
DA:25,0
DA:27,0
DA:36,0
DA:43,0
DA:50,0
DA:51,0
DA:53,0
DA:56,0
DA:60,0
DA:66,0
DA:67,0
DA:69,0
DA:72,0
DA:77,0
DA:78,0
DA:81,0
DA:82,0
DA:83,0
DA:85,0
DA:87,0
DA:88,0
DA:89,0
DA:93,0
DA:96,0
DA:99,0
DA:100,0
DA:101,0
DA:104,0
DA:105,0
DA:107,0
DA:108,0
DA:111,0
DA:112,0
DA:117,0
DA:124,0
DA:125,0
DA:127,0
DA:128,0
DA:131,0
DA:132,0
DA:133,0
DA:137,0
DA:138,0
DA:141,0
DA:142,0
DA:143,0
DA:144,0
DA:146,0
DA:147,0
DA:150,0
DA:151,0
DA:152,0
DA:155,0
DA:157,0
DA:158,0
DA:160,0
DA:162,0
DA:163,0
DA:167,0
DA:168,0
DA:173,0
DA:180,0
DA:183,0
DA:184,0
DA:185,0
DA:186,0
DA:191,0
DA:192,0
DA:193,0
DA:194,0
DA:195,0
DA:196,0
DA:198,0
DA:200,0
DA:208,0
DA:214,0
DA:217,0
DA:224,0
DA:226,0
DA:227,0
DA:229,0
DA:230,0
DA:231,0
DA:232,0
DA:233,0
DA:235,0
DA:238,0
DA:244,0
DA:245,0
DA:246,0
DA:247,0
DA:248,0
DA:249,0
DA:251,0
DA:254,0
DA:255,0
DA:267,0
DA:268,0
DA:273,0
DA:276,0
DA:287,0
DA:288,0
DA:289,0
DA:290,0
DA:292,0
DA:293,0
DA:296,0
DA:297,0
DA:298,0
DA:299,0
DA:300,0
DA:301,0
DA:302,0
DA:308,0
DA:309,0
DA:310,0
DA:313,0
DA:314,0
DA:315,0
DA:318,0
DA:319,0
LF:121
LH:0
end_of_record
SF:lib\services\api_service_helpers.dart
DA:19,4
DA:20,16
DA:21,10
DA:22,10
DA:23,4
DA:24,4
DA:25,4
DA:27,1
DA:28,1
DA:30,2
DA:31,2
DA:36,3
DA:37,3
DA:38,3
DA:41,3
DA:42,12
DA:43,3
DA:46,2
DA:51,2
DA:52,2
DA:55,1
DA:56,1
DA:57,1
DA:58,1
DA:59,1
DA:62,1
DA:63,2
DA:66,1
DA:70,2
DA:71,4
DA:72,2
DA:73,2
DA:76,2
DA:80,2
DA:81,1
DA:83,2
DA:84,2
DA:85,4
DA:88,1
DA:89,2
DA:90,2
DA:95,4
DA:105,4
DA:107,1
DA:108,1
DA:109,1
DA:111,2
DA:112,4
DA:113,2
DA:114,2
DA:115,2
DA:116,2
DA:118,4
DA:119,3
DA:127,4
DA:131,6
DA:132,1
DA:133,4
DA:138,3
DA:147,6
DA:152,2
DA:154,6
DA:155,1
DA:156,1
DA:159,3
DA:160,3
DA:161,1
DA:164,3
DA:165,3
DA:166,3
DA:168,3
DA:169,3
DA:173,3
DA:178,3
DA:179,6
DA:180,6
DA:181,4
LF:77
LH:77
end_of_record
SF:lib\services\api_service_web_session_patch_stub.dart
DA:5,0
DA:12,0
LF:2
LH:0
end_of_record
SF:lib\services\api_session_patch_json.dart
DA:7,2
DA:8,2
DA:9,6
DA:11,2
DA:13,1
DA:18,1
DA:19,1
DA:20,2
DA:21,1
DA:22,1
DA:23,3
DA:24,2
DA:25,4
DA:26,1
DA:29,1
DA:32,1
DA:33,1
DA:35,1
DA:40,4
DA:42,4
DA:43,4
DA:45,6
DA:46,2
DA:48,4
DA:49,8
DA:51,2
DA:52,2
DA:54,2
DA:55,2
DA:56,6
DA:61,5
DA:62,5
DA:63,5
DA:64,21
DA:65,10
DA:66,4
DA:71,4
DA:72,2
DA:77,5
DA:78,2
DA:85,4
DA:86,4
DA:87,4
DA:90,4
DA:91,4
DA:96,5
DA:97,5
DA:99,8
DA:100,1
DA:102,1
DA:103,1
DA:104,1
LF:52
LH:52
end_of_record
SF:lib\services\api_sse_event_handlers.dart
DA:8,3
DA:17,3
DA:18,3
DA:19,3
DA:20,1
DA:21,3
DA:22,1
DA:23,3
DA:24,1
DA:25,3
DA:26,1
DA:27,3
DA:28,1
DA:29,3
DA:31,3
DA:32,1
DA:33,3
DA:34,3
DA:35,3
DA:36,1
DA:37,3
DA:38,3
DA:39,2
DA:40,2
DA:41,2
DA:47,3
DA:48,3
DA:49,2
DA:51,2
DA:56,1
DA:57,1
DA:58,1
DA:60,1
DA:65,1
DA:66,1
DA:67,1
DA:68,1
DA:69,2
DA:73,1
DA:77,1
DA:78,1
DA:80,2
DA:84,1
DA:88,1
DA:90,2
DA:94,1
DA:98,1
DA:99,1
DA:100,1
DA:104,1
DA:108,1
DA:109,1
DA:110,2
DA:114,3
DA:120,6
DA:121,3
DA:122,3
DA:124,3
DA:125,6
DA:127,3
DA:130,6
DA:131,3
DA:132,4
DA:134,3
DA:135,3
DA:137,4
DA:139,1
DA:143,3
DA:149,3
DA:150,3
DA:151,15
DA:152,3
DA:153,6
DA:154,6
DA:158,3
DA:159,4
DA:160,3
DA:161,6
DA:162,3
DA:163,3
DA:164,3
DA:165,3
DA:166,6
DA:168,3
DA:176,2
DA:180,2
DA:181,2
DA:183,2
DA:184,4
DA:188,3
DA:189,3
DA:190,4
DA:194,3
DA:195,3
DA:196,4
LF:95
LH:95
end_of_record
SF:lib\utils\canon_stack_sync.dart
DA:11,3
DA:16,3
DA:17,6
DA:20,6
DA:22,6
DA:25,1
LF:6
LH:6
end_of_record
SF:lib\utils\event_station_role.dart
DA:11,2
DA:12,2
DA:14,2
DA:15,4
DA:16,2
DA:17,2
DA:24,1
DA:28,2
DA:31,1
DA:32,1
DA:34,1
DA:36,1
DA:43,1
DA:45,1
DA:47,1
DA:49,1
DA:51,1
DA:53,1
DA:59,1
LF:19
LH:19
end_of_record
SF:lib\services\file_helper_io.dart
DA:10,3
DA:11,3
DA:12,2
DA:16,2
DA:17,4
DA:21,2
DA:22,2
DA:27,2
DA:29,2
DA:30,0
DA:31,0
DA:35,0
DA:36,0
DA:37,0
DA:38,0
DA:40,0
LF:16
LH:9
end_of_record
SF:lib\utils\file_helper_temp_cleanup.dart
DA:2,1
DA:3,1
DA:4,1
DA:5,1
DA:6,1
DA:7,1
DA:8,1
DA:29,2
DA:30,1
DA:35,2
LF:10
LH:10
end_of_record
SF:lib\services\print_selection_coordinator.dart
DA:8,8
DA:9,16
DA:10,8
DA:18,4
DA:24,8
DA:25,4
DA:26,4
DA:27,4
DA:28,4
DA:31,2
DA:32,2
DA:36,1
DA:37,2
DA:39,1
DA:40,2
DA:41,2
DA:42,1
DA:43,6
DA:45,3
DA:48,1
DA:51,1
DA:52,2
DA:55,3
DA:56,6
DA:57,3
DA:58,3
DA:59,3
DA:60,3
LF:28
LH:28
end_of_record
SF:lib\utils\image_helper_channel_fix.dart
DA:4,1
DA:5,3
DA:6,3
DA:7,1
DA:8,5
LF:5
LH:5
end_of_record
SF:lib\utils\image_helper_encode.dart
DA:15,2
DA:22,3
DA:23,18
DA:26,6
DA:29,3
DA:31,3
DA:32,3
DA:33,3
DA:34,3
DA:37,6
DA:38,6
DA:55,1
DA:56,1
DA:57,1
DA:58,1
DA:69,1
DA:72,2
DA:79,1
DA:80,6
DA:83,2
DA:86,2
DA:87,2
DA:94,1
DA:98,1
DA:101,0
DA:103,0
DA:105,0
DA:106,0
DA:112,0
DA:113,0
DA:114,0
DA:115,0
DA:116,0
DA:118,0
DA:119,0
DA:125,1
DA:129,1
DA:130,1
DA:132,0
DA:134,0
DA:136,0
DA:137,0
DA:138,0
DA:139,0
DA:145,0
DA:146,0
DA:147,0
DA:148,0
DA:149,0
DA:150,0
DA:151,0
DA:153,0
DA:154,0
DA:159,0
DA:163,0
DA:164,0
DA:165,0
DA:166,0
DA:167,0
DA:168,0
DA:169,0
DA:177,0
DA:178,0
DA:179,0
DA:180,0
DA:188,0
DA:189,0
DA:190,0
DA:193,0
DA:194,0
DA:195,0
DA:196,0
DA:202,1
DA:213,1
DA:215,0
DA:218,1
DA:219,1
DA:220,1
DA:227,1
DA:234,1
DA:242,1
DA:243,0
DA:246,2
DA:249,1
DA:260,2
DA:261,0
DA:262,0
DA:263,0
DA:264,0
DA:265,0
DA:268,1
DA:269,1
DA:270,0
DA:271,1
DA:272,2
DA:273,2
DA:279,1
DA:289,1
DA:290,1
DA:291,1
DA:293,2
DA:294,0
DA:297,0
DA:298,0
DA:299,0
DA:300,0
DA:301,0
DA:307,0
DA:310,0
LF:109
LH:48
end_of_record
SF:lib\utils\coalesced_string_list_notifier.dart
DA:7,4
DA:15,4
DA:16,8
DA:17,4
DA:20,1
DA:21,2
DA:22,3
DA:25,4
DA:27,4
DA:40,4
DA:41,8
DA:42,8
DA:43,8
DA:44,8
DA:45,8
DA:46,12
LF:16
LH:16
end_of_record
SF:lib\services\direct_ptp_camera_service.dart
DA:34,2
DA:35,2
DA:36,2
DA:37,2
DA:38,2
DA:39,2
DA:42,2
DA:43,2
DA:44,2
DA:45,2
DA:46,2
DA:50,2
DA:52,2
DA:54,2
DA:56,2
DA:58,2
DA:60,2
DA:62,2
DA:64,2
DA:66,2
DA:68,2
DA:70,2
DA:72,2
DA:74,2
DA:76,2
DA:78,2
DA:80,2
DA:82,2
DA:92,5
DA:101,2
DA:102,2
DA:103,4
DA:104,2
DA:105,2
DA:106,2
DA:107,4
DA:123,3
DA:124,3
DA:126,2
DA:127,2
DA:128,6
DA:129,4
DA:131,1
DA:133,1
DA:134,3
DA:135,3
DA:136,3
DA:137,3
DA:138,3
DA:140,1
DA:141,6
DA:147,2
DA:156,2
DA:157,2
DA:158,2
DA:159,2
DA:160,2
DA:161,2
DA:162,2
DA:163,4
DA:174,1
DA:175,1
DA:176,3
DA:177,3
DA:189,1
DA:191,1
DA:193,1
DA:195,1
DA:197,1
DA:212,2
DA:221,1
DA:222,1
DA:223,1
DA:224,1
DA:225,1
DA:226,1
DA:227,2
DA:228,2
DA:245,3
DA:247,1
DA:249,5
DA:255,5
DA:263,1
DA:264,1
DA:265,1
DA:267,1
DA:268,1
DA:269,1
DA:271,1
DA:272,2
DA:274,1
DA:275,1
DA:276,1
DA:292,1
DA:293,4
DA:294,3
DA:297,1
DA:298,2
DA:300,1
DA:301,1
DA:302,4
DA:303,1
DA:315,1
DA:393,2
DA:394,1
DA:395,1
DA:396,1
DA:397,1
DA:398,1
DA:399,1
DA:400,1
DA:401,1
DA:402,1
DA:403,1
DA:404,1
DA:405,1
DA:406,1
DA:407,1
DA:408,1
DA:409,1
DA:420,5
DA:427,10
DA:438,15
DA:444,2
DA:445,2
DA:447,4
DA:449,2
DA:460,2
DA:461,2
DA:463,2
DA:464,2
DA:466,2
DA:468,2
DA:478,2
DA:479,2
DA:486,4
DA:489,2
DA:490,4
DA:493,2
DA:494,1
DA:497,1
DA:503,2
DA:504,2
DA:508,4
DA:510,2
DA:512,2
DA:513,1
DA:516,1
DA:529,1
DA:532,1
DA:540,2
DA:542,1
DA:546,1
DA:547,2
DA:550,2
DA:551,1
DA:554,1
DA:560,2
DA:561,2
DA:563,4
DA:565,2
DA:573,4
DA:576,4
DA:580,4
DA:582,2
DA:584,1
DA:586,2
DA:587,1
DA:592,1
DA:593,1
DA:594,4
DA:595,2
LF:172
LH:172
end_of_record
SF:lib\services\error_reporting\bugsnag_error_reporter.dart
DA:11,0
DA:17,0
DA:18,0
DA:19,0
DA:24,0
DA:25,0
DA:31,0
DA:33,0
DA:36,0
DA:39,0
DA:40,0
DA:46,0
DA:54,0
DA:57,0
DA:60,0
DA:63,0
DA:69,0
DA:70,0
DA:71,0
DA:77,0
DA:85,0
DA:86,0
DA:92,0
DA:94,0
DA:97,0
DA:100,0
DA:101,0
DA:107,0
DA:109,0
DA:112,0
DA:115,0
DA:116,0
DA:122,0
DA:124,0
DA:128,0
DA:129,0
DA:130,0
DA:133,0
DA:134,0
DA:140,0
DA:142,0
DA:147,0
DA:150,0
DA:151,0
DA:157,0
DA:158,0
DA:160,0
DA:162,0
DA:166,0
DA:167,0
DA:168,0
LF:51
LH:0
end_of_record
SF:lib\services\local_camera_service.dart
DA:15,3
DA:16,6
DA:17,6
DA:18,6
DA:19,6
DA:30,13
DA:36,1
DA:37,10
DA:56,2
DA:57,2
DA:59,3
DA:62,2
DA:63,4
DA:70,6
DA:72,19
DA:76,3
DA:77,3
DA:78,5
DA:81,12
DA:84,6
DA:87,3
DA:90,1
DA:91,1
DA:92,1
DA:93,1
DA:94,1
DA:98,6
DA:99,6
DA:100,16
DA:103,2
DA:104,2
DA:105,1
DA:110,3
DA:111,3
DA:112,3
DA:117,1
DA:118,1
DA:119,1
DA:122,3
DA:124,3
DA:127,2
DA:129,6
DA:130,8
DA:132,2
DA:136,5
DA:137,15
DA:138,5
DA:139,10
DA:144,5
DA:145,5
DA:146,3
DA:148,5
DA:149,6
DA:150,1
DA:153,5
DA:154,5
DA:155,15
DA:156,20
DA:157,5
DA:161,5
DA:162,8
DA:163,5
DA:164,5
DA:171,3
DA:172,3
DA:173,2
DA:174,3
DA:176,3
DA:177,9
DA:178,6
DA:179,9
DA:180,6
DA:181,2
DA:182,4
DA:186,4
DA:187,2
DA:188,8
DA:189,4
DA:190,2
DA:191,2
DA:193,2
DA:196,6
DA:197,2
DA:198,4
DA:200,4
DA:207,3
DA:208,3
DA:210,3
DA:211,9
DA:212,6
DA:213,6
DA:220,3
DA:224,3
DA:225,1
DA:227,3
DA:228,3
DA:229,3
DA:230,3
DA:232,3
DA:233,3
DA:242,2
DA:248,2
DA:249,1
DA:251,1
DA:252,2
DA:253,4
DA:257,2
DA:258,4
DA:265,5
DA:266,3
DA:267,1
DA:268,1
DA:270,1
DA:271,2
DA:278,2
DA:279,2
DA:280,4
DA:282,2
DA:283,2
DA:286,2
DA:288,4
DA:289,6
DA:290,4
DA:291,2
DA:292,4
DA:294,2
DA:295,2
DA:296,3
DA:297,1
DA:298,1
DA:300,1
DA:301,2
DA:302,2
DA:309,2
DA:316,2
DA:320,2
DA:321,1
DA:323,2
DA:324,2
DA:325,4
DA:326,2
DA:327,6
DA:328,2
DA:329,6
DA:330,8
DA:331,2
DA:332,1
DA:333,1
DA:335,2
DA:337,2
DA:340,4
DA:346,1
DA:350,1
DA:351,1
DA:353,1
DA:354,1
DA:355,1
DA:356,1
DA:357,1
DA:358,1
DA:360,2
DA:362,1
DA:363,4
DA:364,1
DA:365,2
DA:369,2
DA:371,2
DA:376,1
DA:377,1
DA:378,2
DA:380,1
DA:381,3
DA:382,1
DA:383,2
DA:384,2
DA:385,1
DA:386,2
DA:397,2
DA:401,2
DA:402,1
DA:404,1
DA:405,2
DA:406,4
DA:407,2
DA:408,6
DA:409,2
DA:410,6
DA:411,2
DA:412,4
DA:413,4
DA:414,4
DA:416,8
DA:418,6
DA:419,2
DA:420,2
DA:421,4
DA:422,2
DA:425,2
DA:426,4
DA:430,4
DA:434,2
DA:439,2
DA:443,2
DA:444,3
DA:445,4
DA:447,2
DA:448,2
DA:449,2
DA:450,2
DA:451,2
DA:452,2
DA:454,4
DA:456,2
DA:457,2
DA:458,4
DA:459,1
DA:460,2
DA:464,2
DA:466,2
DA:470,2
DA:472,4
DA:473,2
DA:477,1
DA:480,3
DA:481,12
DA:482,6
DA:483,2
DA:484,2
DA:485,2
DA:486,4
DA:490,3
DA:491,3
DA:492,4
DA:495,6
DA:496,6
DA:497,6
DA:498,1
DA:499,2
DA:501,3
DA:502,1
DA:503,2
DA:506,3
DA:509,9
DA:510,18
LF:244
LH:244
end_of_record
SF:lib\utils\camera_sidecar_config.dart
DA:23,15
DA:46,42
DA:50,7
DA:51,20
DA:53,12
DA:55,2
DA:56,4
DA:59,20
DA:62,2
DA:63,2
DA:64,6
DA:65,4
DA:66,4
DA:70,2
DA:71,2
DA:72,6
DA:73,4
DA:74,2
DA:77,2
DA:80,2
DA:81,2
DA:82,3
DA:84,2
DA:85,3
DA:86,1
DA:89,12
DA:90,12
DA:92,12
DA:93,36
DA:94,12
DA:102,12
DA:109,12
DA:110,12
DA:119,12
DA:128,1
DA:129,1
DA:131,12
DA:132,24
DA:133,26
DA:162,17
DA:163,51
DA:164,17
DA:165,17
DA:166,17
DA:167,17
DA:169,17
DA:170,17
DA:171,17
DA:172,17
DA:173,17
DA:175,17
DA:176,17
DA:177,17
DA:178,17
DA:185,1
DA:186,2
DA:187,1
DA:188,1
DA:189,1
DA:190,1
DA:194,3
DA:195,3
DA:196,6
DA:197,2
DA:201,3
DA:206,6
DA:207,3
DA:208,3
DA:209,3
DA:212,10
DA:214,20
DA:217,4
DA:221,4
DA:230,3
DA:231,3
DA:232,3
DA:233,1
DA:234,1
DA:235,1
DA:236,1
DA:241,11
DA:242,15
DA:245,9
DA:252,11
DA:256,15
DA:259,1
DA:260,9
DA:265,3
DA:266,12
DA:267,1
DA:273,9
DA:276,10
DA:284,23
DA:288,30
DA:289,40
DA:291,10
DA:300,3
DA:304,6
DA:305,3
DA:306,4
DA:309,9
DA:310,3
DA:312,3
DA:315,6
DA:317,3
DA:320,6
DA:336,11
DA:343,1
DA:348,11
DA:349,11
DA:350,11
DA:352,11
DA:353,4
DA:359,10
DA:360,10
DA:361,1
DA:366,10
DA:373,3
DA:375,1
DA:384,3
LF:120
LH:120
end_of_record
SF:lib\utils\sidecar_error_parse.dart
DA:3,4
DA:15,4
DA:16,7
DA:18,4
DA:19,4
DA:20,4
DA:21,4
DA:22,6
DA:23,6
DA:27,12
DA:28,12
DA:29,12
DA:30,12
DA:31,12
DA:37,4
DA:38,4
DA:39,8
DA:41,4
DA:45,8
DA:47,2
DA:49,8
DA:50,2
DA:53,9
DA:54,9
DA:56,8
DA:57,4
LF:26
LH:26
end_of_record
SF:lib\utils\camera_source_config.dart
DA:27,3
DA:35,1
DA:39,3
DA:40,1
DA:41,1
DA:42,1
DA:43,1
DA:45,1
DA:46,1
DA:47,1
DA:49,1
DA:50,1
DA:52,1
DA:53,1
DA:54,1
DA:55,1
DA:73,5
DA:77,10
DA:78,1
DA:86,7
DA:93,13
DA:94,7
DA:95,6
DA:96,6
DA:100,5
DA:104,5
DA:105,5
DA:106,5
DA:110,10
DA:122,1
DA:123,2
LF:31
LH:31
end_of_record
SF:lib\utils\canon_sidecar_status_channel.dart
DA:11,2
DA:13,2
DA:21,2
DA:23,2
DA:31,1
DA:33,1
DA:42,1
DA:45,1
LF:8
LH:8
end_of_record
SF:lib\utils\canon_usb_permission.dart
DA:13,1
DA:14,1
DA:15,2
DA:19,2
DA:20,2
DA:23,1
DA:24,2
DA:30,1
DA:34,2
DA:35,1
DA:36,2
DA:37,1
DA:38,1
DA:39,1
DA:43,1
DA:50,2
DA:51,1
DA:52,2
DA:53,1
DA:55,1
DA:57,2
DA:58,2
DA:59,1
DA:60,2
DA:62,1
DA:64,1
DA:65,1
DA:67,1
DA:68,1
DA:72,1
DA:77,1
DA:81,1
DA:82,1
DA:83,1
DA:86,1
DA:91,1
DA:95,2
DA:96,1
DA:98,1
DA:99,1
DA:100,1
DA:102,1
DA:104,1
DA:106,1
DA:107,2
DA:111,1
DA:117,2
DA:118,1
DA:120,1
DA:121,2
DA:122,2
DA:123,1
DA:124,2
DA:126,1
DA:128,1
DA:129,1
DA:130,2
DA:132,1
DA:133,2
DA:134,2
DA:139,1
DA:145,1
DA:149,2
DA:150,1
DA:152,1
DA:153,1
DA:154,2
DA:156,1
DA:157,1
DA:161,1
DA:165,1
DA:166,1
DA:170,1
DA:178,1
DA:181,2
DA:182,1
DA:185,1
DA:192,2
DA:196,4
DA:197,2
DA:199,2
DA:200,2
DA:201,1
DA:203,1
DA:212,2
DA:218,4
DA:219,2
DA:221,1
DA:222,2
DA:224,1
DA:226,1
DA:227,2
DA:228,1
DA:229,1
DA:231,2
DA:233,2
DA:234,2
DA:235,1
DA:236,2
DA:237,2
DA:238,2
DA:239,1
DA:241,1
DA:247,1
DA:248,2
DA:249,1
DA:250,1
DA:258,1
DA:262,2
DA:263,1
DA:264,1
DA:266,1
DA:269,1
DA:270,1
DA:278,1
DA:284,2
DA:285,1
DA:286,1
DA:288,1
DA:289,1
LF:120
LH:120
end_of_record
SF:lib\utils\logger_stack_frame.dart
DA:5,62
DA:15,310
DA:18,62
DA:19,124
DA:20,248
DA:21,62
DA:22,62
DA:23,62
DA:25,2
DA:29,62
DA:32,62
DA:33,62
DA:35,62
DA:38,1
DA:39,1
DA:40,2
DA:41,1
DA:42,1
DA:45,1
DA:46,2
DA:47,1
DA:48,1
DA:52,62
DA:53,248
DA:54,62
DA:55,62
DA:56,124
DA:58,124
DA:59,62
DA:60,62
DA:61,60
DA:62,62
DA:68,1
DA:69,1
DA:70,2
DA:71,2
DA:72,2
LF:37
LH:37
end_of_record
SF:lib\app_routes.dart
DA:35,1
DA:36,1
DA:37,0
DA:38,0
DA:39,0
DA:40,0
DA:41,0
DA:43,0
DA:44,0
DA:45,0
DA:46,0
DA:47,0
DA:49,0
DA:51,0
DA:52,0
DA:53,0
DA:54,0
DA:55,0
DA:56,0
DA:61,0
DA:63,0
DA:65,0
DA:66,0
DA:67,0
DA:69,0
DA:70,0
DA:71,0
DA:73,0
DA:74,0
DA:75,0
DA:76,0
DA:77,0
DA:78,0
DA:79,0
DA:81,0
DA:83,0
DA:85,0
DA:87,0
DA:88,0
LF:39
LH:2
end_of_record
SF:lib\screens\splash\bootstrap_route_args.dart
DA:3,2
DA:12,1
LF:2
LH:2
end_of_record
SF:lib\screens\event_station\event_capture_station_view.dart
DA:15,2
DA:17,0
DA:18,0
DA:19,0
DA:20,0
DA:21,0
DA:24,0
DA:26,0
DA:27,0
DA:28,0
DA:31,0
DA:32,0
DA:33,0
DA:34,0
DA:38,0
DA:39,0
DA:40,0
DA:42,0
DA:44,0
DA:45,0
DA:47,0
DA:49,0
DA:50,0
DA:51,0
DA:52,0
DA:53,0
DA:55,0
DA:57,0
DA:58,0
DA:60,0
DA:62,0
DA:63,0
DA:65,0
DA:69,0
DA:70,0
DA:74,0
DA:75,0
DA:76,0
DA:78,0
DA:79,0
DA:80,0
DA:82,0
DA:83,0
DA:86,0
DA:89,0
DA:94,0
DA:95,0
DA:100,0
DA:101,0
DA:103,0
DA:104,0
DA:109,0
DA:110,0
DA:112,0
DA:113,0
DA:114,0
DA:116,0
DA:118,0
DA:122,0
DA:126,0
LF:60
LH:1
end_of_record
SF:lib\screens\event_station\event_print_station_view.dart
DA:15,2
DA:17,0
DA:18,0
DA:19,0
DA:20,0
DA:21,0
DA:24,0
DA:26,0
DA:27,0
DA:28,0
DA:29,0
DA:31,0
DA:33,0
DA:36,0
DA:39,0
DA:40,0
DA:43,0
DA:44,0
DA:45,0
DA:46,0
DA:50,0
DA:51,0
DA:52,0
DA:54,0
DA:56,0
DA:57,0
DA:59,0
DA:60,0
DA:61,0
DA:62,0
DA:63,0
DA:65,0
DA:67,0
DA:68,0
DA:70,0
DA:72,0
DA:73,0
DA:75,0
DA:78,0
DA:79,0
DA:81,0
DA:82,0
DA:87,0
DA:88,0
DA:89,0
DA:93,0
DA:101,0
DA:102,0
DA:103,0
DA:104,0
DA:105,0
DA:106,0
DA:107,0
DA:112,0
DA:113,0
DA:115,0
DA:116,0
DA:131,0
DA:136,0
DA:138,0
DA:139,0
DA:140,0
DA:144,0
DA:145,0
DA:146,0
LF:65
LH:1
end_of_record
SF:lib\screens\event_station\event_station_picker_view.dart
DA:11,2
DA:16,0
DA:17,0
DA:18,0
DA:19,0
DA:22,0
DA:24,0
DA:25,0
DA:28,0
DA:29,0
DA:31,0
DA:33,0
DA:35,0
DA:36,0
DA:39,0
DA:46,0
DA:49,0
DA:56,0
DA:59,0
DA:66,0
DA:69,0
DA:79,0
DA:89,0
DA:91,0
DA:92,0
DA:93,0
DA:95,0
DA:97,0
DA:98,0
DA:99,0
DA:101,0
LF:31
LH:1
end_of_record
SF:lib\screens\event_station\event_theme_station_view.dart
DA:14,2
DA:16,0
DA:17,0
DA:18,0
DA:19,0
DA:20,0
DA:23,0
DA:25,0
DA:26,0
DA:27,0
DA:30,0
DA:31,0
DA:32,0
DA:33,0
DA:37,0
DA:38,0
DA:39,0
DA:40,0
DA:42,0
DA:44,0
DA:46,0
DA:47,0
DA:49,0
DA:50,0
DA:51,0
DA:52,0
DA:53,0
DA:55,0
DA:57,0
DA:58,0
DA:60,0
DA:62,0
DA:63,0
DA:65,0
DA:68,0
DA:69,0
DA:71,0
DA:72,0
DA:77,0
DA:78,0
DA:79,0
DA:83,0
DA:91,0
DA:92,0
DA:93,0
DA:94,0
DA:96,0
DA:97,0
DA:99,0
DA:100,0
DA:101,0
DA:107,0
DA:108,0
DA:110,0
DA:111,0
DA:126,0
DA:130,0
DA:132,0
DA:133,0
DA:134,0
DA:135,0
DA:137,0
DA:139,0
DA:140,0
DA:141,0
DA:146,0
DA:147,0
DA:155,0
DA:156,0
DA:157,0
DA:158,0
DA:160,0
DA:161,0
DA:166,0
DA:168,0
DA:169,0
DA:171,0
LF:77
LH:1
end_of_record
SF:lib\screens\print_selection\print_selection_view.dart
DA:21,2
DA:23,0
DA:24,0
DA:32,0
DA:34,0
DA:35,0
DA:36,0
DA:37,0
DA:38,0
DA:39,0
DA:40,0
DA:41,0
DA:42,0
DA:43,0
DA:45,0
DA:47,0
DA:50,0
DA:52,0
DA:53,0
DA:54,0
DA:55,0
DA:56,0
DA:61,0
DA:63,0
DA:64,0
DA:67,0
DA:68,0
DA:69,0
DA:70,0
DA:75,0
DA:76,0
DA:77,0
DA:78,0
DA:80,0
DA:83,0
DA:84,0
DA:86,0
DA:87,0
DA:88,0
DA:91,0
DA:92,0
DA:93,0
DA:94,0
DA:97,0
DA:99,0
DA:100,0
DA:101,0
DA:102,0
DA:103,0
DA:104,0
DA:108,0
DA:109,0
DA:115,0
DA:119,0
DA:121,0
DA:122,0
DA:123,0
DA:124,0
DA:125,0
DA:126,0
DA:129,0
DA:130,0
DA:133,0
DA:135,0
DA:139,0
DA:140,0
DA:141,0
DA:143,0
DA:144,0
DA:145,0
DA:149,0
DA:150,0
DA:152,0
DA:156,0
DA:158,0
DA:159,0
DA:164,0
DA:166,0
DA:167,0
DA:168,0
DA:170,0
DA:171,0
DA:178,0
DA:179,0
DA:180,0
DA:181,0
DA:184,0
DA:186,0
DA:187,0
DA:190,0
DA:191,0
DA:195,0
DA:196,0
DA:197,0
DA:198,0
DA:199,0
DA:202,0
DA:203,0
DA:204,0
DA:205,0
DA:208,0
DA:210,0
DA:217,0
DA:218,0
DA:219,0
DA:221,0
DA:222,0
DA:223,0
DA:231,0
DA:232,0
DA:234,0
DA:235,0
DA:240,0
DA:241,0
DA:242,0
DA:258,0
DA:270,0
DA:272,0
DA:273,0
DA:274,0
DA:276,0
DA:278,0
DA:280,0
DA:281,0
DA:282,0
DA:283,0
DA:284,0
DA:285,0
DA:286,0
DA:287,0
DA:288,0
DA:289,0
DA:290,0
DA:291,0
DA:295,0
DA:297,0
DA:298,0
DA:299,0
DA:302,0
DA:303,0
DA:304,0
DA:305,0
DA:314,0
DA:316,0
DA:317,0
DA:318,0
DA:324,0
DA:325,0
DA:328,0
DA:329,0
DA:333,0
DA:334,0
LF:152
LH:1
end_of_record
SF:lib\screens\experience_choice\experience_choice_view.dart
DA:25,2
DA:37,0
DA:38,0
DA:46,0
DA:48,0
DA:49,0
DA:50,0
DA:51,0
DA:52,0
DA:56,0
DA:57,0
DA:58,0
DA:59,0
DA:60,0
DA:63,0
DA:65,0
DA:66,0
DA:69,0
DA:70,0
DA:72,0
DA:73,0
DA:74,0
DA:75,0
DA:76,0
DA:77,0
DA:79,0
DA:81,0
DA:84,0
DA:91,0
DA:92,0
DA:93,0
DA:95,0
DA:96,0
DA:97,0
DA:101,0
DA:102,0
DA:104,0
DA:105,0
DA:112,0
DA:114,0
DA:115,0
DA:116,0
DA:117,0
DA:118,0
DA:119,0
DA:121,0
DA:144,0
DA:145,0
DA:146,0
DA:151,0
DA:153,0
DA:154,0
DA:155,0
DA:157,0
DA:158,0
DA:159,0
DA:160,0
DA:161,0
DA:162,0
DA:164,0
DA:165,0
DA:167,0
DA:168,0
DA:187,0
DA:207,0
DA:209,0
DA:211,0
DA:212,0
DA:213,0
DA:214,0
DA:215,0
DA:216,0
DA:222,0
DA:225,0
DA:226,0
DA:229,0
DA:230,0
DA:237,0
DA:240,0
DA:241,0
DA:247,0
DA:248,0
DA:250,0
DA:251,0
DA:254,0
DA:255,0
DA:260,0
DA:263,0
DA:265,0
DA:268,0
DA:270,0
DA:273,0
DA:275,0
DA:276,0
DA:277,0
DA:278,0
DA:279,0
DA:280,0
DA:285,0
DA:286,0
DA:287,0
DA:288,0
DA:290,0
DA:291,0
DA:304,0
DA:314,0
DA:316,0
DA:317,0
DA:319,0
DA:321,0
DA:322,0
DA:324,0
DA:325,0
DA:331,0
DA:332,0
DA:333,0
DA:334,0
DA:335,0
DA:336,0
DA:337,0
DA:338,0
DA:346,0
DA:347,0
DA:348,0
DA:349,0
DA:367,0
DA:387,0
DA:389,0
DA:390,0
DA:392,0
DA:394,0
DA:395,0
DA:397,0
DA:398,0
DA:399,0
DA:401,0
DA:402,0
DA:404,0
DA:405,0
DA:406,0
DA:407,0
DA:414,0
DA:415,0
DA:416,0
DA:423,0
DA:425,0
DA:428,0
DA:430,0
DA:437,0
DA:438,0
DA:441,0
DA:446,0
DA:448,0
DA:449,0
DA:450,0
DA:451,0
DA:453,0
DA:454,0
DA:455,0
DA:456,0
DA:460,0
DA:462,0
DA:463,0
DA:464,0
DA:465,0
DA:466,0
DA:470,0
DA:471,0
LF:168
LH:1
end_of_record
SF:lib\screens\frame_select\frame_select_view.dart
DA:23,2
DA:25,0
DA:26,0
DA:40,0
DA:42,0
DA:43,0
DA:46,0
DA:48,0
DA:49,0
DA:50,0
DA:52,0
DA:53,0
DA:54,0
DA:55,0
DA:59,0
DA:60,0
DA:61,0
DA:62,0
DA:63,0
DA:64,0
DA:68,0
DA:69,0
DA:70,0
DA:72,0
DA:75,0
DA:76,0
DA:80,0
DA:82,0
DA:84,0
DA:88,0
DA:91,0
DA:92,0
DA:93,0
DA:95,0
DA:96,0
DA:97,0
DA:101,0
DA:102,0
DA:103,0
DA:104,0
DA:109,0
DA:110,0
DA:111,0
DA:113,0
DA:115,0
DA:117,0
DA:118,0
DA:119,0
DA:123,0
DA:124,0
DA:125,0
DA:129,0
DA:131,0
DA:132,0
DA:133,0
DA:137,0
DA:139,0
DA:140,0
DA:143,0
DA:145,0
DA:146,0
DA:152,0
DA:153,0
DA:154,0
DA:155,0
DA:157,0
DA:158,0
DA:159,0
DA:169,0
DA:170,0
DA:171,0
DA:172,0
DA:173,0
DA:176,0
DA:206,0
DA:208,0
DA:210,0
DA:214,0
DA:215,0
DA:216,0
DA:217,0
DA:219,0
DA:221,0
DA:222,0
DA:223,0
DA:224,0
DA:225,0
DA:228,0
DA:231,0
DA:232,0
DA:233,0
DA:247,0
DA:253,0
DA:258,0
[...]
DA:201,0
DA:202,0
DA:205,0
DA:206,0
DA:207,0
DA:208,0
DA:209,0
DA:213,0
DA:214,0
DA:215,0
DA:216,0
DA:218,0
DA:221,0
DA:225,0
DA:227,0
DA:228,0
DA:229,0
DA:230,0
DA:231,0
DA:235,4
DA:239,3
DA:240,3
DA:241,3
DA:243,1
DA:244,8
DA:245,5
DA:251,2
DA:253,1
DA:255,1
DA:260,0
DA:262,0
DA:265,1
DA:267,2
LF:124
LH:67
end_of_record
SF:lib\utils\event_theme_skip.dart
DA:4,1
DA:8,2
DA:9,1
DA:13,1
DA:17,2
DA:20,1
DA:24,2
DA:27,1
DA:33,1
DA:34,1
DA:39,1
DA:44,1
LF:12
LH:12
end_of_record
SF:lib\screens\theme_slideshow\theme_slideshow_image.dart
DA:5,1
DA:6,2
DA:7,1
DA:12,1
DA:29,1
DA:31,2
DA:32,1
DA:33,1
DA:34,1
DA:35,1
DA:36,1
DA:38,1
DA:39,1
DA:42,1
DA:43,1
DA:44,1
DA:45,1
DA:46,1
DA:47,1
DA:54,1
DA:60,2
DA:62,1
LF:22
LH:22
end_of_record
SF:lib\screens\theme_slideshow\theme_slideshow_layout.dart
DA:6,0
DA:15,2
DA:16,2
DA:17,2
DA:22,0
DA:23,0
DA:24,0
DA:29,0
DA:30,0
DA:31,0
DA:36,0
DA:37,0
DA:38,0
DA:42,0
DA:43,0
DA:44,0
DA:48,2
DA:49,2
DA:50,1
DA:54,0
DA:55,0
DA:56,0
DA:60,0
DA:61,0
DA:62,0
DA:66,0
DA:67,0
DA:68,0
DA:72,0
DA:73,0
DA:74,0
DA:78,0
DA:79,0
DA:80,0
DA:89,2
DA:93,2
LF:36
LH:8
end_of_record
SF:lib\screens\theme_slideshow\theme_slideshow_timer_helpers.dart
DA:5,0
DA:9,0
DA:10,0
DA:14,0
DA:18,0
DA:19,0
DA:22,0
DA:23,0
LF:8
LH:0
end_of_record
SF:lib\screens\theme_slideshow\theme_slideshow_viewmodel.dart
DA:28,1
DA:30,0
DA:31,1
DA:33,4
DA:36,1
DA:38,1
DA:40,1
DA:41,2
DA:42,1
DA:44,1
DA:48,1
DA:50,1
DA:51,1
DA:55,0
DA:56,0
DA:57,0
DA:58,0
DA:59,0
DA:60,0
DA:61,2
DA:62,0
DA:66,1
DA:67,3
DA:72,1
DA:73,2
DA:74,2
DA:75,1
DA:76,2
DA:77,1
DA:79,1
DA:83,2
DA:85,2
DA:86,1
DA:87,1
DA:89,1
DA:90,0
DA:91,0
DA:100,1
DA:101,1
DA:102,3
DA:103,1
DA:108,1
DA:110,2
DA:111,1
DA:113,1
DA:114,1
DA:118,1
DA:121,2
DA:122,0
DA:128,1
DA:129,2
DA:134,0
DA:135,0
DA:137,0
DA:138,0
DA:139,0
DA:140,0
DA:141,0
DA:142,0
DA:143,0
DA:147,0
DA:148,0
DA:149,0
DA:150,0
DA:151,0
DA:152,0
DA:155,0
DA:156,0
DA:158,0
DA:159,0
DA:160,0
DA:163,0
DA:165,0
DA:166,0
DA:167,0
DA:169,0
DA:170,0
DA:171,0
DA:175,0
DA:179,0
DA:180,0
DA:181,0
DA:182,0
DA:183,0
DA:188,0
DA:193,0
DA:194,0
DA:195,0
DA:197,0
DA:198,0
DA:199,0
DA:204,0
DA:208,0
DA:209,0
DA:210,0
DA:212,0
DA:214,0
DA:215,0
DA:216,0
DA:218,0
DA:219,0
DA:220,0
DA:224,0
DA:228,0
DA:230,0
DA:231,0
DA:234,0
DA:239,0
DA:240,0
DA:241,0
DA:246,0
DA:247,0
DA:248,0
DA:251,0
DA:252,0
DA:254,0
DA:255,0
DA:256,0
DA:257,0
DA:264,0
DA:271,0
DA:275,0
DA:280,0
DA:284,0
DA:285,0
DA:286,0
DA:287,0
LF:127
LH:40
end_of_record
SF:lib\screens\transformation_details\transformation_details_helpers.dart
DA:4,0
DA:5,0
DA:7,0
DA:8,0
DA:9,0
DA:10,0
DA:14,0
DA:15,0
DA:16,0
DA:19,0
DA:20,0
DA:23,0
DA:24,0
DA:25,0
DA:30,1
DA:31,2
DA:32,0
DA:34,1
DA:37,0
DA:38,0
DA:39,0
DA:41,0
DA:44,1
DA:45,1
DA:46,1
DA:51,1
DA:52,1
DA:53,2
DA:62,2
DA:70,1
DA:71,1
DA:73,0
DA:74,0
DA:75,0
DA:81,1
DA:82,1
DA:86,2
DA:87,2
DA:93,1
DA:94,2
DA:95,2
DA:102,1
DA:107,1
DA:110,1
DA:111,1
DA:112,1
DA:113,1
DA:114,1
DA:115,1
DA:119,2
DA:120,1
DA:127,1
DA:128,2
DA:129,2
DA:134,1
DA:135,1
DA:136,2
DA:137,3
DA:139,2
DA:148,1
DA:149,1
DA:150,1
DA:151,1
DA:152,2
DA:154,2
DA:155,1
DA:156,2
DA:158,2
DA:163,3
DA:165,2
DA:170,3
DA:172,2
DA:177,3
DA:179,2
DA:183,2
DA:185,1
DA:186,1
DA:187,2
DA:189,2
DA:193,2
DA:194,0
DA:196,1
DA:197,1
DA:198,3
DA:200,2
DA:201,1
DA:202,2
DA:204,1
DA:205,0
DA:206,0
DA:209,2
DA:210,1
DA:212,2
DA:213,2
DA:218,0
DA:220,0
DA:221,0
DA:222,0
DA:223,0
DA:225,0
DA:226,0
DA:231,0
DA:232,0
DA:233,0
DA:234,0
DA:240,1
DA:241,3
DA:242,1
DA:247,1
DA:248,2
DA:249,3
DA:250,1
DA:255,1
DA:256,1
DA:257,1
DA:260,1
DA:261,1
DA:262,2
DA:266,1
DA:272,1
DA:273,2
DA:274,2
DA:275,1
DA:276,1
DA:277,3
DA:279,1
LF:126
LH:90
end_of_record
SF:lib\screens\transformation_details\transformation_details_viewmodel.dart
DA:13,1
DA:19,0
DA:20,1
DA:21,0
DA:22,1
DA:31,3
DA:37,2
DA:38,2
DA:39,2
DA:41,1
DA:42,1
DA:43,1
DA:44,1
DA:46,3
DA:47,1
DA:48,2
DA:49,1
DA:51,0
DA:52,0
DA:53,0
DA:54,0
DA:58,0
DA:62,1
DA:63,1
DA:68,1
DA:69,2
DA:70,1
DA:71,2
DA:73,2
LF:29
LH:22
end_of_record
SF:lib\services\dnp\dnp_print_bridge.dart
DA:19,2
DA:25,2
DA:26,2
DA:37,2
DA:43,1
DA:44,1
DA:45,2
DA:46,2
DA:49,1
DA:55,1
DA:56,1
DA:59,1
DA:60,1
DA:64,1
DA:65,1
DA:67,1
DA:68,2
DA:69,1
DA:71,1
DA:75,1
DA:76,1
DA:78,1
DA:85,1
DA:95,1
DA:102,1
DA:103,1
DA:105,1
DA:112,1
DA:115,2
DA:118,2
DA:119,1
DA:121,1
DA:130,1
DA:134,1
DA:136,1
DA:143,1
DA:144,2
DA:146,2
DA:152,1
DA:159,2
DA:164,1
DA:171,1
DA:173,1
DA:174,1
DA:175,1
DA:176,2
DA:178,1
DA:183,1
DA:189,1
DA:190,2
DA:191,1
DA:194,2
DA:196,1
DA:200,1
DA:201,1
DA:202,1
DA:205,2
DA:206,1
DA:207,2
DA:208,1
DA:209,2
DA:211,1
DA:218,1
DA:219,2
DA:220,2
DA:221,1
DA:225,1
DA:233,1
DA:242,2
DA:243,2
DA:248,1
DA:255,1
DA:259,2
DA:260,1
DA:267,1
DA:271,2
DA:274,1
DA:275,2
DA:276,3
DA:277,1
DA:278,3
DA:285,2
DA:286,2
DA:288,2
DA:290,1
DA:295,2
DA:299,2
DA:303,2
DA:304,1
DA:309,1
DA:315,1
DA:316,2
DA:317,1
DA:318,1
DA:320,2
DA:321,1
DA:323,1
DA:324,1
DA:325,1
LF:99
LH:99
end_of_record
SF:lib\utils\printer_endpoint.dart
DA:5,3
DA:15,3
DA:16,3
DA:18,3
DA:19,6
DA:21,3
DA:32,3
DA:33,2
DA:34,5
DA:37,3
DA:38,2
DA:45,1
DA:46,3
DA:50,2
DA:51,4
DA:52,2
DA:55,3
DA:56,6
DA:57,3
DA:58,3
DA:59,4
DA:62,3
DA:65,6
LF:23
LH:23
end_of_record
SF:lib\services\dnp\dnp_print_size.dart
DA:3,2
DA:20,1
DA:21,2
DA:23,1
DA:24,1
DA:25,1
DA:26,1
DA:27,1
LF:8
LH:8
end_of_record
SF:lib\services\dnp\dnp_print_transport.dart
DA:27,2
DA:32,4
DA:33,2
DA:34,1
DA:37,6
DA:38,2
DA:39,2
DA:45,2
DA:47,2
DA:48,2
DA:49,4
LF:11
LH:11
end_of_record
SF:lib\services\dnp\dnp_usb_client.dart
DA:8,3
DA:12,2
DA:19,1
DA:20,2
DA:22,2
DA:29,1
DA:30,2
DA:32,2
DA:38,1
DA:39,2
DA:43,1
DA:44,2
DA:46,2
DA:52,1
DA:58,2
DA:60,1
LF:16
LH:16
end_of_record
SF:lib\services\dnp\dnp_wifi_client.dart
DA:18,3
DA:21,3
DA:28,4
DA:30,2
DA:33,2
DA:34,6
DA:35,4
DA:38,2
DA:39,2
DA:42,2
DA:44,1
DA:46,1
DA:51,2
DA:52,2
DA:53,4
DA:54,2
DA:57,2
DA:59,2
DA:60,1
DA:63,1
DA:64,1
DA:66,2
DA:67,3
DA:68,2
DA:69,2
DA:70,3
DA:71,2
DA:74,2
DA:76,1
DA:84,1
DA:90,1
DA:92,1
DA:95,2
DA:96,1
DA:97,2
DA:98,1
DA:100,1
DA:101,3
DA:104,1
DA:106,2
DA:108,2
DA:109,2
DA:110,2
DA:111,2
DA:112,2
DA:113,2
DA:116,3
DA:117,1
DA:118,4
DA:119,3
DA:122,1
DA:124,1
DA:125,3
DA:128,1
DA:131,2
DA:133,2
DA:134,6
DA:135,2
DA:136,8
DA:142,2
DA:143,2
DA:144,2
DA:145,2
DA:153,1
DA:154,2
DA:155,1
DA:158,1
DA:159,1
LF:68
LH:68
end_of_record
SF:lib\services\face_count_service_io.dart
DA:9,1
DA:10,2
DA:12,0
DA:13,0
DA:15,0
DA:16,0
DA:19,0
DA:20,0
DA:23,0
LF:9
LH:2
end_of_record
SF:lib\services\fcm_payment_pending_store.dart
DA:17,0
DA:19,1
DA:20,2
DA:22,1
DA:23,1
DA:26,1
DA:28,1
DA:29,1
DA:30,2
DA:33,2
DA:35,1
DA:37,2
DA:38,1
DA:39,1
DA:42,2
DA:44,2
DA:46,3
DA:51,0
DA:58,1
DA:60,1
DA:61,2
DA:63,1
DA:67,0
DA:75,3
DA:77,3
DA:78,3
DA:81,0
DA:88,2
DA:90,2
DA:91,2
DA:92,1
DA:93,1
DA:94,1
DA:95,1
DA:98,0
DA:99,0
DA:100,0
DA:103,0
DA:108,0
DA:109,0
DA:114,0
DA:117,0
LF:42
LH:30
end_of_record
SF:lib\services\fcm_token_store.dart
DA:6,0
DA:10,2
DA:11,2
DA:12,2
DA:13,2
DA:14,2
DA:18,3
DA:19,3
DA:20,5
DA:21,2
LF:10
LH:9
end_of_record
SF:lib\services\selphy\selphy_print_bridge.dart
DA:17,3
DA:21,3
DA:29,2
DA:34,1
DA:35,1
DA:36,1
DA:37,2
DA:41,1
DA:42,3
DA:46,2
DA:54,2
DA:56,1
DA:57,3
DA:63,2
DA:67,1
DA:72,1
DA:73,1
DA:75,2
DA:76,1
DA:79,1
DA:83,1
DA:84,1
DA:86,2
DA:90,2
DA:93,1
DA:99,2
DA:101,1
DA:103,1
DA:104,1
DA:105,1
DA:106,2
DA:108,1
DA:113,1
DA:121,2
DA:124,1
DA:129,1
DA:130,2
DA:131,1
DA:133,2
DA:141,1
DA:147,1
DA:148,2
DA:149,1
DA:151,2
DA:159,2
DA:160,1
DA:164,1
DA:165,2
DA:166,1
DA:167,1
DA:169,2
DA:170,1
DA:172,1
DA:173,1
DA:174,1
LF:55
LH:55
end_of_record
SF:lib\services\photo_print_orchestrator.dart
DA:6,1
DA:16,1
DA:17,1
DA:18,1
DA:19,1
DA:21,1
DA:24,1
DA:25,2
DA:27,1
LF:9
LH:9
end_of_record
SF:lib\services\print_file_impl_io.dart
DA:5,0
DA:8,0
DA:11,0
DA:12,0
DA:14,0
DA:15,0
DA:17,0
DA:18,0
DA:20,0
DA:21,0
DA:23,0
DA:24,0
LF:12
LH:0
end_of_record
SF:lib\services\receipt\receipt_escpos_normalizer.dart
DA:12,2
DA:16,4
DA:18,2
DA:20,4
DA:21,2
DA:23,3
DA:24,2
DA:25,1
DA:29,2
DA:31,3
DA:32,2
DA:33,1
DA:37,4
DA:38,2
DA:40,2
DA:45,1
DA:66,2
DA:67,6
DA:68,8
DA:72,2
DA:73,6
DA:74,6
DA:75,2
DA:77,1
DA:78,1
DA:79,1
DA:80,2
DA:82,1
DA:88,1
DA:89,1
DA:94,2
DA:95,6
DA:96,5
DA:98,2
DA:99,1
DA:103,6
DA:104,1
DA:105,2
DA:107,1
DA:108,1
DA:109,1
DA:110,2
DA:112,1
DA:118,1
DA:119,1
DA:124,1
DA:126,2
DA:127,2
DA:132,1
DA:133,1
DA:135,1
DA:137,2
DA:142,1
DA:144,2
DA:149,1
DA:150,1
DA:151,5
DA:152,2
DA:153,1
DA:154,4
DA:155,1
DA:156,1
DA:157,1
DA:158,1
DA:159,1
DA:164,1
DA:165,1
DA:168,1
DA:169,1
DA:170,1
DA:171,1
DA:172,1
DA:173,1
DA:174,2
DA:175,3
DA:176,2
DA:177,3
DA:178,3
DA:181,1
DA:182,1
DA:183,1
DA:184,1
DA:185,2
DA:186,3
DA:187,3
DA:190,1
DA:198,2
DA:199,1
DA:203,1
DA:210,1
DA:212,3
DA:214,1
DA:220,1
DA:228,1
DA:235,1
DA:236,2
DA:237,2
DA:238,2
DA:239,2
DA:240,1
DA:241,2
DA:242,2
DA:243,1
DA:244,3
DA:245,1
DA:252,1
DA:253,1
DA:254,1
DA:255,2
DA:256,2
DA:258,2
DA:259,2
DA:261,2
DA:262,2
DA:263,1
DA:264,1
DA:265,1
DA:266,1
DA:267,2
DA:270,3
LF:120
LH:120
end_of_record
SF:lib\utils\receipt_printer_endpoint.dart
DA:5,2
DA:15,6
DA:18,2
DA:19,4
DA:20,2
DA:21,2
DA:22,1
DA:26,2
LF:8
LH:8
end_of_record
SF:lib\services\receipt_printer_service_io.dart
DA:13,4
DA:24,1
DA:29,1
DA:30,1
DA:31,2
DA:34,1
DA:39,1
DA:40,1
DA:45,1
DA:46,3
DA:47,1
DA:50,1
DA:52,1
DA:53,1
DA:54,1
DA:55,2
DA:57,1
DA:58,2
DA:59,1
DA:60,2
DA:63,1
DA:64,1
DA:68,1
DA:69,1
DA:72,1
LF:25
LH:25
end_of_record
SF:lib\services\receipt\receipt_usb_client.dart
DA:10,4
DA:15,2
DA:25,1
DA:26,2
DA:28,2
DA:35,1
DA:36,2
DA:38,2
DA:44,1
DA:45,2
DA:48,1
DA:49,3
DA:50,2
DA:52,1
DA:57,1
DA:58,6
DA:60,1
DA:61,2
DA:63,2
DA:67,2
LF:20
LH:20
end_of_record
SF:lib\services\receipt\receipt_wifi_client.dart
DA:10,4
DA:22,4
DA:23,4
DA:28,1
DA:29,1
DA:30,1
DA:33,1
DA:34,1
DA:35,2
DA:36,1
DA:39,1
DA:40,1
DA:42,2
DA:43,2
DA:44,6
DA:47,1
DA:48,1
DA:52,1
DA:59,2
DA:60,2
DA:61,4
DA:63,2
DA:64,2
DA:69,1
DA:71,2
DA:72,1
DA:75,1
DA:81,1
DA:83,1
DA:88,1
DA:90,2
DA:91,3
DA:92,2
DA:93,2
DA:94,2
DA:96,2
DA:98,1
DA:99,1
DA:107,1
DA:108,1
DA:112,1
DA:113,1
DA:114,1
DA:115,2
LF:44
LH:44
end_of_record
SF:lib\services\selphy\selphy_client.dart
DA:8,4
DA:12,4
DA:19,6
DA:22,1
DA:23,1
DA:25,2
DA:31,1
DA:32,2
DA:36,1
DA:37,2
DA:41,1
DA:42,1
DA:44,2
DA:50,1
DA:51,1
DA:53,2
DA:59,1
DA:68,2
DA:70,1
LF:19
LH:19
end_of_record
SF:lib\services\selphy\selphy_print_size.dart
DA:3,2
DA:13,1
DA:14,2
DA:16,3
DA:17,2
LF:5
LH:5
end_of_record
SF:lib\services\sidecar_live_preview_poller.dart
DA:8,1
DA:9,2
DA:10,2
DA:18,1
DA:37,2
DA:42,1
DA:43,2
DA:44,6
DA:45,2
DA:48,1
DA:49,1
DA:52,1
DA:53,1
DA:56,1
DA:57,3
DA:58,2
DA:60,1
DA:62,2
DA:63,2
DA:64,2
DA:66,1
DA:67,2
DA:68,2
DA:71,1
DA:75,1
DA:76,1
DA:77,2
DA:78,1
LF:28
LH:28
end_of_record
SF:lib\services\staff_api_session_helpers.dart
DA:25,1
DA:29,1
DA:31,1
DA:32,3
DA:33,1
DA:35,1
DA:36,1
DA:38,1
DA:41,1
DA:42,1
DA:43,2
DA:49,1
DA:53,1
DA:54,1
DA:55,1
DA:59,1
DA:60,2
DA:61,1
DA:63,2
DA:64,1
DA:69,1
DA:70,2
DA:71,1
DA:72,1
DA:74,2
DA:75,1
DA:76,2
LF:27
LH:27
end_of_record
SF:lib\utils\app_route_observer.dart
DA:4,6
DA:5,3
LF:2
LH:2
end_of_record
SF:lib\utils\classic_photos_enabled_sync.dart
DA:11,2
DA:15,2
DA:16,2
DA:17,1
DA:20,2
DA:22,4
DA:23,4
DA:24,2
DA:27,2
DA:30,2
DA:32,1
LF:11
LH:11
end_of_record
SF:lib\utils\contact_phone_helpers.dart
DA:6,3
DA:10,1
DA:11,1
DA:12,1
DA:13,2
DA:14,1
DA:16,1
DA:18,2
DA:19,1
DA:21,3
DA:22,1
DA:25,3
DA:26,1
DA:29,2
DA:30,1
DA:36,3
LF:16
LH:16
end_of_record
SF:lib\utils\device_classifier_io.dart
DA:7,0
DA:8,0
DA:10,0
DA:11,0
DA:12,0
DA:13,0
DA:16,0
DA:19,0
DA:20,0
DA:21,0
DA:22,0
DA:25,0
DA:31,0
DA:32,0
DA:33,0
DA:36,0
DA:37,0
DA:40,0
DA:41,0
LF:19
LH:0
end_of_record
SF:lib\utils\route_args_parsing.dart
DA:5,1
DA:8,1
DA:13,1
DA:14,1
DA:15,1
DA:16,2
DA:17,1
DA:18,1
DA:20,1
DA:24,1
DA:25,1
DA:27,2
DA:30,1
DA:31,1
DA:32,4
LF:15
LH:15
end_of_record
SF:lib\views\widgets\alice_inspector_page.dart
DA:10,0
DA:13,0
DA:15,0
DA:22,0
DA:23,0
DA:25,0
DA:26,0
DA:27,0
DA:28,0
DA:30,0
DA:32,0
DA:33,0
DA:34,0
DA:36,0
DA:52,0
DA:53,0
DA:54,0
DA:56,0
DA:57,0
DA:58,0
LF:20
LH:0
end_of_record
SF:lib\views\widgets\payment_link_qr.dart
DA:8,0
DA:17,0
DA:21,0
DA:22,0
DA:23,0
DA:24,0
DA:27,0
DA:28,0
DA:29,0
DA:30,0
DA:31,0
DA:32,0
DA:34,0
DA:41,0
DA:44,0
DA:45,0
DA:46,0
DA:47,0
DA:48,0
DA:56,0
DA:57,0
DA:61,0
DA:62,0
DA:64,0
DA:65,0
DA:70,0
LF:26
LH:0
end_of_record
SF:lib\screens\qr_share\qr_share_print_status_widgets.dart
DA:8,1
DA:15,1
DA:17,3
DA:18,3
DA:22,2
DA:23,2
DA:32,2
DA:34,3
DA:35,2
DA:36,2
DA:38,1
DA:41,1
DA:42,1
DA:43,1
DA:44,2
DA:45,1
DA:46,1
DA:47,1
DA:53,1
DA:55,1
DA:56,1
DA:58,1
DA:59,1
DA:66,1
DA:67,1
DA:71,1
DA:72,1
DA:74,1
DA:75,1
DA:85,1
DA:87,1
DA:88,1
DA:96,1
DA:97,1
DA:98,1
DA:99,1
DA:107,1
DA:108,1
DA:109,1
DA:111,1
DA:113,1
DA:114,2
DA:115,1
DA:117,1
DA:133,3
DA:135,1
DA:136,1
DA:137,1
DA:138,1
DA:140,1
DA:141,1
DA:145,1
DA:146,1
DA:147,1
DA:149,1
DA:150,1
LF:56
LH:56
end_of_record
SF:lib\services\image_cache_cleanup.dart
DA:6,1
DA:12,2
DA:13,1
DA:15,1
DA:16,1
DA:17,2
DA:18,1
DA:19,2
DA:23,0
DA:26,0
DA:29,0
LF:11
LH:8
end_of_record
SF:lib\models\device_memory_snapshot.dart
DA:3,1
DA:15,1
DA:16,1
DA:18,2
DA:19,2
DA:20,2
DA:21,2
DA:25,1
DA:27,3
LF:9
LH:9
end_of_record
SF:lib\services\low_memory_monitor.dart
DA:14,1
DA:29,1
DA:38,3
DA:77,1
DA:79,1
DA:80,4
DA:81,2
DA:83,2
DA:86,1
DA:87,2
DA:88,1
DA:91,1
DA:93,2
DA:99,1
DA:100,1
DA:102,1
DA:113,2
DA:116,1
DA:119,1
DA:121,2
DA:122,1
DA:124,2
DA:129,1
DA:134,1
DA:138,1
DA:139,1
DA:140,1
DA:142,1
DA:143,1
DA:144,1
DA:145,1
DA:147,1
DA:149,1
DA:150,1
DA:151,1
DA:158,1
DA:160,1
DA:163,1
DA:164,1
DA:171,1
DA:173,1
DA:176,1
DA:177,1
DA:183,1
DA:187,2
DA:188,1
DA:192,1
DA:197,1
DA:199,1
DA:201,1
DA:203,1
DA:205,1
DA:213,1
DA:214,1
DA:216,1
DA:219,1
DA:220,1
DA:221,1
DA:229,1
DA:236,1
DA:240,1
DA:243,1
DA:249,2
DA:250,2
DA:251,3
DA:254,2
DA:256,1
DA:257,1
DA:258,1
DA:259,4
DA:260,1
DA:261,4
DA:263,2
DA:264,1
DA:265,1
DA:269,1
DA:275,1
DA:276,2
DA:279,1
DA:281,1
DA:285,1
DA:286,1
DA:290,1
DA:291,1
DA:292,1
LF:85
LH:85
end_of_record
SF:lib\utils\device_memory_info_io.dart
DA:8,0
DA:9,0
DA:11,0
DA:12,0
DA:13,0
DA:14,0
DA:15,0
DA:16,0
DA:17,0
DA:20,0
DA:22,0
DA:25,0
DA:28,0
DA:29,0
DA:30,0
LF:15
LH:0
end_of_record
SF:lib\utils\process_rss_io.dart
DA:3,2
LF:1
LH:1
end_of_record
SF:lib\utils\app_route_tracker.dart
DA:8,2
DA:10,1
DA:11,2
DA:12,2
DA:13,1
DA:14,1
DA:20,1
DA:21,1
DA:22,1
DA:23,1
DA:24,2
DA:25,1
DA:26,1
DA:28,1
DA:31,1
DA:33,1
DA:36,1
DA:38,1
DA:41,1
DA:43,1
DA:46,1
DA:48,1
LF:22
LH:22
end_of_record
SF:lib\utils\debug_hud_route_policy.dart
DA:10,2
DA:11,2
DA:12,2
LF:3
LH:3
end_of_record
SF:lib\utils\debug_overlay_clipboard.dart
DA:5,1
DA:10,1
DA:11,2
DA:13,2
DA:14,1
DA:16,2
DA:17,1
DA:18,1
LF:8
LH:8
end_of_record
SF:lib\utils\web_flow_trace_summary.dart
DA:6,2
DA:18,2
DA:19,4
DA:20,6
DA:26,2
DA:37,6
DA:42,3
DA:43,3
DA:44,5
DA:45,4
DA:47,2
DA:48,2
DA:49,4
DA:50,2
DA:51,2
DA:58,2
DA:63,4
DA:64,4
DA:65,4
DA:73,2
DA:79,4
DA:80,4
DA:81,4
DA:90,2
DA:91,4
DA:92,1
DA:93,1
DA:94,3
DA:95,2
DA:96,0
DA:97,1
DA:98,1
DA:100,2
DA:104,3
DA:105,3
DA:106,3
DA:108,2
DA:113,1
DA:114,2
DA:119,1
DA:120,2
DA:125,2
DA:130,1
DA:131,2
DA:132,2
DA:137,1
DA:138,2
DA:139,2
DA:141,2
DA:143,2
DA:145,6
DA:146,2
DA:147,2
DA:149,2
DA:150,2
DA:155,2
DA:156,2
DA:158,2
DA:160,2
DA:162,2
DA:164,2
DA:167,2
DA:168,2
DA:169,2
DA:172,2
DA:181,6
DA:183,2
DA:184,2
DA:185,2
DA:186,2
DA:187,6
DA:189,4
DA:190,0
DA:192,10
DA:193,6
DA:197,3
DA:198,3
DA:199,3
DA:201,2
DA:203,2
LF:80
LH:78
end_of_record
SF:lib\views\widgets\debug_log_overlay.dart
DA:7,1
DA:16,1
DA:17,1
DA:24,1
DA:25,1
DA:27,0
DA:28,0
DA:31,1
DA:32,1
DA:33,4
DA:34,0
DA:37,2
DA:39,1
DA:41,1
DA:42,1
DA:43,1
DA:44,2
DA:46,2
DA:48,1
DA:50,1
DA:51,3
DA:52,1
DA:54,1
DA:55,1
DA:56,1
DA:57,1
DA:59,1
DA:62,1
DA:63,1
DA:65,1
DA:75,1
DA:76,1
DA:80,1
DA:81,1
DA:82,1
DA:84,0
DA:86,0
DA:89,1
DA:105,1
DA:106,0
DA:107,0
DA:108,1
DA:116,1
DA:117,1
DA:124,1
DA:125,0
DA:126,0
DA:127,1
DA:135,1
DA:136,1
DA:149,1
DA:150,2
DA:151,1
DA:153,1
LF:54
LH:45
end_of_record
SF:lib\views\widgets\debug_performance_overlays.dart
DA:12,1
DA:13,2
DA:16,1
DA:17,2
DA:18,1
DA:22,1
DA:23,3
DA:24,1
DA:26,1
DA:27,1
DA:29,1
DA:30,1
DA:32,1
DA:36,1
DA:38,3
DA:42,1
DA:55,1
DA:68,1
DA:69,1
DA:76,0
DA:77,0
DA:79,1
DA:81,1
DA:82,1
DA:83,1
DA:84,1
DA:87,1
DA:89,1
DA:90,0
DA:91,0
DA:92,0
DA:94,0
DA:101,0
DA:103,0
DA:104,0
DA:105,0
DA:111,1
DA:112,6
DA:113,2
DA:114,6
DA:115,1
DA:118,1
DA:120,1
DA:121,4
DA:122,1
DA:123,1
DA:124,1
DA:125,1
DA:126,0
DA:127,0
DA:128,0
DA:130,0
DA:131,2
DA:140,1
DA:153,1
DA:154,1
DA:164,1
DA:166,1
DA:167,1
DA:168,1
DA:169,1
DA:172,1
DA:174,1
DA:175,0
DA:176,0
DA:177,0
DA:179,0
DA:186,0
DA:188,0
DA:189,0
DA:190,0
DA:196,1
DA:198,9
DA:199,4
DA:200,1
DA:203,1
DA:206,6
DA:207,2
DA:208,6
DA:209,1
DA:212,1
DA:214,1
DA:215,3
DA:217,1
DA:218,1
DA:219,1
DA:220,1
DA:221,0
DA:222,0
DA:223,0
DA:225,0
DA:226,1
DA:227,2
DA:228,2
DA:236,1
DA:246,1
DA:250,1
DA:252,0
DA:253,0
DA:254,1
DA:265,1
DA:274,1
DA:276,1
DA:277,1
DA:278,1
DA:279,3
DA:281,1
DA:284,1
DA:285,1
DA:286,1
DA:296,1
DA:298,1
DA:300,1
DA:301,1
DA:302,1
DA:303,1
DA:306,1
LF:117
LH:89
end_of_record
SF:lib\views\widgets\debug_ram_monitor_overlay.dart
DA:9,1
DA:10,2
DA:16,2
DA:18,1
DA:19,1
DA:31,1
DA:33,1
DA:34,2
DA:35,1
DA:38,1
DA:39,1
DA:40,1
DA:41,2
DA:42,1
DA:44,3
DA:45,2
DA:46,3
DA:47,0
DA:53,1
DA:55,2
DA:56,1
DA:59,1
DA:61,1
DA:62,2
DA:63,5
DA:65,1
DA:67,1
DA:70,1
DA:71,1
DA:72,1
DA:73,1
DA:75,1
DA:78,1
DA:79,1
DA:81,1
DA:82,1
DA:88,1
DA:89,1
DA:96,1
DA:98,1
DA:99,2
DA:100,1
DA:101,1
DA:107,1
DA:108,1
DA:111,1
DA:112,3
DA:123,1
DA:127,1
DA:129,2
DA:130,1
DA:131,3
DA:134,1
DA:136,3
DA:138,0
DA:139,0
DA:140,0
DA:141,0
DA:142,0
DA:144,0
DA:146,0
DA:147,0
DA:148,0
DA:149,0
DA:150,0
DA:151,0
DA:153,0
DA:154,0
DA:155,0
DA:156,0
DA:157,0
DA:158,0
DA:159,0
DA:161,0
DA:164,0
DA:167,0
DA:169,0
LF:77
LH:53
end_of_record
SF:lib\views\widgets\flow_trace_overlay.dart
DA:9,2
DA:18,2
DA:19,2
DA:25,2
DA:26,2
DA:27,8
DA:28,0
DA:31,4
DA:33,2
DA:35,2
DA:36,2
DA:37,2
DA:38,2
DA:39,2
DA:40,2
DA:42,2
DA:43,2
DA:45,1
DA:46,2
DA:47,2
DA:48,2
DA:49,3
DA:51,2
DA:53,2
DA:54,6
DA:55,2
DA:57,2
DA:58,2
DA:59,2
DA:60,4
DA:62,2
DA:65,2
DA:66,2
DA:68,2
DA:78,2
DA:79,2
DA:83,2
DA:84,2
DA:85,2
DA:87,0
DA:92,2
DA:108,2
DA:110,2
DA:126,2
DA:127,0
DA:128,0
DA:129,2
DA:137,2
DA:138,2
DA:151,2
DA:152,4
DA:153,2
DA:155,2
LF:53
LH:49
end_of_record
SF:lib\main.dart
DA:40,0
DA:41,0
DA:43,0
DA:46,0
DA:48,0
DA:49,0
DA:50,0
DA:52,0
DA:53,0
DA:65,0
DA:67,0
DA:70,0
DA:81,0
DA:84,0
DA:85,0
DA:92,0
DA:95,0
DA:99,0
DA:101,0
DA:103,0
DA:106,0
DA:109,0
DA:110,0
DA:112,0
DA:116,1
DA:119,0
DA:120,0
DA:134,0
DA:136,0
DA:137,0
DA:138,0
DA:139,0
DA:140,0
DA:141,0
DA:142,0
DA:146,0
DA:147,0
DA:148,0
DA:150,0
DA:151,0
DA:153,0
DA:157,0
DA:159,0
DA:161,0
DA:166,0
DA:167,0
DA:169,0
DA:171,0
DA:174,0
DA:176,0
DA:178,0
DA:183,0
DA:184,0
DA:185,0
DA:186,0
DA:187,0
DA:188,0
DA:189,0
DA:190,0
DA:197,0
DA:206,0
DA:208,0
DA:209,0
DA:211,0
DA:213,0
DA:214,0
DA:216,0
DA:217,0
DA:219,0
DA:222,0
DA:230,0
DA:231,0
DA:233,0
DA:234,0
DA:238,0
DA:242,0
DA:243,0
DA:244,0
DA:247,0
DA:248,0
DA:250,0
DA:252,0
DA:253,0
DA:257,0
DA:260,0
DA:262,0
DA:263,0
DA:264,0
DA:265,0
DA:266,0
DA:267,0
DA:270,0
DA:272,0
DA:273,0
DA:276,0
DA:278,0
DA:279,0
DA:280,0
DA:281,0
DA:282,0
DA:288,0
DA:290,0
DA:291,0
DA:292,0
DA:293,0
DA:294,0
DA:295,0
DA:297,0
DA:298,0
DA:300,0
DA:302,0
DA:303,0
DA:304,0
DA:305,0
DA:308,0
DA:309,0
DA:310,0
DA:311,0
DA:312,0
DA:313,0
DA:314,0
DA:315,0
DA:316,0
DA:324,0
DA:325,0
DA:329,0
DA:330,0
DA:342,0
LF:128
LH:1
end_of_record
SF:lib\firebase_options.dart
DA:10,0
DA:12,0
DA:13,0
DA:16,0
DA:18,0
DA:22,0
DA:23,0
DA:25,0
DA:28,0
LF:9
LH:0
end_of_record
SF:lib\main_error_handlers.dart
DA:12,0
DA:13,0
DA:14,0
DA:15,0
DA:16,0
DA:17,0
DA:21,0
DA:22,0
DA:23,0
DA:25,0
DA:26,0
DA:27,0
DA:28,0
DA:34,0
DA:35,0
DA:36,0
DA:42,0
DA:43,0
DA:44,0
DA:45,0
DA:50,0
DA:51,0
DA:53,0
DA:54,0
DA:62,0
DA:70,0
DA:71,0
DA:81,0
DA:82,0
DA:83,0
DA:84,0
DA:85,0
LF:32
LH:0
end_of_record
SF:lib\services\firebase_messaging_background.dart
DA:17,0
DA:19,0
DA:20,0
DA:21,0
DA:22,0
DA:23,0
DA:24,0
DA:28,0
DA:29,0
DA:32,0
LF:10
LH:0
end_of_record
