SF:lib/screens/photo_capture/camera_description_label.dart
DA:6,2
DA:7,2
DA:8,2
DA:9,4
DA:10,4
DA:11,2
DA:12,2
DA:13,2
DA:14,0
DA:17,2
DA:18,4
DA:19,2
DA:23,1
DA:24,1
DA:27,3
LF:15
LH:14
end_of_record
SF:lib/utils/app_strings.dart
DA:274,0
DA:275,0
DA:277,0
DA:278,0
DA:280,0
DA:281,0
DA:283,0
DA:284,0
DA:347,0
DA:348,0
DA:516,0
DA:517,0
DA:518,0
DA:519,0
DA:522,0
DA:542,0
DA:543,0
DA:545,0
DA:546,0
DA:555,0
DA:564,0
DA:565,0
DA:569,0
DA:571,0
DA:573,0
DA:607,0
DA:608,0
DA:620,0
DA:621,0
DA:622,0
DA:638,0
DA:650,0
DA:651,0
DA:656,0
DA:665,0
DA:669,0
DA:695,0
DA:696,0
DA:697,0
DA:698,0
DA:706,0
DA:707,0
DA:708,0
DA:709,0
LF:44
LH:0
end_of_record
SF:lib/models/app_settings_model.dart
DA:75,0
DA:132,0
DA:133,0
DA:135,0
DA:137,0
DA:138,0
DA:140,0
DA:141,0
DA:142,0
DA:143,0
DA:144,0
DA:145,0
DA:147,0
DA:148,0
DA:150,0
DA:151,0
DA:152,0
DA:153,0
DA:154,0
DA:155,0
DA:157,0
DA:159,0
DA:160,0
DA:161,0
DA:163,0
DA:164,0
DA:165,0
DA:166,0
DA:167,0
DA:168,0
DA:169,0
DA:170,0
DA:171,0
DA:172,0
DA:173,0
DA:174,0
DA:175,0
DA:176,0
DA:177,0
DA:179,0
DA:180,0
DA:181,0
DA:182,0
DA:184,0
DA:186,0
DA:188,0
DA:190,0
DA:191,0
DA:192,0
DA:193,0
DA:194,0
DA:195,0
DA:197,0
DA:199,0
DA:201,0
DA:202,0
DA:203,0
DA:204,0
DA:205,0
DA:206,0
DA:208,0
DA:209,0
DA:210,0
DA:212,0
DA:213,0
DA:214,0
DA:216,0
DA:217,0
DA:218,0
LF:69
LH:0
end_of_record
SF:lib/utils/json_parse_helpers.dart
DA:3,0
DA:5,0
DA:6,0
DA:9,0
DA:11,0
DA:12,0
DA:15,0
DA:16,0
DA:17,0
DA:21,0
DA:22,0
DA:26,0
DA:27,0
DA:28,0
DA:29,0
DA:30,0
LF:16
LH:0
end_of_record
SF:lib/utils/camera_sidecar_config.dart
DA:23,2
DA:46,0
DA:50,0
DA:51,0
DA:53,0
DA:55,0
DA:56,0
DA:59,0
DA:62,0
DA:63,0
DA:64,0
DA:65,0
DA:66,0
DA:70,0
DA:71,0
DA:72,0
DA:73,0
DA:74,0
DA:77,0
DA:80,0
DA:81,0
DA:82,0
DA:84,0
DA:85,0
DA:86,0
DA:89,0
DA:90,0
DA:92,0
DA:93,0
DA:94,0
DA:102,0
DA:109,0
DA:110,0
DA:119,0
DA:128,0
DA:129,0
DA:131,0
DA:132,0
DA:133,0
DA:162,0
DA:163,0
DA:164,0
DA:165,0
DA:166,0
DA:167,0
DA:169,0
DA:170,0
DA:171,0
DA:172,0
DA:173,0
DA:175,0
DA:176,0
DA:177,0
DA:178,0
DA:185,0
DA:186,0
DA:187,0
DA:188,0
DA:189,0
DA:190,0
DA:194,0
DA:195,0
DA:196,0
DA:197,0
DA:201,0
DA:206,0
DA:207,0
DA:208,0
DA:209,0
DA:212,0
DA:214,0
DA:217,0
DA:221,0
DA:230,0
DA:231,0
DA:232,0
DA:233,0
DA:234,0
DA:235,0
DA:236,0
DA:241,0
DA:242,0
DA:245,0
DA:252,0
DA:256,0
DA:259,0
DA:260,0
DA:265,0
DA:266,0
DA:267,0
DA:273,0
DA:276,0
DA:284,0
DA:288,0
DA:289,0
DA:291,0
DA:300,0
DA:304,0
DA:305,0
DA:306,0
DA:309,0
DA:310,0
DA:312,0
DA:315,0
DA:317,0
DA:320,0
DA:336,0
DA:343,0
DA:348,0
DA:349,0
DA:350,0
DA:352,0
DA:353,0
DA:359,0
DA:360,0
DA:361,0
DA:366,0
DA:373,0
DA:375,0
DA:384,0
LF:120
LH:1
end_of_record
SF:lib/screens/theme_selection/theme_model.dart
DA:28,0
DA:49,0
DA:52,0
DA:53,0
DA:54,0
DA:58,0
DA:59,0
DA:60,0
DA:61,0
DA:64,0
DA:65,0
DA:66,0
DA:67,0
DA:68,0
DA:69,0
DA:70,0
DA:71,0
DA:72,0
DA:73,0
DA:74,0
DA:75,0
DA:76,0
DA:77,0
DA:78,0
DA:79,0
DA:80,0
DA:81,0
DA:82,0
DA:83,0
DA:84,0
DA:88,0
DA:91,0
DA:92,0
DA:93,0
DA:94,0
DA:95,0
DA:97,0
DA:98,0
DA:99,0
DA:100,0
DA:102,0
DA:103,0
DA:104,0
DA:105,0
DA:106,0
DA:108,0
DA:110,0
DA:111,0
DA:112,0
DA:113,0
DA:115,0
DA:117,0
DA:118,0
DA:119,0
DA:120,0
DA:124,0
DA:127,0
DA:130,0
DA:131,0
DA:136,0
DA:137,0
DA:138,0
DA:139,0
DA:140,0
DA:141,0
DA:142,0
DA:143,0
DA:144,0
DA:145,0
DA:146,0
DA:147,0
DA:148,0
DA:149,0
DA:150,0
DA:151,0
DA:152,0
DA:153,0
DA:173,0
DA:174,0
DA:175,0
DA:176,0
DA:177,0
DA:178,0
DA:179,0
DA:180,0
DA:181,0
DA:182,0
DA:183,0
DA:184,0
DA:185,0
DA:186,0
DA:187,0
DA:188,0
DA:189,0
DA:190,0
DA:191,0
LF:96
LH:0
end_of_record
SF:lib/utils/theme_filter.dart
DA:8,0
DA:11,0
DA:12,0
DA:14,0
DA:16,0
DA:17,0
DA:18,0
DA:20,0
DA:21,0
DA:23,0
DA:26,0
DA:30,0
LF:12
LH:0
end_of_record
SF:lib/models/event_info_model.dart
DA:10,0
DA:20,0
DA:21,0
DA:22,0
DA:23,0
DA:25,0
DA:26,0
DA:27,0
DA:28,0
DA:29,0
DA:30,0
DA:31,0
DA:32,0
DA:36,0
DA:38,0
DA:39,0
DA:40,0
DA:41,0
LF:18
LH:0
end_of_record
SF:lib/models/kiosk_frame_model.dart
DA:9,0
DA:17,0
DA:18,0
DA:19,0
DA:20,0
DA:21,0
DA:22,0
DA:23,0
DA:24,0
DA:25,0
DA:26,0
DA:30,0
DA:32,0
DA:33,0
DA:34,0
DA:35,0
LF:16
LH:0
end_of_record
SF:lib/models/kiosk_info_model.dart
DA:20,0
DA:33,0
DA:34,0
DA:36,0
DA:42,0
DA:43,0
DA:44,0
DA:45,0
DA:50,0
DA:52,0
DA:54,0
DA:55,0
DA:56,0
DA:57,0
DA:58,0
DA:59,0
DA:62,0
DA:63,0
DA:64,0
DA:69,0
DA:71,0
DA:72,0
DA:73,0
DA:74,0
DA:75,0
DA:76,0
DA:77,0
DA:80,0
DA:83,0
LF:29
LH:0
end_of_record
SF:lib/models/parallel_generation_result.dart
DA:3,0
DA:24,0
DA:25,0
DA:26,0
DA:32,0
DA:33,0
DA:34,0
DA:35,0
DA:36,0
DA:37,0
DA:38,0
DA:39,0
DA:40,0
DA:43,0
LF:14
LH:0
end_of_record
SF:lib/models/payment_initiate_result.dart
DA:5,0
DA:26,0
DA:28,0
DA:29,0
DA:30,0
DA:32,0
DA:33,0
DA:37,0
DA:38,0
DA:39,0
DA:47,0
DA:48,0
DA:50,0
DA:51,0
DA:52,0
DA:53,0
DA:55,0
DA:56,0
DA:57,0
DA:58,0
DA:63,0
DA:64,0
DA:66,0
DA:67,0
DA:72,0
DA:73,0
DA:74,0
DA:75,0
DA:76,0
DA:88,0
DA:102,0
DA:110,0
DA:111,0
DA:112,0
LF:34
LH:0
end_of_record
SF:lib/models/payment_mode.dart
DA:8,0
DA:10,0
DA:12,0
DA:14,0
DA:20,0
DA:29,0
DA:30,0
DA:31,0
DA:33,0
DA:35,0
DA:37,0
DA:38,0
DA:39,0
DA:47,0
DA:49,0
LF:15
LH:0
end_of_record
SF:lib/models/preprocess_image_result.dart
DA:7,2
DA:13,0
DA:15,0
DA:16,0
DA:18,0
DA:19,0
DA:23,0
DA:24,0
DA:25,0
DA:28,0
DA:29,0
LF:11
LH:1
end_of_record
SF:lib/models/strip_models.dart
DA:47,0
DA:48,0
DA:51,0
DA:89,0
DA:103,0
DA:104,0
DA:105,0
DA:106,0
DA:111,0
DA:116,0
DA:121,0
DA:142,0
DA:147,0
DA:148,0
DA:149,0
DA:150,0
DA:151,0
DA:152,0
DA:156,0
DA:157,0
DA:158,0
DA:159,0
DA:160,0
DA:173,0
DA:187,0
DA:188,0
DA:189,0
DA:190,0
DA:191,0
DA:193,0
DA:200,0
DA:220,0
DA:222,0
DA:223,0
DA:224,0
DA:225,0
DA:226,0
DA:227,0
DA:228,0
DA:229,0
DA:230,0
DA:237,0
DA:247,0
DA:248,0
DA:249,0
DA:250,0
DA:251,0
DA:256,0
DA:260,0
DA:261,0
DA:262,0
DA:263,0
DA:264,0
DA:265,0
DA:266,0
DA:274,2
DA:399,0
DA:401,0
DA:402,0
DA:403,0
DA:404,0
DA:405,0
DA:406,0
DA:407,0
DA:408,0
DA:409,0
DA:411,0
DA:413,0
DA:415,0
DA:417,0
DA:418,0
DA:419,0
DA:421,0
DA:422,0
DA:423,0
DA:424,0
DA:425,0
DA:426,0
DA:427,0
DA:428,0
DA:430,0
DA:431,0
DA:432,0
DA:433,0
DA:435,0
DA:436,0
DA:437,0
DA:438,0
DA:439,0
DA:440,0
DA:441,0
DA:442,0
DA:443,0
DA:444,0
DA:446,0
DA:447,0
DA:448,0
DA:450,0
DA:451,0
DA:452,0
DA:453,0
DA:454,0
DA:455,0
DA:456,0
DA:457,0
DA:458,0
DA:459,0
DA:460,0
DA:465,0
DA:466,0
DA:467,0
DA:471,0
DA:472,0
DA:476,0
DA:478,0
DA:480,0
DA:481,0
DA:482,0
DA:483,0
DA:484,0
DA:485,0
DA:486,0
DA:487,0
DA:488,0
DA:494,0
DA:497,0
DA:498,0
DA:499,0
DA:500,0
DA:501,0
DA:502,0
DA:503,0
DA:504,0
DA:505,0
DA:514,0
DA:541,0
DA:543,0
DA:544,0
DA:546,0
DA:548,0
DA:549,0
DA:551,0
DA:553,0
DA:555,0
DA:556,0
DA:558,0
DA:560,0
DA:562,0
DA:563,0
DA:565,0
DA:566,0
DA:567,0
DA:570,0
DA:571,0
DA:572,0
DA:573,0
DA:574,0
DA:575,0
DA:578,0
DA:579,0
DA:580,0
DA:582,0
DA:585,0
DA:592,0
DA:610,0
DA:611,0
DA:612,0
DA:613,0
DA:614,0
DA:615,0
DA:616,0
DA:617,0
DA:618,0
DA:625,0
DA:639,0
DA:640,0
DA:641,0
DA:642,0
DA:643,0
DA:648,0
DA:677,0
DA:678,0
DA:679,0
DA:684,0
DA:685,0
DA:686,0
DA:688,0
DA:689,0
DA:690,0
DA:693,0
DA:694,0
DA:695,0
DA:696,0
DA:699,0
DA:700,0
DA:701,0
DA:702,0
DA:706,0
DA:707,0
DA:708,0
DA:709,0
DA:712,0
DA:716,0
DA:717,0
DA:718,0
DA:721,0
DA:723,0
DA:727,0
DA:728,0
DA:731,0
DA:733,0
DA:734,0
DA:737,0
DA:738,0
DA:741,0
DA:742,0
DA:745,0
DA:746,0
DA:749,0
DA:750,0
DA:753,0
DA:754,0
DA:758,0
DA:762,0
DA:763,0
DA:764,0
DA:765,0
DA:771,0
LF:228
LH:1
end_of_record
SF:lib/utils/constants.dart
DA:85,0
DA:86,0
DA:92,0
DA:93,0
DA:94,0
DA:95,0
DA:179,0
DA:180,0
DA:184,0
DA:185,0
DA:189,0
DA:190,0
DA:206,0
DA:209,0
DA:210,0
DA:213,0
DA:214,0
DA:217,0
DA:218,0
DA:219,0
DA:222,0
DA:223,0
DA:227,0
DA:228,0
DA:235,0
DA:236,0
DA:322,0
DA:323,0
DA:331,0
DA:336,0
DA:337,0
LF:31
LH:0
end_of_record
SF:lib/screens/photo_capture/camera_image_yuv_jpeg.dart
DA:7,0
DA:8,0
DA:9,0
DA:11,0
DA:12,0
DA:13,0
DA:14,0
DA:15,0
DA:17,0
DA:18,0
DA:19,0
DA:21,0
DA:22,0
DA:23,0
DA:24,0
DA:25,0
DA:27,0
DA:29,0
DA:30,0
DA:31,0
DA:35,0
DA:36,0
DA:37,0
DA:38,0
DA:39,0
DA:40,0
DA:41,0
DA:42,0
DA:44,0
DA:45,0
DA:46,0
DA:48,0
DA:49,0
DA:50,0
DA:52,0
DA:56,0
LF:36
LH:0
end_of_record
SF:lib/screens/photo_capture/photo_capture_camera_config.dart
DA:7,0
DA:11,0
DA:12,0
DA:21,0
DA:26,0
DA:31,0
DA:46,0
DA:51,0
DA:52,0
DA:53,0
LF:10
LH:0
end_of_record
SF:lib/screens/photo_capture/photo_capture_camera_error_helpers.dart
DA:6,0
DA:7,0
DA:10,0
DA:11,0
DA:13,0
DA:14,0
DA:15,0
DA:18,0
DA:21,0
DA:27,0
DA:28,0
DA:29,0
DA:30,0
DA:31,0
DA:34,0
DA:35,0
DA:38,0
DA:39,0
DA:46,0
DA:47,0
DA:48,0
DA:49,0
DA:50,0
DA:51,0
DA:52,0
DA:53,0
DA:54,0
DA:55,0
DA:56,0
DA:57,0
DA:58,0
LF:31
LH:0
end_of_record
SF:lib/screens/photo_capture/photo_capture_camera_selection_helpers.dart
DA:9,1
DA:10,1
DA:14,1
DA:18,1
DA:19,1
DA:22,2
DA:29,1
DA:34,1
DA:35,1
DA:36,1
DA:37,1
DA:38,2
DA:39,2
DA:48,1
DA:53,2
DA:56,1
DA:57,1
DA:64,1
DA:68,1
DA:69,1
DA:70,1
DA:71,2
DA:72,2
DA:73,2
DA:74,1
DA:75,2
DA:76,1
DA:78,1
DA:81,3
DA:85,1
DA:90,1
DA:95,1
DA:96,1
DA:98,1
DA:102,1
DA:107,1
DA:116,1
DA:122,1
DA:126,1
DA:130,1
DA:133,2
DA:134,1
DA:135,1
DA:138,1
DA:139,1
LF:45
LH:45
end_of_record
SF:lib/utils/device_classifier.dart
DA:8,0
DA:9,0
DA:13,1
DA:15,1
DA:16,1
DA:17,1
DA:18,1
DA:20,1
DA:21,1
DA:22,0
LF:10
LH:7
end_of_record
SF:lib/screens/photo_capture/photo_capture_normalize_helpers.dart
DA:8,0
DA:12,0
DA:13,0
DA:19,0
DA:27,0
DA:31,0
DA:32,0
DA:38,0
LF:8
LH:0
end_of_record
SF:lib/utils/image_helper.dart
DA:38,0
DA:39,0
DA:43,0
DA:44,0
DA:45,0
DA:48,0
DA:49,0
DA:50,0
DA:51,0
DA:52,0
DA:53,0
DA:56,0
DA:57,0
DA:58,0
DA:59,0
DA:60,0
DA:61,0
DA:62,0
DA:64,0
DA:65,0
DA:66,0
DA:67,0
DA:72,0
DA:79,0
DA:80,0
DA:83,0
DA:85,0
DA:89,0
DA:90,0
DA:92,0
DA:94,0
DA:97,0
DA:98,0
DA:99,0
DA:101,0
DA:102,0
DA:104,0
DA:105,0
DA:142,0
DA:143,0
DA:145,0
DA:149,0
DA:150,0
DA:151,0
DA:152,0
DA:154,0
DA:157,0
DA:159,0
DA:160,0
DA:162,0
DA:164,0
DA:166,0
DA:168,0
DA:171,0
DA:176,0
DA:177,0
DA:179,0
DA:181,0
DA:182,0
DA:183,0
DA:184,0
DA:188,0
DA:195,0
DA:197,0
DA:198,0
DA:199,0
DA:200,0
DA:210,0
DA:211,0
DA:212,0
DA:213,0
DA:214,0
DA:221,0
DA:236,0
DA:237,0
DA:238,0
DA:239,0
DA:250,0
DA:253,0
DA:261,0
DA:263,0
DA:264,0
DA:265,0
DA:266,0
DA:267,0
DA:268,0
DA:269,0
DA:275,0
DA:280,0
DA:292,0
DA:294,0
DA:295,0
DA:296,0
DA:298,0
DA:299,0
DA:300,0
DA:302,0
DA:304,0
DA:305,0
DA:306,0
DA:307,0
DA:308,0
DA:309,0
DA:317,0
DA:324,0
DA:325,0
DA:326,0
DA:327,0
DA:329,0
DA:330,0
DA:331,0
DA:332,0
DA:333,0
DA:334,0
DA:338,0
DA:343,0
DA:345,0
DA:353,0
DA:359,0
DA:365,0
DA:366,0
DA:367,0
DA:368,0
DA:369,0
DA:370,0
DA:372,0
DA:374,0
DA:377,0
DA:378,0
DA:379,0
DA:384,0
DA:385,0
DA:387,0
DA:389,0
DA:391,0
DA:392,0
DA:396,0
DA:397,0
DA:402,0
DA:404,0
DA:405,0
DA:410,0
DA:415,0
DA:416,0
DA:417,0
DA:419,0
DA:421,0
DA:423,0
DA:424,0
DA:428,0
DA:429,0
DA:435,0
DA:444,0
DA:448,0
DA:449,0
DA:450,0
DA:451,0
DA:452,0
DA:453,0
DA:456,0
DA:460,0
DA:464,0
DA:471,0
DA:475,0
DA:476,0
DA:477,0
DA:479,0
DA:481,0
DA:483,0
DA:484,0
DA:488,0
DA:489,0
DA:495,0
DA:500,0
DA:509,0
DA:512,0
DA:513,0
DA:514,0
DA:519,0
DA:520,0
DA:522,0
DA:523,0
DA:527,0
DA:528,0
DA:530,0
DA:531,0
DA:532,0
DA:533,0
DA:534,0
DA:535,0
DA:536,0
DA:540,0
DA:541,0
DA:542,0
DA:543,0
DA:545,0
DA:546,0
DA:551,0
DA:553,0
DA:554,0
DA:555,0
DA:564,0
DA:566,0
DA:567,0
DA:568,0
DA:570,0
DA:571,0
DA:575,0
DA:577,0
DA:583,0
DA:584,0
DA:586,0
DA:587,0
DA:588,0
DA:596,0
DA:599,0
DA:600,0
DA:601,0
DA:603,0
DA:614,0
DA:615,0
DA:617,0
DA:620,0
DA:621,0
DA:623,0
DA:625,0
DA:627,0
DA:633,0
DA:634,0
DA:635,0
DA:636,0
DA:637,0
DA:639,0
DA:640,0
DA:647,0
DA:650,0
DA:653,0
DA:654,0
DA:674,0
DA:683,0
DA:684,0
DA:685,0
DA:687,0
DA:702,0
DA:713,0
DA:731,0
DA:738,0
DA:739,0
DA:740,0
DA:742,0
DA:743,0
DA:745,0
DA:749,0
DA:750,0
DA:752,0
DA:753,0
DA:754,0
DA:755,0
DA:756,0
DA:758,0
DA:762,0
DA:764,0
DA:766,0
DA:768,0
DA:771,0
DA:772,0
DA:775,0
DA:779,0
DA:780,0
DA:781,0
DA:784,0
DA:786,0
DA:790,0
DA:791,0
DA:795,0
DA:798,0
DA:803,0
DA:804,0
DA:806,0
DA:810,0
DA:811,0
DA:812,0
DA:816,0
DA:817,0
DA:821,0
DA:823,0
DA:824,0
DA:827,0
DA:831,0
DA:832,0
DA:833,0
DA:837,0
DA:838,0
DA:840,0
DA:844,0
DA:845,0
DA:851,0
DA:853,0
DA:854,0
DA:855,0
DA:859,0
DA:860,0
DA:861,0
DA:862,0
DA:863,0
DA:865,0
DA:867,0
DA:874,0
DA:875,0
DA:876,0
DA:877,0
DA:879,0
DA:880,0
DA:884,0
DA:885,0
DA:886,0
DA:890,0
DA:893,0
DA:895,0
DA:897,0
DA:898,0
DA:899,0
DA:901,0
LF:323
LH:0
end_of_record
SF:lib/utils/uvc_capture_config.dart
DA:50,0
DA:54,0
DA:55,0
DA:71,0
DA:81,0
DA:105,0
DA:106,0
DA:113,0
DA:114,0
DA:139,0
DA:194,0
DA:196,0
DA:197,0
DA:200,0
DA:206,0
LF:15
LH:0
end_of_record
SF:lib/screens/photo_capture/photo_capture_pose_setup_helpers.dart
DA:10,0
DA:19,0
DA:30,0
DA:37,0
DA:50,0
DA:51,0
DA:52,0
DA:61,0
DA:68,0
DA:73,0
DA:85,0
DA:92,0
DA:104,0
DA:114,0
DA:124,0
DA:138,0
DA:149,0
DA:150,0
DA:157,0
DA:162,0
DA:163,0
DA:167,0
DA:168,0
DA:169,0
DA:176,0
DA:182,0
DA:187,0
DA:191,0
DA:196,0
DA:197,0
DA:198,0
DA:199,0
DA:203,0
DA:207,0
DA:208,0
DA:209,0
DA:210,0
LF:37
LH:0
end_of_record
SF:lib/screens/photo_capture/photo_capture_preprocess_helpers.dart
DA:12,0
DA:17,0
DA:18,0
DA:19,0
DA:22,0
DA:23,0
DA:27,0
DA:32,0
DA:33,0
DA:36,0
DA:37,0
DA:42,0
DA:49,0
DA:50,0
DA:54,0
DA:55,0
DA:56,0
DA:57,0
DA:62,0
DA:63,0
DA:65,0
LF:21
LH:0
end_of_record
SF:lib/services/api_service.dart
DA:46,0
DA:47,0
DA:48,0
DA:49,0
DA:56,0
DA:62,0
DA:63,0
DA:64,0
DA:65,0
DA:67,0
DA:68,0
DA:72,0
DA:73,0
DA:74,0
DA:75,0
DA:76,0
DA:79,0
DA:82,0
DA:84,0
DA:87,0
DA:88,0
DA:89,0
DA:93,0
DA:94,0
DA:102,0
DA:107,0
DA:108,0
DA:109,0
DA:110,0
DA:112,0
DA:113,0
DA:117,0
DA:118,0
DA:119,0
DA:120,0
DA:123,0
DA:126,0
DA:128,0
DA:131,0
DA:135,0
DA:136,0
DA:139,0
DA:140,0
DA:148,0
DA:152,0
DA:153,0
DA:154,0
DA:157,0
DA:158,0
DA:159,0
DA:160,0
DA:162,0
DA:165,0
DA:166,0
DA:167,0
DA:169,0
DA:172,0
DA:179,0
DA:192,0
DA:193,0
DA:194,0
DA:197,0
DA:198,0
DA:199,0
DA:200,0
DA:201,0
DA:202,0
DA:203,0
DA:204,0
DA:206,0
DA:207,0
DA:209,0
DA:210,0
DA:211,0
DA:212,0
DA:213,0
DA:214,0
DA:218,0
DA:219,0
DA:221,0
DA:223,0
DA:226,0
DA:227,0
DA:228,0
DA:232,0
DA:233,0
DA:244,0
DA:248,0
DA:249,0
DA:250,0
DA:253,0
DA:256,0
DA:257,0
DA:259,0
DA:261,0
DA:264,0
DA:265,0
DA:266,0
DA:270,0
DA:271,0
DA:281,0
DA:285,0
DA:286,0
DA:287,0
DA:288,0
DA:289,0
DA:292,0
DA:293,0
DA:294,0
DA:295,0
DA:296,0
DA:300,0
DA:301,0
DA:302,0
DA:303,0
DA:305,0
DA:306,0
DA:308,0
DA:313,0
DA:319,0
DA:322,0
DA:325,0
DA:330,0
DA:331,0
DA:332,0
DA:340,0
DA:342,0
DA:343,0
DA:345,0
DA:346,0
DA:348,0
DA:349,0
DA:350,0
DA:352,0
DA:355,0
DA:363,0
DA:364,0
DA:365,0
DA:367,0
DA:369,0
DA:370,0
DA:372,0
DA:373,0
DA:374,0
DA:377,0
DA:378,0
DA:388,0
DA:389,0
DA:390,0
DA:392,0
DA:393,0
DA:394,0
DA:396,0
DA:399,0
DA:400,0
DA:403,0
DA:404,0
DA:405,0
DA:407,0
DA:408,0
DA:409,0
DA:411,0
DA:412,0
DA:418,0
DA:422,0
DA:423,0
DA:425,0
DA:426,0
DA:427,0
DA:428,0
DA:429,0
DA:430,0
DA:431,0
DA:433,0
DA:436,0
DA:437,0
DA:438,0
DA:439,0
DA:440,0
DA:442,0
DA:443,0
DA:444,0
DA:446,0
DA:447,0
DA:454,0
DA:456,0
DA:459,0
DA:461,0
DA:462,0
DA:463,0
DA:465,0
DA:468,0
DA:469,0
DA:470,0
DA:472,0
DA:474,0
DA:475,0
DA:481,0
DA:484,0
DA:486,0
DA:487,0
DA:489,0
DA:490,0
DA:491,0
DA:493,0
DA:494,0
DA:496,0
DA:497,0
DA:499,0
DA:500,0
DA:506,0
DA:509,0
DA:513,0
DA:516,0
DA:517,0
DA:519,0
DA:521,0
DA:523,0
DA:529,0
DA:533,0
DA:534,0
DA:535,0
DA:536,0
DA:537,0
DA:538,0
DA:542,0
DA:545,0
DA:546,0
DA:548,0
DA:549,0
DA:550,0
DA:551,0
DA:552,0
DA:558,0
DA:561,0
DA:562,0
DA:563,0
DA:564,0
DA:566,0
DA:568,0
DA:569,0
DA:571,0
DA:572,0
DA:573,0
DA:575,0
DA:576,0
DA:578,0
DA:579,0
DA:581,0
DA:582,0
DA:583,0
DA:584,0
DA:585,0
DA:591,0
DA:596,0
DA:597,0
DA:602,0
DA:603,0
DA:604,0
DA:608,0
DA:610,0
DA:612,0
DA:614,0
DA:615,0
DA:618,0
DA:620,0
DA:621,0
DA:622,0
DA:623,0
DA:626,0
DA:627,0
DA:628,0
DA:630,0
DA:631,0
DA:632,0
DA:633,0
DA:634,0
DA:636,0
DA:639,0
DA:641,0
DA:642,0
DA:643,0
DA:644,0
DA:645,0
DA:652,0
DA:656,0
DA:657,0
DA:662,0
DA:663,0
DA:664,0
DA:665,0
DA:667,0
DA:669,0
DA:671,0
DA:672,0
DA:675,0
DA:677,0
DA:678,0
DA:679,0
DA:680,0
DA:683,0
DA:685,0
DA:686,0
DA:687,0
DA:691,0
DA:692,0
DA:693,0
DA:695,0
DA:696,0
DA:697,0
DA:698,0
DA:699,0
DA:701,0
DA:703,0
DA:705,0
DA:707,0
DA:709,0
DA:710,0
DA:711,0
DA:712,0
DA:713,0
DA:719,0
DA:724,0
DA:725,0
DA:726,0
DA:728,0
DA:729,0
DA:730,0
DA:731,0
DA:733,0
DA:734,0
DA:736,0
DA:737,0
DA:742,0
DA:747,0
DA:748,0
DA:749,0
DA:750,0
DA:752,0
DA:753,0
DA:754,0
DA:755,0
DA:756,0
DA:762,0
DA:764,0
DA:765,0
DA:766,0
DA:768,0
DA:769,0
DA:770,0
DA:772,0
DA:773,0
DA:775,0
DA:776,0
DA:778,0
DA:779,0
DA:780,0
DA:781,0
DA:782,0
DA:788,0
DA:790,0
DA:791,0
DA:792,0
DA:794,0
DA:795,0
DA:796,0
DA:797,0
DA:798,0
DA:805,0
DA:817,0
DA:818,0
DA:823,0
DA:831,0
DA:833,0
DA:834,0
DA:835,0
DA:837,0
DA:838,0
DA:840,0
DA:841,0
DA:843,0
DA:849,0
DA:851,0
DA:853,0
DA:854,0
DA:857,0
DA:859,0
DA:860,0
DA:861,0
DA:862,0
DA:865,0
DA:867,0
DA:869,0
DA:870,0
DA:872,0
DA:873,0
DA:874,0
DA:875,0
DA:876,0
DA:877,0
DA:881,0
DA:883,0
DA:884,0
DA:885,0
DA:886,0
DA:887,0
DA:893,0
DA:896,0
DA:897,0
DA:899,0
DA:900,0
DA:901,0
DA:903,0
DA:904,0
DA:906,0
DA:907,0
DA:912,0
DA:915,0
DA:917,0
DA:918,0
DA:919,0
DA:920,0
DA:921,0
DA:923,0
DA:924,0
DA:925,0
DA:926,0
DA:927,0
DA:933,0
DA:935,0
DA:939,0
DA:940,0
DA:942,0
DA:945,0
DA:950,0
DA:952,0
DA:953,0
DA:954,0
DA:956,0
DA:957,0
DA:959,0
DA:962,0
DA:968,0
DA:976,0
DA:977,0
DA:978,0
DA:979,0
DA:980,0
DA:981,0
DA:982,0
DA:984,0
DA:985,0
DA:986,0
DA:987,0
DA:988,0
DA:990,0
DA:993,0
DA:1005,0
DA:1019,0
DA:1021,0
DA:1030,0
DA:1039,0
DA:1041,0
DA:1043,0
DA:1044,0
DA:1045,0
DA:1046,0
DA:1048,0
DA:1050,0
DA:1051,0
DA:1056,0
DA:1057,0
DA:1062,0
DA:1063,0
DA:1069,0
DA:1070,0
DA:1072,0
DA:1073,0
DA:1075,0
DA:1076,0
DA:1078,0
DA:1079,0
DA:1080,0
DA:1081,0
DA:1084,0
DA:1086,0
DA:1089,0
DA:1094,0
DA:1098,0
DA:1099,0
DA:1100,0
DA:1102,0
DA:1109,0
DA:1110,0
DA:1111,0
DA:1112,0
DA:1113,0
DA:1114,0
DA:1115,0
DA:1117,0
DA:1119,0
DA:1122,0
DA:1128,0
DA:1130,0
DA:1131,0
DA:1132,0
DA:1134,0
DA:1137,0
DA:1142,0
DA:1143,0
DA:1145,0
DA:1146,0
DA:1147,0
DA:1148,0
DA:1149,0
DA:1151,0
DA:1152,0
DA:1154,0
DA:1159,0
DA:1166,0
DA:1167,0
DA:1168,0
DA:1169,0
DA:1172,0
DA:1173,0
DA:1174,0
DA:1177,0
DA:1178,0
DA:1180,0
DA:1181,0
DA:1182,0
DA:1184,0
DA:1187,0
DA:1192,0
DA:1197,0
DA:1198,0
DA:1199,0
DA:1200,0
DA:1202,0
DA:1203,0
DA:1205,0
DA:1206,0
DA:1209,0
DA:1210,0
DA:1211,0
DA:1212,0
DA:1214,0
DA:1217,0
DA:1218,0
DA:1219,0
DA:1222,0
DA:1223,0
DA:1231,0
DA:1234,0
DA:1235,0
DA:1236,0
DA:1239,0
DA:1240,0
DA:1242,0
DA:1244,0
DA:1247,0
DA:1248,0
DA:1249,0
DA:1252,0
DA:1253,0
DA:1261,0
DA:1264,0
DA:1265,0
DA:1266,0
DA:1269,0
DA:1270,0
DA:1271,0
DA:1273,0
DA:1276,0
DA:1277,0
DA:1278,0
DA:1281,0
DA:1282,0
DA:1293,0
DA:1306,0
DA:1312,0
DA:1313,0
DA:1315,0
DA:1316,0
DA:1317,0
DA:1319,0
DA:1320,0
DA:1322,0
DA:1323,0
DA:1325,0
DA:1326,0
DA:1329,0
DA:1330,0
DA:1331,0
DA:1335,0
DA:1336,0
DA:1337,0
DA:1338,0
DA:1340,0
DA:1343,0
DA:1351,0
DA:1360,0
DA:1366,0
DA:1368,0
DA:1374,0
DA:1377,0
DA:1378,0
DA:1379,0
DA:1382,0
DA:1384,0
DA:1387,0
DA:1392,0
DA:1400,0
DA:1409,0
DA:1410,0
DA:1411,0
DA:1418,0
DA:1419,0
DA:1420,0
DA:1423,0
DA:1439,0
DA:1447,0
DA:1448,0
DA:1451,0
DA:1453,0
DA:1457,0
DA:1459,0
DA:1465,0
DA:1466,0
DA:1467,0
DA:1470,0
DA:1476,0
DA:1477,0
DA:1481,0
DA:1485,0
DA:1486,0
DA:1487,0
DA:1495,0
DA:1499,0
DA:1500,0
DA:1501,0
DA:1502,0
DA:1506,0
DA:1507,0
DA:1508,0
DA:1510,0
DA:1511,0
DA:1514,0
DA:1515,0
DA:1516,0
DA:1519,0
LF:651
LH:0
end_of_record
SF:lib/services/session_manager.dart
DA:37,0
DA:57,0
DA:63,0
DA:64,0
DA:65,0
DA:66,0
DA:67,0
DA:68,0
DA:69,0
DA:70,0
DA:71,0
DA:72,0
DA:73,0
DA:74,0
DA:75,0
DA:76,0
DA:77,0
DA:78,0
DA:79,0
DA:80,0
DA:85,0
DA:87,0
DA:88,0
DA:89,0
DA:90,0
DA:91,0
DA:92,0
DA:93,0
DA:94,0
DA:95,0
DA:96,0
DA:97,0
DA:98,0
DA:99,0
DA:100,0
DA:101,0
DA:102,0
DA:103,0
DA:104,0
DA:105,0
DA:109,0
DA:110,0
DA:111,0
DA:112,0
DA:113,0
DA:115,0
DA:116,0
DA:121,0
DA:122,0
DA:123,0
DA:124,0
DA:128,0
DA:129,0
DA:130,0
DA:131,0
DA:134,0
DA:135,0
DA:136,0
DA:137,0
DA:139,0
DA:142,0
DA:143,0
DA:144,0
DA:145,0
DA:146,0
DA:147,0
DA:148,0
DA:149,0
DA:150,0
DA:151,0
DA:152,0
DA:153,0
DA:154,0
DA:155,0
DA:156,0
DA:157,0
DA:158,0
DA:159,0
DA:160,0
DA:168,0
DA:171,0
DA:177,0
DA:183,0
DA:184,0
DA:186,0
DA:187,0
DA:188,0
DA:189,0
DA:190,0
DA:191,0
DA:192,0
DA:201,0
DA:204,0
DA:207,0
DA:209,0
DA:210,0
DA:211,0
DA:214,0
DA:217,0
DA:218,0
DA:220,0
DA:221,0
DA:222,0
DA:225,0
DA:226,0
DA:227,0
DA:229,0
DA:232,0
DA:233,0
DA:236,0
DA:237,0
DA:238,0
DA:239,0
DA:240,0
DA:241,0
DA:245,0
DA:246,0
DA:247,0
DA:248,0
DA:249,0
DA:250,0
DA:254,0
DA:259,0
DA:260,0
DA:261,0
DA:262,0
DA:264,0
DA:265,0
DA:266,0
DA:268,0
DA:269,0
DA:270,0
DA:272,0
DA:273,0
DA:274,0
DA:275,0
DA:279,0
DA:280,0
DA:281,0
DA:282,0
DA:283,0
DA:285,0
DA:287,0
DA:288,0
DA:291,0
DA:292,0
DA:294,0
DA:295,0
DA:296,0
DA:300,0
DA:301,0
DA:311,0
DA:312,0
DA:313,0
DA:314,0
DA:315,0
DA:316,0
DA:322,0
DA:324,0
DA:325,0
DA:326,0
DA:327,0
DA:328,0
DA:329,0
DA:332,0
DA:333,0
DA:336,0
DA:337,0
DA:341,0
DA:342,0
DA:343,0
DA:347,0
DA:348,0
DA:352,0
LF:174
LH:0
end_of_record
SF:lib/screens/photo_capture/photo_capture_preview_rotation.dart
DA:7,0
DA:17,0
DA:18,0
DA:19,0
DA:24,0
DA:25,0
DA:27,0
DA:31,0
DA:36,0
DA:41,0
DA:42,0
DA:46,0
DA:50,0
DA:53,0
DA:63,0
DA:67,0
DA:68,0
DA:69,0
DA:70,0
DA:71,0
DA:77,0
DA:80,0
DA:84,0
DA:87,0
DA:89,0
DA:90,0
DA:105,0
DA:112,0
DA:113,0
DA:120,0
DA:121,0
DA:127,0
DA:129,0
DA:130,0
DA:133,0
DA:136,0
DA:150,0
DA:155,0
DA:156,0
DA:158,0
LF:40
LH:0
end_of_record
SF:lib/screens/photo_capture/photo_capture_sidecar_helpers.dart
DA:18,0
DA:28,0
DA:33,0
DA:34,0
DA:41,0
DA:44,0
DA:45,0
DA:48,0
DA:55,0
DA:56,0
DA:60,0
DA:61,0
DA:62,0
DA:65,0
DA:66,0
DA:67,0
DA:73,0
DA:74,0
DA:75,0
DA:86,0
DA:87,0
DA:102,0
DA:107,0
DA:109,0
DA:110,0
DA:114,0
DA:116,0
DA:121,0
DA:122,0
DA:127,0
DA:128,0
DA:129,0
DA:130,0
DA:131,0
DA:132,0
DA:134,0
DA:135,0
DA:142,0
DA:147,0
DA:148,0
DA:149,0
DA:150,0
DA:156,0
DA:162,0
DA:164,0
DA:169,0
DA:176,0
DA:191,0
DA:209,0
DA:212,0
DA:213,0
DA:217,0
DA:218,0
DA:219,0
DA:221,0
DA:222,0
DA:223,0
DA:224,0
DA:228,0
DA:229,0
DA:230,0
DA:242,0
DA:243,0
DA:244,0
DA:245,0
DA:246,0
DA:248,0
DA:249,0
DA:250,0
DA:251,0
DA:252,0
DA:253,0
DA:257,0
DA:258,0
DA:261,0
DA:264,0
DA:279,0
DA:287,0
DA:290,0
DA:293,0
DA:295,0
DA:297,0
DA:299,0
DA:301,0
DA:302,0
DA:304,0
DA:314,0
DA:317,0
DA:319,0
DA:321,0
DA:330,0
DA:331,0
DA:338,0
DA:343,0
DA:347,0
DA:349,0
DA:350,0
DA:351,0
DA:352,0
DA:353,0
DA:355,0
DA:357,0
DA:358,0
DA:364,0
DA:365,0
DA:366,0
DA:370,0
DA:373,0
DA:375,0
DA:376,0
DA:379,0
DA:380,0
DA:386,0
DA:387,0
DA:391,0
DA:392,0
DA:396,0
DA:400,0
DA:401,0
DA:402,0
DA:403,0
DA:404,0
DA:407,0
DA:409,0
DA:410,0
DA:416,0
DA:417,0
DA:418,0
DA:424,0
DA:426,0
DA:427,0
DA:429,0
DA:431,0
DA:433,0
DA:434,0
DA:435,0
DA:436,0
DA:441,0
DA:442,0
DA:443,0
DA:444,0
DA:451,0
DA:452,0
DA:453,0
DA:460,0
DA:461,0
DA:462,0
DA:463,0
DA:464,0
DA:465,0
DA:466,0
DA:468,0
DA:469,0
DA:471,0
DA:482,0
DA:497,0
DA:501,0
DA:504,0
DA:505,0
DA:510,0
DA:511,0
DA:512,0
DA:514,0
DA:517,0
DA:525,0
DA:526,0
DA:527,0
DA:528,0
DA:530,0
DA:531,0
DA:533,0
DA:534,0
DA:535,0
DA:536,0
DA:537,0
DA:538,0
DA:539,0
DA:540,0
LF:178
LH:0
end_of_record
SF:lib/services/local_camera_service.dart
DA:15,0
DA:16,0
DA:17,0
DA:18,0
DA:19,0
DA:30,0
DA:36,0
DA:37,0
DA:56,0
DA:57,0
DA:59,0
DA:62,0
DA:63,0
DA:70,0
DA:72,0
DA:76,0
DA:77,0
DA:78,0
DA:81,0
DA:84,0
DA:87,0
DA:90,0
DA:91,0
DA:92,0
DA:93,0
DA:94,0
DA:98,0
DA:99,0
DA:100,0
DA:103,0
DA:104,0
DA:105,0
DA:110,0
DA:111,0
DA:112,0
DA:117,0
DA:118,0
DA:119,0
DA:122,0
DA:124,0
DA:127,0
DA:129,0
DA:130,0
DA:132,0
DA:136,0
DA:137,0
DA:138,0
DA:139,0
DA:144,0
DA:145,0
DA:146,0
DA:148,0
DA:149,0
DA:150,0
DA:153,0
DA:154,0
DA:155,0
DA:156,0
DA:157,0
DA:161,0
DA:162,0
DA:163,0
DA:164,0
DA:171,0
DA:172,0
DA:173,0
DA:174,0
DA:176,0
DA:177,0
DA:178,0
DA:179,0
DA:180,0
DA:181,0
DA:182,0
DA:186,0
DA:187,0
DA:188,0
DA:189,0
DA:190,0
DA:191,0
DA:193,0
DA:196,0
DA:197,0
DA:198,0
DA:200,0
DA:207,0
DA:208,0
DA:210,0
DA:211,0
DA:212,0
DA:213,0
DA:220,0
DA:224,0
DA:225,0
DA:227,0
DA:228,0
DA:229,0
DA:230,0
DA:232,0
DA:233,0
DA:242,0
DA:248,0
DA:249,0
DA:251,0
DA:252,0
DA:253,0
DA:257,0
DA:258,0
DA:265,0
DA:266,0
DA:267,0
DA:268,0
DA:270,0
DA:271,0
DA:278,0
DA:279,0
DA:280,0
DA:282,0
DA:283,0
DA:286,0
DA:288,0
DA:289,0
DA:290,0
DA:291,0
DA:292,0
DA:294,0
DA:295,0
DA:296,0
DA:297,0
DA:298,0
DA:300,0
DA:301,0
DA:302,0
DA:309,0
DA:316,0
DA:320,0
DA:321,0
DA:323,0
DA:324,0
DA:325,0
DA:326,0
DA:327,0
DA:328,0
DA:329,0
DA:330,0
DA:331,0
DA:332,0
DA:333,0
DA:335,0
DA:337,0
DA:340,0
DA:346,0
DA:350,0
DA:351,0
DA:353,0
DA:354,0
DA:355,0
DA:356,0
DA:357,0
DA:358,0
DA:360,0
DA:362,0
DA:363,0
DA:364,0
DA:365,0
DA:369,0
DA:371,0
DA:376,0
DA:377,0
DA:378,0
DA:380,0
DA:381,0
DA:382,0
DA:383,0
DA:384,0
DA:385,0
DA:386,0
DA:397,0
DA:401,0
DA:402,0
DA:404,0
DA:405,0
DA:406,0
DA:407,0
DA:408,0
DA:409,0
DA:410,0
DA:411,0
DA:412,0
DA:413,0
DA:414,0
DA:416,0
DA:418,0
DA:419,0
DA:420,0
DA:421,0
DA:422,0
DA:425,0
DA:426,0
DA:430,0
DA:434,0
DA:439,0
DA:443,0
DA:444,0
DA:445,0
DA:447,0
DA:448,0
DA:449,0
DA:450,0
DA:451,0
DA:452,0
DA:454,0
DA:456,0
DA:457,0
DA:458,0
DA:459,0
DA:460,0
DA:464,0
DA:466,0
DA:470,0
DA:472,0
DA:473,0
DA:477,0
DA:480,0
DA:481,0
DA:482,0
DA:483,0
DA:484,0
DA:485,0
DA:486,0
DA:490,0
DA:491,0
DA:492,0
DA:495,0
DA:496,0
DA:497,0
DA:498,0
DA:499,0
DA:501,0
DA:502,0
DA:503,0
DA:506,0
DA:509,0
DA:510,0
LF:244
LH:0
end_of_record
SF:lib/utils/capture_flow_log.dart
DA:11,0
DA:14,0
DA:19,0
DA:25,0
DA:26,0
DA:28,0
DA:29,0
DA:30,0
DA:31,0
DA:32,0
DA:33,0
DA:34,0
DA:35,0
DA:37,0
DA:39,0
DA:44,0
DA:45,0
DA:46,0
DA:47,0
DA:48,0
DA:50,0
DA:51,0
DA:52,0
DA:54,0
LF:24
LH:0
end_of_record
SF:lib/utils/logger.dart
DA:24,0
DA:25,0
DA:27,0
DA:28,0
DA:30,0
DA:39,0
DA:40,0
DA:41,0
DA:42,0
DA:46,0
DA:54,0
DA:57,0
DA:63,0
DA:69,0
DA:70,0
DA:71,0
DA:74,0
DA:76,0
DA:78,0
DA:82,0
DA:83,0
DA:86,0
DA:87,0
DA:90,0
DA:91,0
DA:94,0
DA:100,0
DA:102,0
LF:28
LH:0
end_of_record
SF:lib/utils/sidecar_error_parse.dart
DA:3,0
DA:15,0
DA:16,0
DA:18,0
DA:19,0
DA:20,0
DA:21,0
DA:22,0
DA:23,0
DA:27,0
DA:28,0
DA:29,0
DA:30,0
DA:31,0
DA:37,0
DA:38,0
DA:39,0
DA:41,0
DA:45,0
DA:47,0
DA:49,0
DA:50,0
DA:53,0
DA:54,0
DA:56,0
DA:57,0
LF:26
LH:0
end_of_record
SF:lib/screens/photo_capture/photo_capture_viewmodel.dart
DA:62,0
DA:65,1
DA:67,1
DA:69,1
DA:73,1
DA:77,0
DA:79,0
DA:80,0
DA:82,0
DA:83,0
DA:84,0
DA:91,0
DA:99,0
DA:100,0
DA:102,0
DA:106,0
DA:107,0
DA:109,0
DA:114,0
DA:116,0
DA:117,0
DA:122,0
DA:124,0
DA:125,0
DA:126,0
DA:128,0
DA:133,1
DA:138,1
DA:140,1
DA:148,0
DA:149,0
DA:151,0
DA:154,0
DA:160,0
DA:161,0
DA:162,0
DA:167,0
DA:168,0
DA:169,0
DA:174,0
DA:185,0
DA:188,0
DA:191,0
DA:192,0
DA:193,0
DA:198,0
DA:199,0
DA:204,0
DA:208,0
DA:210,0
DA:215,0
DA:220,0
DA:224,0
DA:225,0
DA:228,0
DA:229,0
DA:230,0
DA:231,0
DA:241,0
DA:248,0
DA:254,0
DA:295,0
DA:300,0
DA:301,0
DA:302,0
DA:303,0
DA:305,0
DA:307,0
DA:308,0
DA:311,0
DA:313,0
DA:314,0
DA:318,0
DA:323,0
DA:324,0
DA:325,0
DA:326,0
DA:330,0
DA:331,0
DA:332,0
DA:333,0
DA:334,0
DA:376,0
DA:383,0
DA:384,0
DA:385,0
DA:386,0
DA:388,0
DA:389,0
DA:396,0
DA:399,0
DA:400,0
DA:404,0
DA:406,0
DA:407,0
DA:408,0
DA:409,0
DA:415,0
DA:417,0
DA:418,0
DA:419,0
DA:420,0
DA:421,0
DA:422,0
DA:426,0
DA:429,0
DA:430,0
DA:434,0
DA:441,0
DA:444,0
DA:447,0
DA:448,0
DA:449,0
DA:450,0
DA:451,0
DA:457,0
DA:465,0
DA:475,0
DA:479,0
DA:480,0
DA:481,0
DA:482,0
DA:483,0
DA:484,0
DA:485,0
DA:486,0
DA:489,0
DA:490,0
DA:491,0
DA:492,0
DA:493,0
DA:496,0
DA:497,0
DA:500,0
DA:501,0
DA:502,0
DA:503,0
DA:504,0
DA:510,0
DA:512,0
DA:517,0
DA:518,0
DA:519,0
DA:520,0
DA:521,0
DA:528,0
DA:529,0
DA:530,0
DA:531,0
DA:534,0
DA:535,0
DA:536,0
DA:538,0
DA:541,0
DA:542,0
DA:543,0
DA:545,0
DA:547,0
DA:549,0
DA:550,0
DA:551,0
DA:552,0
DA:553,0
DA:554,0
DA:555,0
DA:556,0
DA:561,0
DA:562,0
DA:563,0
DA:564,0
DA:565,0
DA:569,0
DA:577,0
DA:579,0
DA:582,0
DA:585,0
DA:587,0
DA:589,0
DA:593,0
DA:595,0
DA:598,0
DA:599,0
DA:600,0
DA:601,0
DA:602,0
DA:603,0
DA:604,0
DA:605,0
DA:606,0
DA:607,0
DA:608,0
DA:609,0
DA:610,0
DA:611,0
DA:612,0
DA:613,0
DA:614,0
DA:615,0
DA:616,0
DA:618,0
DA:619,0
DA:620,0
DA:621,0
DA:624,0
DA:627,0
DA:631,0
DA:632,0
DA:634,0
DA:635,0
DA:638,0
DA:639,0
DA:640,0
DA:641,0
DA:644,0
DA:645,0
DA:649,0
DA:652,0
DA:653,0
DA:656,0
DA:659,0
DA:660,0
DA:661,0
DA:663,0
DA:664,0
DA:665,0
DA:669,0
DA:670,0
DA:674,0
DA:677,0
DA:678,0
DA:679,0
DA:683,0
DA:684,0
DA:685,0
DA:686,0
DA:688,0
DA:691,0
DA:692,0
DA:698,0
DA:699,0
DA:703,0
DA:705,0
DA:706,0
DA:708,0
DA:710,0
DA:712,0
DA:713,0
DA:714,0
DA:720,0
DA:722,0
DA:723,0
DA:726,0
DA:727,0
DA:733,0
DA:735,0
DA:738,0
DA:739,0
DA:741,0
DA:742,0
DA:747,0
DA:751,0
DA:752,0
DA:753,0
DA:754,0
DA:755,0
DA:756,0
DA:760,0
DA:761,0
DA:764,0
DA:769,0
DA:771,0
DA:772,0
DA:774,0
DA:777,0
DA:781,0
DA:782,0
DA:783,0
DA:784,0
DA:785,0
DA:790,0
DA:791,0
DA:792,0
DA:800,0
DA:801,0
DA:802,0
DA:803,0
DA:804,0
DA:809,0
DA:812,0
DA:813,0
DA:815,0
DA:823,0
DA:824,0
DA:825,0
DA:826,0
DA:827,0
DA:828,0
DA:832,0
DA:834,0
DA:835,0
DA:839,0
DA:841,0
DA:844,0
DA:847,0
DA:848,0
DA:849,0
DA:853,0
DA:857,0
DA:863,0
DA:865,0
DA:866,0
DA:867,0
DA:870,0
DA:871,0
DA:872,0
DA:876,0
DA:881,0
DA:882,0
DA:883,0
DA:887,0
DA:892,0
DA:895,0
DA:896,0
DA:899,0
DA:902,0
DA:904,0
DA:909,0
DA:913,0
DA:922,0
DA:923,0
DA:924,0
DA:926,0
DA:927,0
DA:932,0
DA:937,0
DA:938,0
DA:942,0
DA:947,0
DA:951,0
DA:952,0
DA:953,0
DA:954,0
DA:956,0
DA:957,0
DA:958,0
DA:963,0
DA:968,0
DA:972,0
DA:976,0
DA:979,0
DA:980,0
DA:981,0
DA:982,0
DA:983,0
DA:984,0
DA:988,0
DA:989,0
DA:990,0
DA:992,0
DA:994,0
DA:995,0
DA:996,0
DA:997,0
DA:998,0
DA:1002,0
DA:1003,0
DA:1004,0
DA:1005,0
DA:1006,0
DA:1007,0
DA:1008,0
DA:1012,0
DA:1013,0
DA:1014,0
DA:1019,0
DA:1020,0
DA:1022,0
DA:1023,0
DA:1028,0
DA:1030,0
DA:1034,0
DA:1037,0
DA:1039,0
DA:1040,0
DA:1048,0
DA:1050,0
DA:1052,0
DA:1053,0
DA:1054,0
DA:1055,0
DA:1056,0
DA:1057,0
DA:1058,0
DA:1059,0
DA:1060,0
DA:1061,0
DA:1062,0
DA:1063,0
DA:1066,0
DA:1067,0
DA:1073,0
DA:1074,0
DA:1078,0
DA:1079,0
DA:1080,0
DA:1082,0
DA:1083,0
DA:1085,0
DA:1088,0
DA:1089,0
DA:1090,0
DA:1096,0
DA:1099,0
DA:1101,0
DA:1102,0
DA:1105,0
DA:1107,0
DA:1109,0
DA:1110,0
DA:1112,0
DA:1113,0
DA:1114,0
DA:1117,0
DA:1118,0
DA:1125,0
DA:1126,0
DA:1127,0
DA:1132,0
DA:1138,0
DA:1139,0
DA:1141,0
DA:1142,0
DA:1146,0
DA:1147,0
DA:1148,0
DA:1150,0
DA:1151,0
DA:1152,0
DA:1153,0
DA:1160,0
DA:1161,0
DA:1164,0
DA:1166,0
DA:1169,0
DA:1172,0
DA:1176,0
DA:1180,0
DA:1181,0
DA:1182,0
DA:1190,0
DA:1191,0
DA:1200,0
DA:1201,0
DA:1202,0
DA:1205,0
DA:1207,0
DA:1209,0
DA:1210,0
DA:1211,0
DA:1213,0
DA:1214,0
DA:1216,0
DA:1217,0
DA:1219,0
DA:1220,0
DA:1221,0
DA:1222,0
DA:1224,0
DA:1225,0
DA:1226,0
DA:1227,0
DA:1230,0
DA:1231,0
DA:1232,0
DA:1234,0
DA:1235,0
DA:1236,0
DA:1237,0
DA:1243,0
DA:1244,0
DA:1249,0
DA:1254,0
DA:1255,0
DA:1256,0
DA:1258,0
DA:1259,0
DA:1260,0
DA:1262,0
DA:1265,0
DA:1269,0
DA:1270,0
DA:1271,0
DA:1275,0
DA:1276,0
DA:1277,0
DA:1280,0
DA:1285,0
DA:1289,0
DA:1292,0
DA:1294,0
DA:1295,0
DA:1297,0
DA:1299,0
DA:1308,0
DA:1315,0
DA:1322,0
DA:1323,0
DA:1327,0
DA:1329,0
DA:1331,0
DA:1332,0
DA:1337,0
DA:1339,0
DA:1341,0
DA:1342,0
DA:1347,0
DA:1348,0
DA:1349,0
DA:1353,0
DA:1357,0
DA:1359,0
DA:1360,0
DA:1367,0
DA:1369,0
DA:1373,0
DA:1375,0
DA:1378,0
DA:1387,0
DA:1394,0
DA:1395,0
DA:1397,0
DA:1399,0
DA:1404,0
DA:1405,0
DA:1407,0
DA:1417,0
DA:1422,0
DA:1426,0
DA:1428,0
DA:1429,0
DA:1430,0
DA:1432,0
DA:1435,0
DA:1444,0
DA:1446,0
DA:1448,0
DA:1450,0
DA:1452,0
DA:1456,0
DA:1458,0
DA:1459,0
DA:1465,0
DA:1471,0
DA:1475,0
DA:1478,0
DA:1486,0
DA:1487,0
DA:1488,0
DA:1489,0
DA:1490,0
DA:1495,0
DA:1496,0
DA:1497,0
DA:1498,0
DA:1503,0
DA:1504,0
DA:1505,0
DA:1506,0
DA:1510,0
DA:1511,0
DA:1512,0
DA:1515,0
DA:1521,0
DA:1523,0
DA:1524,0
DA:1528,0
DA:1529,0
DA:1530,0
DA:1531,0
DA:1532,0
DA:1533,0
DA:1537,0
DA:1538,0
DA:1542,0
DA:1543,0
DA:1544,0
DA:1545,0
DA:1549,0
DA:1550,0
DA:1551,0
DA:1556,0
DA:1557,0
DA:1558,0
DA:1562,0
DA:1563,0
DA:1564,0
DA:1569,0
DA:1571,0
DA:1572,0
DA:1580,0
DA:1582,0
DA:1583,0
DA:1587,0
DA:1588,0
DA:1590,0
DA:1592,0
DA:1600,0
DA:1601,0
DA:1604,0
DA:1605,0
DA:1606,0
DA:1610,0
DA:1611,0
DA:1614,0
DA:1615,0
DA:1620,0
DA:1621,0
DA:1622,0
DA:1623,0
DA:1628,0
DA:1629,0
DA:1630,0
DA:1634,0
DA:1636,0
DA:1637,0
DA:1638,0
DA:1641,0
DA:1647,0
DA:1648,0
DA:1649,0
DA:1650,0
DA:1651,0
DA:1652,0
DA:1654,0
DA:1655,0
DA:1657,0
DA:1660,0
DA:1661,0
DA:1662,0
DA:1666,0
DA:1673,0
DA:1676,0
DA:1678,0
DA:1679,0
DA:1682,0
DA:1683,0
DA:1684,0
DA:1685,0
DA:1686,0
DA:1688,0
DA:1692,0
DA:1693,0
DA:1694,0
DA:1695,0
DA:1700,0
DA:1702,0
DA:1703,0
DA:1704,0
DA:1705,0
DA:1706,0
DA:1707,0
DA:1711,0
DA:1714,0
DA:1715,0
DA:1721,0
DA:1722,0
DA:1726,0
DA:1727,0
DA:1728,0
DA:1729,0
DA:1732,0
DA:1733,0
DA:1737,0
DA:1739,0
DA:1740,0
DA:1743,0
DA:1745,0
DA:1751,0
DA:1755,0
DA:1756,0
DA:1758,0
DA:1759,0
DA:1760,0
DA:1761,0
DA:1762,0
DA:1763,0
DA:1764,0
DA:1765,0
DA:1774,0
DA:1775,0
DA:1777,0
DA:1778,0
DA:1779,0
DA:1780,0
DA:1782,0
DA:1783,0
DA:1785,0
DA:1787,0
DA:1788,0
DA:1792,0
DA:1793,0
DA:1794,0
DA:1795,0
DA:1796,0
DA:1797,0
DA:1798,0
DA:1799,0
DA:1800,0
DA:1802,0
DA:1805,0
DA:1809,0
DA:1811,0
DA:1813,0
DA:1814,0
DA:1816,0
DA:1818,0
DA:1819,0
DA:1822,0
DA:1828,0
DA:1829,0
DA:1831,0
DA:1836,0
DA:1837,0
DA:1838,0
DA:1842,0
DA:1843,0
DA:1844,0
DA:1845,0
DA:1846,0
DA:1848,0
DA:1849,0
DA:1850,0
DA:1851,0
DA:1852,0
DA:1853,0
DA:1854,0
DA:1855,0
DA:1856,0
DA:1861,0
DA:1866,0
DA:1867,0
DA:1868,0
DA:1871,0
DA:1875,0
DA:1879,0
DA:1880,0
DA:1881,0
DA:1882,0
DA:1886,0
DA:1887,0
DA:1888,0
DA:1889,0
DA:1895,0
DA:1896,0
DA:1897,0
DA:1898,0
DA:1902,0
DA:1903,0
DA:1904,0
DA:1905,0
DA:1911,0
DA:1912,0
DA:1913,0
DA:1917,0
DA:1922,0
DA:1923,0
DA:1924,0
DA:1929,0
DA:1934,0
DA:1935,0
DA:1936,0
DA:1940,0
DA:1941,0
DA:1942,0
DA:1944,0
DA:1945,0
DA:1949,0
DA:1950,0
DA:1951,0
DA:1953,0
DA:1956,0
DA:1957,0
DA:1962,0
DA:1963,0
DA:1964,0
DA:1969,0
DA:1970,0
DA:1971,0
DA:1972,0
DA:1973,0
DA:1978,0
DA:1979,0
DA:1980,0
DA:1985,0
DA:1986,0
DA:1987,0
DA:1989,0
DA:1990,0
DA:1991,0
DA:1993,0
DA:1995,0
DA:1996,0
DA:2000,0
DA:2001,0
DA:2002,0
DA:2009,0
DA:2010,0
DA:2011,0
DA:2012,0
DA:2019,0
DA:2021,0
DA:2023,0
DA:2025,0
DA:2027,0
DA:2029,0
DA:2030,0
DA:2032,0
DA:2033,0
DA:2035,0
DA:2036,0
DA:2043,0
DA:2044,0
DA:2046,0
DA:2048,0
DA:2050,0
DA:2054,0
DA:2055,0
DA:2056,0
DA:2057,0
DA:2058,0
DA:2060,0
DA:2062,0
DA:2063,0
DA:2064,0
DA:2065,0
DA:2066,0
DA:2071,0
DA:2074,0
DA:2075,0
DA:2091,0
DA:2099,0
DA:2104,0
DA:2105,0
DA:2107,0
DA:2108,0
DA:2109,0
DA:2113,0
DA:2114,0
DA:2115,0
DA:2116,0
DA:2117,0
DA:2118,0
DA:2128,0
DA:2130,0
DA:2131,0
DA:2132,0
DA:2133,0
DA:2134,0
DA:2138,0
DA:2141,0
DA:2143,0
DA:2144,0
DA:2145,0
DA:2150,0
DA:2155,0
DA:2160,0
DA:2161,0
DA:2162,0
DA:2163,0
DA:2164,0
DA:2166,0
DA:2170,0
DA:2171,0
DA:2172,0
DA:2173,0
DA:2174,0
DA:2180,0
DA:2181,0
DA:2182,0
DA:2183,0
DA:2184,0
DA:2187,0
DA:2188,0
DA:2189,0
DA:2192,0
DA:2194,0
DA:2195,0
DA:2196,0
DA:2197,0
DA:2199,0
DA:2200,0
DA:2201,0
DA:2202,0
DA:2203,0
DA:2205,0
DA:2207,0
DA:2214,0
DA:2215,0
DA:2216,0
DA:2217,0
DA:2218,0
DA:2219,0
DA:2220,0
DA:2223,0
DA:2225,0
DA:2226,0
DA:2227,0
DA:2228,0
DA:2232,0
DA:2233,0
DA:2235,0
DA:2236,0
DA:2237,0
DA:2238,0
DA:2239,0
DA:2241,0
DA:2242,0
DA:2245,0
DA:2248,0
DA:2251,0
DA:2254,0
DA:2256,0
DA:2258,0
DA:2262,0
DA:2267,0
DA:2271,0
DA:2273,0
DA:2274,0
DA:2275,0
DA:2277,0
DA:2278,0
DA:2280,0
DA:2282,0
DA:2283,0
DA:2285,0
DA:2300,0
DA:2305,0
DA:2306,0
DA:2313,0
DA:2321,0
DA:2322,0
DA:2323,0
DA:2324,0
DA:2332,0
DA:2334,0
DA:2336,0
DA:2339,0
DA:2342,0
DA:2344,0
DA:2346,0
DA:2348,0
DA:2350,0
DA:2351,0
DA:2353,0
DA:2355,0
DA:2357,0
DA:2365,0
DA:2366,0
DA:2367,0
DA:2369,0
DA:2370,0
DA:2371,0
DA:2374,0
DA:2377,0
DA:2381,0
DA:2382,0
DA:2383,0
DA:2384,0
DA:2385,0
DA:2386,0
DA:2392,0
DA:2394,0
DA:2398,0
DA:2399,0
DA:2402,0
DA:2406,0
DA:2407,0
DA:2408,0
DA:2409,0
DA:2410,0
DA:2412,0
DA:2414,0
DA:2417,0
DA:2421,0
DA:2422,0
DA:2424,0
DA:2427,0
DA:2431,0
DA:2432,0
DA:2433,0
DA:2434,0
DA:2436,0
DA:2437,0
DA:2440,0
DA:2441,0
DA:2443,0
DA:2445,0
DA:2447,0
DA:2450,0
DA:2453,0
DA:2454,0
DA:2455,0
DA:2457,0
DA:2458,0
DA:2462,0
DA:2464,0
DA:2465,0
DA:2466,0
DA:2468,0
DA:2469,0
DA:2473,0
DA:2474,0
DA:2475,0
DA:2476,0
DA:2481,0
DA:2484,0
DA:2485,0
DA:2489,0
DA:2491,0
DA:2496,0
DA:2497,0
DA:2498,0
DA:2499,0
DA:2500,0
DA:2501,0
DA:2503,0
DA:2505,0
DA:2506,0
DA:2507,0
DA:2508,0
DA:2509,0
DA:2514,0
DA:2515,0
DA:2517,0
DA:2518,0
DA:2519,0
DA:2522,0
DA:2524,0
DA:2527,0
DA:2529,0
DA:2530,0
DA:2533,0
DA:2535,0
DA:2536,0
DA:2537,0
DA:2538,0
DA:2542,0
DA:2543,0
DA:2545,0
DA:2549,0
DA:2551,0
DA:2553,0
DA:2557,0
DA:2559,0
DA:2560,0
DA:2561,0
DA:2565,0
DA:2570,0
DA:2573,0
DA:2575,0
DA:2576,0
DA:2579,0
DA:2580,0
DA:2583,0
DA:2587,0
DA:2588,0
DA:2589,0
DA:2591,0
DA:2593,0
DA:2595,0
DA:2599,0
DA:2601,0
DA:2602,0
DA:2608,0
DA:2609,0
DA:2612,0
DA:2616,0
DA:2617,0
DA:2624,0
DA:2629,0
DA:2634,0
DA:2635,0
DA:2643,0
DA:2650,0
DA:2651,0
DA:2655,0
DA:2664,0
DA:2665,0
DA:2666,0
DA:2667,0
DA:2670,0
DA:2673,0
DA:2675,0
DA:2676,0
DA:2677,0
DA:2681,0
DA:2682,0
DA:2683,0
DA:2684,0
DA:2688,0
DA:2689,0
DA:2690,0
DA:2691,0
DA:2692,0
DA:2696,0
DA:2700,0
DA:2701,0
DA:2702,0
DA:2703,0
DA:2704,0
DA:2710,0
DA:2713,0
DA:2714,0
DA:2715,0
DA:2716,0
DA:2717,0
DA:2719,0
DA:2720,0
DA:2723,0
DA:2724,0
DA:2726,0
DA:2727,0
DA:2728,0
DA:2735,0
DA:2736,0
DA:2739,0
DA:2740,0
DA:2741,0
DA:2743,0
DA:2744,0
DA:2749,0
DA:2753,0
DA:2756,0
DA:2758,0
DA:2763,0
DA:2764,0
DA:2765,0
DA:2767,0
DA:2768,0
DA:2770,0
DA:2771,0
DA:2778,0
DA:2779,0
DA:2780,0
DA:2781,0
DA:2783,0
DA:2785,0
DA:2789,0
DA:2793,0
DA:2794,0
DA:2795,0
DA:2796,0
DA:2797,0
DA:2801,0
DA:2802,0
DA:2803,0
DA:2806,0
DA:2807,0
DA:2808,0
DA:2809,0
DA:2810,0
DA:2811,0
DA:2814,0
DA:2815,0
DA:2820,0
DA:2821,0
DA:2822,0
DA:2823,0
DA:2826,0
DA:2827,0
DA:2833,0
DA:2834,0
DA:2837,0
DA:2838,0
DA:2839,0
DA:2840,0
DA:2842,0
DA:2843,0
DA:2847,0
DA:2851,0
DA:2852,0
DA:2853,0
DA:2854,0
DA:2861,0
DA:2862,0
DA:2866,0
DA:2867,0
DA:2868,0
DA:2871,0
DA:2875,0
DA:2879,0
DA:2885,0
DA:2889,0
DA:2897,0
DA:2898,0
DA:2899,0
DA:2904,0
DA:2905,0
DA:2912,0
DA:2913,0
DA:2919,0
DA:2920,0
DA:2921,0
DA:2923,0
DA:2924,0
DA:2925,0
DA:2928,0
DA:2930,0
DA:2931,0
DA:2935,0
DA:2939,0
DA:2940,0
DA:2941,0
DA:2942,0
DA:2946,0
DA:2947,0
DA:2950,0
DA:2951,0
DA:2952,0
DA:2956,0
DA:2958,0
DA:2959,0
DA:2962,0
DA:2965,0
DA:2966,0
DA:2969,0
DA:2971,0
DA:2973,0
DA:2974,0
DA:2975,0
DA:2977,0
DA:2978,0
DA:2979,0
DA:2981,0
DA:2982,0
DA:2986,0
DA:2987,0
DA:2991,0
DA:2993,0
DA:2995,0
DA:2996,0
DA:3000,0
DA:3001,0
DA:3005,0
DA:3007,0
DA:3008,0
DA:3013,0
DA:3014,0
DA:3015,0
DA:3016,0
DA:3018,0
DA:3019,0
DA:3020,0
DA:3021,0
DA:3024,0
DA:3025,0
DA:3026,0
DA:3027,0
DA:3032,0
DA:3037,0
DA:3039,0
DA:3040,0
DA:3043,0
DA:3044,0
DA:3045,0
DA:3046,0
DA:3047,0
DA:3048,0
DA:3049,0
DA:3051,0
DA:3054,0
DA:3055,0
DA:3056,0
DA:3057,0
DA:3058,0
DA:3064,0
DA:3065,0
DA:3066,0
DA:3067,0
DA:3068,0
DA:3069,0
DA:3070,0
DA:3071,0
DA:3074,0
DA:3075,0
DA:3076,0
DA:3077,0
DA:3078,0
DA:3079,0
DA:3080,0
DA:3083,0
DA:3084,0
DA:3086,0
DA:3087,0
DA:3088,0
DA:3089,0
DA:3093,0
DA:3095,0
DA:3096,0
DA:3097,0
DA:3102,0
DA:3103,0
DA:3108,0
DA:3109,0
DA:3111,0
DA:3123,0
DA:3124,0
DA:3126,0
DA:3129,0
DA:3130,0
DA:3133,0
DA:3137,0
DA:3142,0
DA:3143,0
DA:3146,0
DA:3151,0
DA:3152,0
DA:3153,0
DA:3154,0
DA:3156,0
DA:3158,0
DA:3163,0
DA:3165,0
DA:3170,0
DA:3171,0
DA:3173,0
DA:3178,0
DA:3179,0
DA:3181,0
DA:3186,0
DA:3189,0
DA:3190,0
DA:3192,0
DA:3193,0
DA:3194,0
DA:3196,0
DA:3197,0
DA:3198,0
DA:3199,0
DA:3201,0
DA:3202,0
DA:3203,0
DA:3204,0
DA:3206,0
DA:3207,0
DA:3208,0
DA:3209,0
DA:3210,0
DA:3211,0
DA:3212,0
DA:3213,0
DA:3218,0
DA:3219,0
DA:3220,0
DA:3222,0
DA:3223,0
DA:3225,0
DA:3229,0
DA:3230,0
DA:3231,0
DA:3232,0
DA:3233,0
DA:3237,0
DA:3238,0
DA:3242,0
DA:3245,0
DA:3250,0
DA:3251,0
DA:3252,0
DA:3253,0
DA:3254,0
DA:3255,0
DA:3257,0
DA:3259,0
DA:3260,0
DA:3262,0
DA:3263,0
DA:3266,0
DA:3269,0
DA:3271,0
DA:3274,0
DA:3277,0
DA:3278,0
DA:3280,0
DA:3281,0
DA:3282,0
DA:3283,0
DA:3284,0
DA:3287,0
DA:3288,0
DA:3289,0
DA:3290,0
DA:3294,0
DA:3297,0
DA:3298,0
DA:3300,0
DA:3302,0
DA:3303,0
DA:3305,0
DA:3306,0
DA:3307,0
DA:3309,0
DA:3313,0
DA:3318,0
DA:3319,0
DA:3321,0
DA:3323,0
DA:3324,0
DA:3326,0
DA:3327,0
DA:3328,0
DA:3330,0
DA:3332,0
DA:3335,0
DA:3337,0
DA:3338,0
DA:3339,0
DA:3341,0
DA:3345,0
DA:3346,0
DA:3347,0
DA:3350,0
DA:3351,0
DA:3352,0
DA:3353,0
DA:3355,0
DA:3356,0
DA:3360,0
DA:3363,0
DA:3364,0
DA:3366,0
DA:3367,0
DA:3368,0
DA:3371,0
DA:3372,0
DA:3373,0
DA:3374,0
DA:3375,0
DA:3376,0
DA:3379,0
DA:3380,0
DA:3382,0
DA:3384,0
DA:3385,0
DA:3389,0
DA:3391,0
DA:3393,0
DA:3394,0
DA:3401,0
DA:3402,0
DA:3403,0
DA:3404,0
DA:3409,0
DA:3411,0
DA:3412,0
DA:3414,0
DA:3416,0
DA:3417,0
DA:3418,0
DA:3420,0
DA:3422,0
DA:3428,0
DA:3430,0
DA:3432,0
DA:3435,0
DA:3436,0
DA:3438,0
DA:3439,0
DA:3441,0
DA:3442,0
DA:3443,0
DA:3444,0
DA:3446,0
DA:3449,0
DA:3450,0
DA:3451,0
DA:3452,0
DA:3453,0
DA:3454,0
DA:3457,0
DA:3458,0
DA:3459,0
DA:3461,0
DA:3462,0
DA:3463,0
DA:3465,0
DA:3466,0
DA:3467,0
DA:3468,0
DA:3479,0
DA:3481,0
DA:3482,0
DA:3483,0
DA:3484,0
DA:3485,0
DA:3486,0
DA:3487,0
DA:3489,0
DA:3490,0
DA:3492,0
DA:3499,0
DA:3503,0
DA:3504,0
DA:3509,0
DA:3510,0
DA:3512,0
DA:3514,0
DA:3517,0
DA:3518,0
DA:3519,0
DA:3527,0
DA:3533,0
DA:3534,0
DA:3536,0
DA:3538,0
DA:3539,0
DA:3544,0
DA:3545,0
DA:3547,0
DA:3549,0
DA:3551,0
DA:3552,0
DA:3554,0
DA:3557,0
DA:3563,0
DA:3564,0
DA:3565,0
DA:3566,0
DA:3570,0
DA:3572,0
DA:3573,0
DA:3578,0
DA:3579,0
DA:3580,0
DA:3581,0
DA:3582,0
DA:3584,0
DA:3586,0
DA:3590,0
DA:3591,0
DA:3592,0
DA:3593,0
DA:3597,0
DA:3598,0
DA:3599,0
DA:3601,0
DA:3605,0
DA:3606,0
DA:3608,0
DA:3609,0
DA:3612,0
DA:3616,0
DA:3617,0
DA:3619,0
DA:3620,0
DA:3623,0
DA:3625,0
DA:3627,0
DA:3629,0
DA:3630,0
DA:3631,0
DA:3633,0
DA:3634,0
DA:3635,0
DA:3636,0
DA:3637,0
DA:3639,0
DA:3643,0
DA:3647,0
DA:3648,0
DA:3653,0
DA:3655,0
DA:3656,0
DA:3659,0
DA:3661,0
DA:3664,0
DA:3665,0
DA:3667,0
DA:3672,0
DA:3673,0
DA:3675,0
DA:3676,0
DA:3677,0
DA:3679,0
DA:3680,0
DA:3681,0
DA:3685,0
DA:3689,0
DA:3690,0
DA:3691,0
DA:3694,0
DA:3695,0
DA:3696,0
DA:3697,0
DA:3698,0
DA:3702,0
DA:3707,0
DA:3708,0
DA:3709,0
DA:3710,0
DA:3717,0
DA:3718,0
DA:3719,0
DA:3720,0
DA:3724,0
DA:3726,0
DA:3727,0
DA:3732,0
DA:3733,0
DA:3734,0
DA:3736,0
DA:3741,0
DA:3742,0
DA:3743,0
DA:3747,0
DA:3749,0
DA:3752,0
DA:3756,0
DA:3761,0
DA:3763,0
DA:3764,0
DA:3768,0
DA:3770,0
DA:3771,0
DA:3772,0
DA:3773,0
DA:3777,0
DA:3781,0
DA:3782,0
DA:3785,0
DA:3786,0
DA:3787,0
DA:3791,0
DA:3796,0
DA:3797,0
DA:3803,0
DA:3804,0
DA:3805,0
DA:3806,0
DA:3809,0
DA:3810,0
DA:3812,0
DA:3817,0
DA:3819,0
DA:3820,0
DA:3821,0
DA:3822,0
DA:3823,0
DA:3824,0
DA:3825,0
DA:3826,0
DA:3827,0
DA:3829,0
DA:3830,0
LF:1654
LH:7
end_of_record
SF:lib/utils/camera_permission_helper.dart
DA:7,0
DA:9,0
DA:10,0
DA:14,0
DA:15,0
DA:16,0
DA:22,0
DA:32,0
DA:33,0
DA:37,0
DA:38,0
DA:39,0
DA:43,0
DA:44,0
LF:14
LH:0
end_of_record
SF:lib/screens/photo_capture/photo_model.dart
DA:12,0
DA:20,0
DA:27,0
DA:28,0
DA:29,0
DA:30,0
DA:31,0
DA:32,0
DA:36,0
DA:37,0
DA:38,0
DA:39,0
DA:40,0
DA:41,0
DA:42,0
DA:46,0
DA:47,0
DA:48,0
DA:49,0
DA:50,0
DA:51,0
DA:53,0
DA:54,0
DA:55,0
DA:56,0
LF:25
LH:0
end_of_record
SF:lib/services/app_settings_manager.dart
DA:15,0
DA:18,0
DA:20,0
DA:32,0
DA:33,0
DA:34,0
DA:35,0
DA:36,0
DA:39,0
DA:40,0
DA:44,0
DA:45,0
DA:46,0
DA:49,0
DA:52,0
DA:53,0
DA:57,0
DA:58,0
DA:60,0
DA:64,0
DA:66,0
DA:75,0
DA:76,0
DA:79,0
DA:80,0
DA:81,0
DA:83,0
DA:85,0
DA:86,0
DA:87,0
DA:88,0
DA:89,0
DA:90,0
DA:91,0
DA:92,0
DA:95,0
DA:97,0
DA:98,0
DA:104,0
DA:105,0
DA:107,0
DA:109,0
DA:113,0
DA:114,0
LF:44
LH:0
end_of_record
SF:lib/services/face_count_service.dart
DA:7,0
DA:8,0
LF:2
LH:0
end_of_record
SF:lib/services/kiosk_manager.dart
DA:15,0
DA:21,0
DA:26,0
DA:27,0
DA:28,0
DA:30,0
DA:31,0
DA:34,0
DA:35,0
DA:36,0
DA:37,0
DA:38,0
DA:41,0
DA:44,0
DA:45,0
DA:46,0
DA:54,0
DA:58,0
DA:59,0
DA:62,0
DA:67,0
DA:69,0
DA:71,0
DA:74,0
DA:77,0
DA:79,0
DA:80,0
DA:86,0
DA:89,0
DA:90,0
DA:93,0
DA:98,0
DA:100,0
DA:101,0
DA:104,0
DA:106,0
DA:107,0
LF:37
LH:0
end_of_record
SF:lib/services/phone_upload_helpers.dart
DA:12,0
DA:22,0
DA:24,0
DA:25,0
DA:26,0
DA:28,0
DA:30,0
DA:32,0
DA:41,0
DA:45,0
DA:46,0
DA:47,0
DA:49,0
DA:52,0
DA:53,0
DA:55,0
DA:56,0
DA:58,0
DA:60,0
DA:63,0
DA:65,0
DA:66,0
DA:69,0
DA:70,0
DA:71,0
DA:75,0
DA:76,0
DA:79,0
DA:81,0
DA:82,0
DA:83,0
LF:31
LH:0
end_of_record
SF:lib/utils/app_runtime_config.dart
DA:14,0
DA:15,0
DA:22,0
DA:25,0
DA:28,0
DA:30,0
DA:31,0
DA:32,0
DA:33,0
DA:34,0
DA:35,0
DA:36,0
DA:39,0
DA:40,0
DA:41,0
DA:42,0
DA:50,0
DA:51,0
DA:53,0
DA:54,0
DA:57,0
DA:58,0
DA:60,0
DA:61,0
DA:63,0
DA:64,0
LF:26
LH:0
end_of_record
SF:lib/utils/canon_sidecar_status_channel.dart
DA:11,0
DA:13,0
DA:21,0
DA:23,0
DA:31,0
DA:33,0
DA:42,0
DA:45,0
LF:8
LH:0
end_of_record
SF:lib/utils/classic_af_marker_inject.dart
DA:13,0
DA:15,0
DA:16,0
DA:19,0
DA:20,0
DA:22,0
DA:23,0
DA:26,0
DA:29,0
DA:33,0
DA:35,0
DA:36,0
DA:38,0
DA:39,0
DA:40,0
DA:41,0
DA:44,0
DA:47,0
DA:51,0
DA:60,0
DA:61,0
DA:62,0
DA:63,0
DA:65,0
DA:66,0
DA:67,0
DA:68,0
DA:71,0
DA:72,0
DA:74,0
DA:82,0
DA:85,0
DA:92,0
DA:94,0
DA:95,0
DA:104,0
DA:105,0
DA:106,0
DA:107,0
DA:108,0
DA:110,0
DA:111,0
DA:112,0
DA:114,0
DA:115,0
DA:116,0
DA:117,0
DA:124,0
DA:138,0
DA:139,0
DA:141,0
DA:142,0
DA:144,0
DA:145,0
DA:147,0
DA:148,0
DA:152,0
DA:161,0
DA:162,0
DA:163,0
DA:164,0
DA:165,0
DA:166,0
DA:169,0
DA:177,0
DA:178,0
DA:179,0
DA:180,0
DA:181,0
DA:182,0
DA:183,0
DA:184,0
DA:189,0
DA:197,0
DA:198,0
DA:199,0
DA:200,0
DA:201,0
DA:202,0
DA:203,0
DA:204,0
LF:81
LH:0
end_of_record
SF:lib/utils/device_camera_fallback.dart
DA:5,0
DA:6,0
DA:10,0
DA:23,0
LF:4
LH:0
end_of_record
SF:lib/utils/exceptions.dart
DA:3,0
DA:5,0
DA:6,0
DA:12,0
DA:15,0
DA:16,0
DA:17,0
DA:18,0
DA:19,0
DA:20,0
DA:21,0
DA:25,0
DA:28,0
DA:30,0
DA:35,0
DA:37,0
DA:38,0
DA:43,0
DA:45,0
DA:46,0
DA:51,0
DA:53,0
DA:54,0
LF:23
LH:0
end_of_record
SF:lib/utils/platform_capabilities.dart
DA:4,0
DA:6,0
DA:7,0
DA:11,0
DA:13,0
DA:14,0
DA:15,0
DA:19,0
DA:22,0
DA:25,0
DA:28,0
DA:31,0
DA:34,0
LF:13
LH:0
end_of_record
SF:lib/utils/error_reporting_helpers.dart
DA:13,0
DA:14,0
DA:15,0
DA:17,0
DA:18,0
DA:19,0
DA:22,0
DA:29,0
DA:36,0
DA:37,0
DA:38,0
DA:40,0
DA:49,0
DA:56,0
DA:57,0
DA:58,0
LF:16
LH:0
end_of_record
SF:lib/utils/web_flow_trace.dart
DA:18,0
DA:23,0
DA:24,0
DA:27,0
DA:29,0
DA:31,0
DA:34,0
DA:35,0
DA:39,0
DA:40,0
DA:41,0
DA:42,0
DA:43,0
DA:44,0
DA:48,0
DA:49,0
DA:54,0
DA:55,0
DA:57,0
DA:58,0
DA:60,0
DA:61,0
DA:62,0
DA:63,0
DA:65,0
DA:66,0
DA:68,0
DA:69,0
DA:73,0
DA:74,0
LF:30
LH:0
end_of_record
SF:lib/utils/web_upload_error_hint.dart
DA:7,0
DA:8,0
DA:16,0
DA:24,0
DA:26,0
DA:32,0
LF:6
LH:0
end_of_record
SF:lib/services/error_reporting/error_reporting_manager.dart
DA:27,0
DA:32,0
DA:41,0
DA:54,0
DA:63,0
DA:64,0
DA:76,0
DA:79,0
DA:80,0
DA:92,0
DA:101,0
DA:102,0
DA:114,0
DA:117,0
DA:118,0
DA:124,0
DA:127,0
DA:128,0
DA:134,0
DA:137,0
DA:138,0
DA:144,0
DA:147,0
DA:148,0
DA:153,0
DA:161,0
DA:164,0
DA:165,0
DA:171,0
DA:176,0
DA:177,0
DA:178,0
DA:179,0
DA:181,0
DA:182,0
DA:188,0
DA:197,0
DA:198,0
DA:199,0
DA:200,0
DA:201,0
DA:202,0
DA:203,0
DA:204,0
DA:206,0
DA:207,0
DA:212,0
DA:215,0
LF:48
LH:0
end_of_record
SF:lib/services/capture_sound_service.dart
DA:14,0
DA:33,0
DA:34,0
DA:36,0
DA:38,0
DA:48,0
DA:49,0
DA:50,0
DA:51,0
DA:58,0
DA:60,0
DA:61,0
DA:67,0
DA:68,0
DA:69,0
DA:70,0
DA:72,0
DA:73,0
DA:74,0
DA:77,0
DA:86,0
DA:87,0
DA:88,0
DA:89,0
DA:90,0
DA:91,0
DA:92,0
DA:96,0
DA:97,0
DA:98,0
DA:99,0
DA:101,0
DA:109,0
DA:110,0
DA:111,0
DA:112,0
DA:114,0
DA:115,0
DA:116,0
DA:117,0
DA:119,0
DA:120,0
DA:121,0
DA:122,0
DA:123,0
DA:124,0
DA:126,0
DA:131,0
DA:133,0
DA:134,0
DA:135,0
DA:136,0
DA:137,0
DA:139,0
DA:149,0
DA:150,0
DA:151,0
DA:152,0
DA:153,0
DA:154,0
DA:155,0
DA:156,0
DA:158,0
DA:160,0
DA:166,0
DA:169,0
DA:171,0
LF:67
LH:0
end_of_record
SF:lib/utils/camera_source_config.dart
DA:27,0
DA:35,0
DA:39,0
DA:40,0
DA:41,0
DA:42,0
DA:43,0
DA:45,0
DA:46,0
DA:47,0
DA:49,0
DA:50,0
DA:52,0
DA:53,0
DA:54,0
DA:55,0
DA:73,0
DA:77,0
DA:78,0
DA:86,0
DA:93,0
DA:94,0
DA:95,0
DA:96,0
DA:100,0
DA:104,0
DA:105,0
DA:106,0
DA:110,0
DA:122,0
DA:123,0
LF:31
LH:0
end_of_record
SF:lib/screens/photo_capture/photo_capture_viewmodel_helpers.dart
DA:19,0
DA:24,0
DA:27,0
DA:28,0
DA:31,0
DA:32,0
DA:34,0
DA:35,0
DA:41,0
DA:43,0
DA:49,0
DA:50,0
DA:51,0
DA:52,0
DA:54,0
DA:55,0
DA:57,0
DA:58,0
DA:59,0
DA:60,0
DA:61,0
DA:62,0
DA:67,0
DA:73,0
DA:78,0
DA:82,0
DA:84,0
DA:86,0
DA:87,0
DA:95,0
DA:99,0
DA:100,0
DA:107,0
DA:108,0
DA:115,0
DA:120,0
DA:126,0
DA:142,0
DA:147,0
DA:151,0
DA:153,0
DA:160,0
DA:161,0
DA:162,0
DA:163,0
DA:165,0
DA:166,0
DA:170,0
DA:172,0
DA:173,0
DA:176,0
DA:178,0
DA:182,0
DA:184,0
DA:185,0
DA:188,0
DA:190,0
DA:191,0
DA:192,0
DA:193,0
DA:194,0
DA:195,0
DA:196,0
DA:201,0
DA:202,0
DA:206,0
DA:207,0
DA:209,0
DA:216,0
DA:217,0
DA:218,0
DA:219,0
DA:220,0
DA:221,0
DA:222,0
DA:226,0
DA:227,0
DA:228,0
DA:229,0
DA:230,0
DA:231,0
DA:235,0
DA:236,0
DA:237,0
DA:241,0
DA:247,0
DA:250,0
DA:254,0
DA:256,0
DA:261,0
DA:263,0
DA:264,0
DA:265,0
LF:93
LH:0
end_of_record
SF:lib/screens/result/transformed_image_model.dart
DA:13,0
DA:23,0
DA:32,0
DA:33,0
DA:34,0
DA:35,0
DA:36,0
DA:37,0
DA:38,0
DA:39,0
DA:43,0
DA:44,0
DA:45,0
DA:46,0
DA:47,0
DA:48,0
DA:49,0
DA:50,0
DA:51,0
DA:55,0
DA:56,0
DA:57,0
DA:58,0
DA:59,0
DA:60,0
DA:61,0
DA:62,0
DA:63,0
DA:64,0
LF:29
LH:0
end_of_record
SF:lib/services/alice_inspector.dart
DA:12,0
DA:14,0
DA:16,0
DA:18,0
DA:22,0
DA:24,0
DA:26,0
DA:28,0
DA:32,0
DA:34,0
DA:36,0
DA:38,0
DA:42,0
DA:45,0
DA:46,0
DA:48,0
DA:56,0
DA:61,0
DA:64,0
DA:66,0
DA:70,0
DA:75,0
DA:77,0
LF:23
LH:0
end_of_record
SF:lib/services/api_client.g.dart
DA:12,0
DA:13,0
DA:22,0
DA:24,0
DA:25,0
DA:26,0
DA:28,0
DA:29,0
DA:30,0
DA:31,0
DA:36,0
DA:38,0
DA:41,0
DA:42,0
DA:43,0
DA:45,0
DA:51,0
DA:53,0
DA:54,0
DA:55,0
DA:56,0
DA:57,0
DA:59,0
DA:61,0
DA:62,0
DA:63,0
DA:64,0
DA:69,0
DA:71,0
DA:74,0
DA:76,0
DA:82,0
DA:88,0
DA:89,0
DA:90,0
DA:91,0
DA:92,0
DA:93,0
DA:94,0
DA:95,0
DA:97,0
DA:98,0
DA:99,0
DA:103,0
DA:104,0
DA:111,0
DA:112,0
DA:117,0
DA:119,0
DA:122,0
DA:124,0
DA:130,0
DA:132,0
DA:133,0
DA:134,0
DA:135,0
DA:136,0
DA:137,0
DA:138,0
DA:139,0
DA:140,0
DA:145,0
DA:147,0
DA:150,0
DA:152,0
DA:153,0
DA:154,0
DA:155,0
DA:156,0
DA:157,0
DA:158,0
DA:159,0
DA:160,0
DA:165,0
DA:167,0
DA:168,0
DA:172,0
DA:177,0
DA:178,0
DA:179,0
DA:180,0
DA:181,0
DA:182,0
DA:183,0
DA:184,0
DA:185,0
DA:186,0
DA:190,0
DA:192,0
DA:193,0
DA:197,0
DA:199,0
DA:200,0
DA:201,0
DA:203,0
DA:204,0
DA:205,0
DA:206,0
DA:207,0
DA:211,0
DA:213,0
DA:214,0
DA:218,0
DA:220,0
DA:221,0
DA:222,0
DA:224,0
DA:225,0
DA:226,0
DA:227,0
DA:228,0
DA:232,0
DA:234,0
DA:237,0
DA:239,0
DA:240,0
DA:241,0
DA:242,0
DA:243,0
DA:244,0
DA:245,0
DA:246,0
DA:247,0
DA:252,0
DA:254,0
DA:255,0
DA:259,0
DA:261,0
DA:262,0
DA:263,0
DA:264,0
DA:265,0
DA:266,0
DA:267,0
DA:268,0
DA:269,0
DA:274,0
DA:276,0
DA:277,0
DA:281,0
DA:283,0
DA:284,0
DA:285,0
DA:286,0
DA:287,0
DA:288,0
DA:289,0
DA:290,0
DA:291,0
DA:296,0
DA:298,0
DA:299,0
DA:303,0
DA:304,0
DA:305,0
DA:306,0
DA:307,0
DA:308,0
DA:310,0
DA:316,0
DA:317,0
DA:321,0
DA:323,0
DA:324,0
DA:327,0
LF:165
LH:0
end_of_record
SF:lib/services/api_dio_errors.dart
DA:14,0
DA:16,0
DA:17,0
DA:20,0
DA:21,0
DA:22,0
DA:23,0
DA:24,0
DA:25,0
DA:28,0
DA:32,0
DA:37,0
DA:38,0
DA:39,0
DA:40,0
DA:41,0
DA:45,0
DA:46,0
DA:47,0
DA:49,0
DA:50,0
DA:51,0
DA:52,0
DA:53,0
DA:55,0
DA:57,0
DA:58,0
DA:59,0
DA:60,0
DA:68,0
DA:72,0
DA:73,0
DA:74,0
DA:75,0
DA:77,0
DA:78,0
DA:79,0
LF:37
LH:0
end_of_record
SF:lib/services/api_generate_metadata_log.dart
DA:3,0
DA:7,0
DA:8,0
DA:9,0
DA:15,0
DA:16,0
DA:17,0
DA:18,0
DA:19,0
DA:20,0
DA:21,0
DA:31,0
DA:32,0
DA:33,0
DA:34,0
DA:35,0
DA:36,0
DA:37,0
DA:40,0
DA:41,0
DA:44,0
DA:46,0
DA:47,0
DA:48,0
DA:52,0
DA:54,0
DA:55,0
DA:56,0
DA:58,0
DA:59,0
DA:60,0
DA:61,0
DA:65,0
DA:67,0
DA:68,0
DA:69,0
DA:70,0
DA:74,0
DA:76,0
DA:77,0
DA:78,0
DA:82,0
DA:84,0
DA:85,0
DA:86,0
DA:87,0
DA:88,0
DA:89,0
DA:90,0
DA:91,0
DA:92,0
DA:93,0
DA:94,0
DA:95,0
LF:54
LH:0
end_of_record
SF:lib/services/api_http_response.dart
DA:7,0
DA:11,0
DA:12,0
DA:13,0
DA:17,0
DA:21,0
DA:22,0
DA:24,0
DA:25,0
DA:26,0
DA:27,0
DA:28,0
DA:29,0
DA:30,0
DA:34,0
DA:35,0
DA:41,0
DA:45,0
DA:46,0
DA:47,0
DA:48,0
LF:21
LH:0
end_of_record
SF:lib/services/api_image_url_utils.dart
DA:5,0
DA:6,0
DA:7,0
DA:9,0
DA:10,0
DA:14,0
DA:15,0
DA:16,0
DA:18,0
DA:20,0
DA:21,0
DA:23,0
DA:24,0
DA:25,0
LF:14
LH:0
end_of_record
SF:lib/utils/secure_image_url.dart
DA:19,0
DA:20,0
DA:24,0
DA:25,0
DA:26,0
DA:27,0
DA:28,0
DA:32,0
DA:33,0
DA:34,0
DA:35,0
DA:38,0
DA:40,0
DA:44,0
DA:46,0
DA:47,0
DA:48,0
DA:49,0
DA:50,0
DA:51,0
DA:53,0
DA:54,0
DA:55,0
DA:56,0
DA:58,0
DA:61,0
DA:62,0
DA:63,0
DA:64,0
DA:66,0
DA:67,0
DA:68,0
DA:72,0
DA:78,0
DA:85,0
DA:86,0
DA:87,0
DA:88,0
DA:89,0
DA:90,0
DA:91,0
DA:92,0
DA:98,0
DA:102,0
DA:107,0
DA:109,0
DA:110,0
DA:111,0
DA:113,0
DA:114,0
DA:116,0
DA:117,0
DA:119,0
DA:120,0
DA:123,0
DA:126,0
DA:127,0
DA:128,0
DA:130,0
DA:135,0
DA:136,0
DA:141,0
DA:142,0
DA:143,0
DA:144,0
DA:147,0
DA:148,0
DA:149,0
DA:150,0
DA:156,0
DA:157,0
DA:158,0
DA:159,0
DA:163,0
DA:164,0
DA:165,0
DA:166,0
DA:172,0
DA:173,0
DA:174,0
DA:175,0
LF:81
LH:0
end_of_record
SF:lib/services/api_json_scan_utils.dart
DA:5,0
DA:6,0
DA:8,0
DA:10,0
DA:11,0
DA:16,0
DA:17,0
DA:18,0
DA:19,0
DA:20,0
DA:21,0
DA:24,0
DA:30,0
DA:31,0
DA:32,0
DA:33,0
DA:34,0
DA:35,0
DA:38,0
DA:39,0
LF:20
LH:0
end_of_record
SF:lib/services/api_logging/body_log_formatting.dart
DA:10,0
DA:15,0
DA:20,0
DA:21,0
DA:24,0
DA:25,0
DA:28,0
DA:29,0
DA:32,0
DA:33,0
DA:36,0
DA:39,0
DA:40,0
DA:41,0
DA:42,0
DA:43,0
DA:44,0
DA:45,0
DA:49,0
DA:50,0
DA:51,0
DA:52,0
DA:53,0
DA:54,0
DA:55,0
DA:61,0
DA:62,0
DA:65,0
DA:67,0
DA:68,0
DA:70,0
DA:74,0
DA:75,0
DA:76,0
DA:80,0
DA:81,0
DA:82,0
DA:83,0
DA:87,0
DA:92,0
DA:93,0
DA:94,0
DA:95,0
DA:96,0
DA:98,0
LF:45
LH:0
end_of_record
SF:lib/services/api_logging/log_truncator.dart
DA:3,2
DA:9,0
DA:10,0
DA:11,0
DA:12,0
DA:17,0
DA:18,0
DA:19,0
DA:20,0
DA:23,0
DA:24,0
DA:25,0
DA:26,0
DA:27,0
DA:28,0
DA:29,0
DA:30,0
DA:31,0
DA:33,0
LF:19
LH:1
end_of_record
SF:lib/services/api_logging/payload_sanitizer.dart
DA:5,2
DA:12,0
DA:13,0
DA:14,0
DA:18,0
DA:19,0
DA:20,0
DA:21,0
DA:23,0
DA:24,0
DA:25,0
DA:26,0
DA:31,0
DA:33,0
DA:34,0
DA:36,0
DA:37,0
DA:39,0
DA:40,0
DA:46,0
DA:48,0
DA:49,0
DA:50,0
DA:51,0
DA:53,0
DA:54,0
DA:55,0
DA:57,0
DA:58,0
DA:59,0
DA:65,0
DA:67,0
LF:32
LH:1
end_of_record
SF:lib/services/api_logging/payload_size_estimate.dart
DA:4,0
DA:6,0
DA:7,0
DA:8,0
DA:10,0
DA:13,0
DA:14,0
DA:15,0
DA:16,0
DA:18,0
DA:19,0
DA:20,0
DA:23,0
DA:25,0
DA:32,0
DA:33,0
DA:35,0
LF:17
LH:0
end_of_record
SF:lib/services/api_logging/request_formatter.dart
DA:13,0
DA:15,0
DA:20,0
DA:21,0
DA:22,0
DA:23,0
DA:24,0
DA:25,0
DA:26,0
DA:27,0
DA:28,0
DA:30,0
DA:31,0
DA:33,0
DA:35,0
DA:37,0
DA:39,0
DA:40,0
DA:44,0
DA:45,0
DA:50,0
DA:52,0
DA:57,0
DA:59,0
DA:61,0
DA:63,0
DA:64,0
DA:65,0
DA:66,0
DA:67,0
DA:69,0
DA:70,0
DA:73,0
DA:74,0
DA:75,0
DA:76,0
DA:77,0
DA:79,0
DA:80,0
DA:85,0
DA:87,0
DA:89,0
DA:91,0
DA:92,0
DA:94,0
DA:95,0
DA:96,0
DA:100,0
DA:102,0
DA:106,0
DA:107,0
DA:110,0
DA:112,0
DA:114,0
DA:116,0
DA:117,0
DA:118,0
DA:119,0
DA:120,0
DA:122,0
DA:123,0
DA:126,0
DA:127,0
DA:128,0
DA:129,0
DA:130,0
DA:132,0
DA:133,0
DA:135,0
DA:137,0
DA:141,0
DA:143,0
DA:144,0
DA:145,0
DA:147,0
DA:148,0
DA:152,0
DA:153,0
DA:155,0
DA:157,0
DA:162,0
DA:163,0
DA:167,0
DA:168,0
LF:84
LH:0
end_of_record
SF:lib/services/api_logging/web_api_error_log_summary.dart
DA:6,0
DA:11,0
DA:12,0
DA:13,0
DA:14,0
DA:15,0
DA:19,0
DA:20,0
DA:21,0
DA:26,0
DA:30,0
DA:36,0
DA:37,0
DA:38,0
DA:39,0
DA:40,0
DA:41,0
DA:42,0
DA:46,0
DA:47,0
DA:50,0
DA:51,0
DA:55,0
LF:23
LH:0
end_of_record
SF:lib/services/api_logging/web_api_log_summary.dart
DA:12,0
DA:13,0
DA:14,0
DA:15,0
DA:16,0
DA:17,0
DA:19,0
DA:20,0
DA:21,0
DA:22,0
DA:24,0
DA:25,0
DA:26,0
DA:27,0
DA:28,0
DA:30,0
DA:31,0
DA:32,0
DA:33,0
DA:35,0
DA:37,0
DA:38,0
DA:41,0
DA:43,0
DA:45,0
DA:47,0
DA:48,0
DA:49,0
DA:50,0
DA:52,0
DA:53,0
DA:56,0
DA:57,0
DA:58,0
DA:60,0
DA:61,0
DA:62,0
DA:63,0
DA:64,0
DA:65,0
DA:66,0
DA:67,0
DA:69,0
DA:70,0
DA:72,0
DA:74,0
DA:75,0
DA:78,0
DA:79,0
DA:81,0
DA:83,0
DA:84,0
DA:85,0
DA:86,0
DA:88,0
DA:89,0
DA:92,0
DA:93,0
DA:94,0
DA:96,0
DA:97,0
DA:99,0
DA:100,0
DA:104,0
DA:106,0
DA:107,0
DA:108,0
DA:109,0
DA:110,0
DA:111,0
DA:114,0
DA:115,0
DA:117,0
DA:120,0
DA:121,0
DA:123,0
DA:126,0
LF:77
LH:0
end_of_record
SF:lib/services/api_logging_interceptor.dart
DA:16,0
DA:17,0
DA:19,0
DA:22,0
DA:24,0
DA:25,0
DA:29,0
DA:31,0
DA:32,0
DA:36,0
DA:37,0
DA:38,0
DA:39,0
DA:40,0
DA:43,0
DA:46,0
DA:48,0
DA:49,0
DA:53,0
DA:55,0
DA:56,0
DA:61,0
DA:63,0
DA:64,0
DA:65,0
DA:69,0
DA:70,0
DA:71,0
DA:75,0
DA:78,0
DA:80,0
DA:82,0
DA:85,0
DA:86,0
DA:88,0
DA:89,0
DA:95,0
DA:96,0
DA:100,0
DA:102,0
DA:103,0
DA:104,0
DA:105,0
DA:106,0
DA:107,0
DA:108,0
DA:109,0
DA:110,0
DA:111,0
DA:112,0
DA:113,0
DA:117,0
DA:120,0
DA:122,0
DA:123,0
LF:55
LH:0
end_of_record
SF:lib/services/api_parallel_sse_consumer.dart
DA:12,0
DA:19,0
DA:20,0
DA:21,0
DA:22,0
DA:24,0
DA:34,0
DA:35,0
DA:36,0
DA:37,0
DA:38,0
DA:41,0
DA:42,0
DA:44,0
DA:45,0
DA:46,0
DA:51,0
DA:53,0
DA:54,0
DA:59,0
DA:64,0
DA:79,0
DA:83,0
DA:84,0
DA:85,0
DA:87,0
DA:88,0
DA:90,0
DA:91,0
DA:92,0
DA:93,0
DA:95,0
DA:97,0
DA:98,0
DA:99,0
DA:100,0
DA:101,0
DA:106,0
DA:110,0
DA:111,0
DA:112,0
DA:114,0
DA:115,0
DA:116,0
DA:117,0
DA:118,0
DA:122,0
DA:126,0
DA:127,0
DA:128,0
DA:133,0
DA:138,0
DA:139,0
DA:140,0
DA:141,0
DA:142,0
DA:144,0
DA:149,0
DA:150,0
LF:59
LH:0
end_of_record
SF:lib/services/api_sse_dispatch.dart
DA:8,0
DA:17,0
DA:18,0
DA:19,0
DA:20,0
DA:21,0
DA:22,0
DA:23,0
DA:24,0
DA:27,0
DA:29,0
DA:32,0
DA:37,0
DA:38,0
DA:39,0
DA:40,0
LF:16
LH:0
end_of_record
SF:lib/services/receipt/receipt_printer_profile.dart
DA:15,0
DA:20,0
DA:21,0
DA:22,0
DA:24,0
DA:25,0
DA:26,0
LF:7
LH:0
end_of_record
SF:lib/utils/print_orientation.dart
DA:9,0
DA:10,0
DA:11,0
DA:19,0
DA:20,0
DA:25,0
DA:27,0
DA:28,0
DA:29,0
DA:31,0
DA:32,0
DA:39,0
DA:42,0
DA:43,0
DA:44,0
DA:49,0
DA:50,0
DA:51,0
DA:54,0
DA:55,0
DA:56,0
LF:21
LH:0
end_of_record
SF:lib/utils/session_user_image_validation.dart
DA:8,0
DA:16,0
DA:22,0
DA:23,0
DA:24,0
DA:25,0
DA:27,0
DA:28,0
DA:32,0
DA:33,0
DA:38,0
DA:40,0
DA:45,0
DA:46,0
DA:47,0
DA:52,0
DA:55,0
DA:56,0
DA:57,0
DA:60,0
DA:61,0
DA:62,0
LF:22
LH:0
end_of_record
SF:lib/services/api_service_dio.dart
DA:14,0
DA:15,0
DA:16,0
DA:21,0
DA:22,0
DA:23,0
DA:28,0
DA:30,0
DA:31,0
DA:32,0
DA:35,0
DA:37,0
DA:38,0
DA:39,0
DA:42,0
DA:43,0
DA:44,0
DA:45,0
DA:46,0
DA:47,0
DA:48,0
DA:49,0
DA:50,0
DA:51,0
DA:52,0
DA:53,0
DA:54,0
DA:59,0
DA:61,0
DA:65,0
DA:74,0
DA:75,0
DA:76,0
DA:81,0
DA:82,0
DA:83,0
DA:84,0
DA:88,0
DA:89,0
DA:90,0
DA:91,0
DA:93,0
LF:42
LH:0
end_of_record
SF:lib/services/client_identification.dart
DA:9,0
DA:23,0
DA:24,0
DA:25,0
DA:26,0
DA:27,0
DA:28,0
DA:29,0
DA:30,0
DA:31,0
DA:33,0
DA:34,0
DA:35,0
DA:36,0
DA:37,0
DA:40,0
DA:41,0
DA:42,0
DA:43,0
DA:44,0
DA:45,0
DA:46,0
DA:47,0
DA:48,0
DA:49,0
DA:53,0
DA:55,0
DA:56,0
DA:58,0
DA:63,0
DA:66,0
DA:68,0
DA:69,0
DA:71,0
DA:73,0
DA:75,0
DA:77,0
DA:79,0
DA:85,0
DA:86,0
DA:90,0
DA:93,0
DA:94,0
DA:96,0
DA:97,0
DA:98,0
DA:99,0
DA:100,0
DA:101,0
DA:106,0
DA:107,0
DA:109,0
DA:115,0
DA:116,0
DA:119,0
DA:120,0
DA:121,0
LF:57
LH:0
end_of_record
SF:lib/services/generation_api_errors.dart
DA:12,0
DA:25,0
DA:26,0
DA:28,0
DA:29,0
DA:31,0
DA:34,0
DA:35,0
DA:38,0
DA:39,0
DA:41,0
DA:42,0
DA:43,0
DA:44,0
DA:45,0
DA:46,0
DA:48,0
DA:49,0
DA:50,0
DA:53,0
DA:55,0
DA:62,0
DA:63,0
DA:71,0
DA:72,0
DA:79,0
DA:80,0
LF:27
LH:0
end_of_record
SF:lib/services/event_manager.dart
DA:22,0
DA:29,0
DA:31,0
DA:33,0
DA:34,0
DA:35,0
DA:37,0
DA:40,0
DA:41,0
DA:42,0
DA:43,0
DA:46,0
DA:48,0
DA:50,0
DA:51,0
DA:53,0
DA:56,0
DA:57,0
DA:58,0
DA:61,0
DA:62,0
DA:63,0
DA:66,0
DA:67,0
DA:68,0
DA:69,0
DA:72,0
DA:73,0
DA:74,0
DA:77,0
DA:79,0
DA:81,0
DA:82,0
DA:87,0
DA:88,0
DA:90,0
DA:92,0
DA:95,0
DA:98,0
DA:99,0
DA:100,0
DA:101,0
DA:102,0
DA:103,0
DA:107,0
DA:108,0
DA:110,0
DA:111,0
DA:112,0
DA:115,0
DA:118,0
DA:119,0
DA:121,0
DA:122,0
DA:123,0
DA:126,0
DA:129,0
DA:137,0
DA:138,0
DA:139,0
DA:140,0
DA:141,0
DA:142,0
DA:144,0
DA:146,0
DA:147,0
DA:150,0
DA:153,0
DA:154,0
DA:155,0
DA:156,0
DA:157,0
DA:158,0
DA:159,0
DA:160,0
LF:75
LH:0
end_of_record
SF:lib/services/api_service_legacy_media.dart
DA:25,0
DA:27,0
DA:36,0
DA:43,0
DA:50,0
DA:51,0
DA:53,0
DA:56,0
DA:60,0
DA:66,0
DA:67,0
DA:69,0
DA:72,0
DA:77,0
DA:78,0
DA:81,0
DA:82,0
DA:83,0
DA:85,0
DA:87,0
DA:88,0
DA:89,0
DA:93,0
DA:96,0
DA:99,0
DA:100,0
DA:101,0
DA:104,0
DA:105,0
DA:107,0
DA:108,0
DA:111,0
DA:112,0
DA:117,0
DA:124,0
DA:125,0
DA:127,0
DA:128,0
DA:131,0
DA:132,0
DA:133,0
DA:137,0
DA:138,0
DA:141,0
DA:142,0
DA:143,0
DA:144,0
DA:146,0
DA:147,0
DA:150,0
DA:151,0
DA:152,0
DA:155,0
DA:157,0
DA:158,0
DA:160,0
DA:162,0
DA:163,0
DA:167,0
DA:168,0
DA:173,0
DA:180,0
DA:183,0
DA:184,0
DA:185,0
DA:186,0
DA:191,0
DA:192,0
DA:193,0
DA:194,0
DA:195,0
DA:196,0
DA:198,0
DA:200,0
DA:208,0
DA:214,0
DA:217,0
DA:224,0
DA:226,0
DA:227,0
DA:229,0
DA:230,0
DA:231,0
DA:232,0
DA:233,0
DA:235,0
DA:238,0
DA:244,0
DA:245,0
DA:246,0
DA:247,0
DA:248,0
DA:249,0
DA:251,0
DA:254,0
DA:255,0
DA:267,0
DA:268,0
DA:273,0
DA:276,0
DA:287,0
DA:288,0
DA:289,0
DA:290,0
DA:292,0
DA:293,0
DA:296,0
DA:297,0
DA:298,0
DA:299,0
DA:300,0
DA:301,0
DA:302,0
DA:308,0
DA:309,0
DA:310,0
DA:313,0
DA:314,0
DA:315,0
DA:318,0
DA:319,0
LF:121
LH:0
end_of_record
SF:lib/services/api_service_helpers.dart
DA:19,0
DA:20,0
DA:21,0
DA:22,0
DA:23,0
DA:24,0
DA:25,0
DA:27,0
DA:28,0
DA:30,0
DA:31,0
DA:36,0
DA:37,0
DA:38,0
DA:41,0
DA:42,0
DA:43,0
DA:46,0
DA:51,0
DA:52,0
DA:55,0
DA:56,0
DA:57,0
DA:58,0
DA:59,0
DA:62,0
DA:63,0
DA:66,0
DA:70,0
DA:71,0
DA:72,0
DA:73,0
DA:76,0
DA:80,0
DA:81,0
DA:83,0
DA:84,0
DA:85,0
DA:88,0
DA:89,0
DA:90,0
DA:95,0
DA:105,0
DA:107,0
DA:108,0
DA:109,0
DA:111,0
DA:112,0
DA:113,0
DA:114,0
DA:115,0
DA:116,0
DA:118,0
DA:119,0
DA:127,0
DA:131,0
DA:132,0
DA:133,0
DA:138,0
DA:147,0
DA:152,0
DA:154,0
DA:155,0
DA:156,0
DA:159,0
DA:160,0
DA:161,0
DA:164,0
DA:165,0
DA:166,0
DA:168,0
DA:169,0
DA:173,0
DA:178,0
DA:179,0
DA:180,0
DA:181,0
LF:77
LH:0
end_of_record
SF:lib/services/api_service_web_session_patch_stub.dart
DA:5,0
DA:12,0
LF:2
LH:0
end_of_record
SF:lib/utils/app_config.dart
DA:40,0
DA:41,0
DA:44,0
DA:46,0
DA:47,0
DA:48,0
LF:6
LH:0
end_of_record
SF:lib/services/dio_web_config_stub.dart
DA:7,0
LF:1
LH:0
end_of_record
SF:lib/services/kiosk_session_auth.dart
DA:15,0
DA:16,0
DA:22,0
DA:23,0
DA:24,0
DA:29,0
DA:30,0
DA:31,0
DA:34,0
DA:37,0
DA:38,0
DA:39,0
DA:40,0
DA:41,0
DA:42,0
DA:53,0
DA:54,0
DA:55,0
DA:56,0
DA:61,0
DA:62,0
DA:66,0
DA:68,0
DA:69,0
DA:72,0
DA:73,0
DA:74,0
DA:76,0
DA:80,0
DA:81,0
DA:82,0
LF:31
LH:0
end_of_record
SF:lib/services/api_session_patch_json.dart
DA:7,0
DA:8,0
DA:9,0
DA:11,0
DA:13,0
DA:18,0
DA:19,0
DA:20,0
DA:21,0
DA:22,0
DA:23,0
DA:24,0
DA:25,0
DA:26,0
DA:29,0
DA:32,0
DA:33,0
DA:35,0
DA:40,0
DA:42,0
DA:43,0
DA:45,0
DA:46,0
DA:48,0
DA:49,0
DA:51,0
DA:52,0
DA:54,0
DA:55,0
DA:56,0
DA:61,0
DA:62,0
DA:63,0
DA:64,0
DA:65,0
DA:66,0
DA:71,0
DA:72,0
DA:77,0
DA:78,0
DA:85,0
DA:86,0
DA:87,0
DA:90,0
DA:91,0
DA:96,0
DA:97,0
DA:99,0
DA:100,0
DA:102,0
DA:103,0
DA:104,0
LF:52
LH:0
end_of_record
SF:lib/services/api_sse_event_handlers.dart
DA:8,0
DA:17,0
DA:18,0
DA:19,0
DA:20,0
DA:21,0
DA:22,0
DA:23,0
DA:24,0
DA:25,0
DA:26,0
DA:27,0
DA:28,0
DA:29,0
DA:31,0
DA:32,0
DA:33,0
DA:34,0
DA:35,0
DA:36,0
DA:37,0
DA:38,0
DA:39,0
DA:40,0
DA:41,0
DA:47,0
DA:48,0
DA:49,0
DA:52,0
DA:56,0
DA:57,0
DA:58,0
DA:61,0
DA:65,0
DA:66,0
DA:67,0
DA:68,0
DA:69,0
DA:73,0
DA:77,0
DA:78,0
DA:80,0
DA:84,0
DA:88,0
DA:90,0
DA:94,0
DA:98,0
DA:99,0
DA:100,0
DA:104,0
DA:108,0
DA:109,0
DA:110,0
DA:114,0
DA:120,0
DA:121,0
DA:122,0
DA:124,0
DA:125,0
DA:127,0
DA:130,0
DA:131,0
DA:132,0
DA:134,0
DA:135,0
DA:137,0
DA:139,0
DA:143,0
DA:149,0
DA:150,0
DA:151,0
DA:152,0
DA:153,0
DA:154,0
DA:158,0
DA:159,0
DA:160,0
DA:161,0
DA:162,0
DA:163,0
DA:164,0
DA:165,0
DA:166,0
DA:168,0
DA:176,0
DA:180,0
DA:181,0
DA:183,0
DA:184,0
DA:188,0
DA:189,0
DA:190,0
DA:194,0
DA:195,0
DA:196,0
LF:95
LH:0
end_of_record
SF:lib/utils/canon_stack_sync.dart
DA:11,0
DA:16,0
DA:17,0
DA:20,0
DA:22,0
DA:25,0
LF:6
LH:0
end_of_record
SF:lib/services/direct_ptp_camera_service.dart
DA:34,0
DA:35,0
DA:36,0
DA:37,0
DA:38,0
DA:39,0
DA:42,0
DA:43,0
DA:44,0
DA:45,0
DA:46,0
DA:50,0
DA:52,0
DA:54,0
DA:56,0
DA:58,0
DA:60,0
DA:62,0
DA:64,0
DA:66,0
DA:68,0
DA:70,0
DA:72,0
DA:74,0
DA:76,0
DA:78,0
DA:80,0
DA:82,0
DA:92,2
DA:101,0
DA:102,0
DA:103,0
DA:104,0
DA:105,0
DA:106,0
DA:107,0
DA:123,0
DA:124,0
DA:126,0
DA:127,0
DA:128,0
DA:129,0
DA:131,0
DA:133,0
DA:134,0
DA:135,0
DA:136,0
DA:137,0
DA:138,0
DA:140,0
DA:141,0
DA:147,0
DA:156,0
DA:157,0
DA:158,0
DA:159,0
DA:160,0
DA:161,0
DA:162,0
DA:163,0
DA:174,0
DA:175,0
DA:176,0
DA:177,0
DA:189,0
DA:191,0
DA:193,0
DA:195,0
DA:197,0
DA:212,0
DA:221,0
DA:222,0
DA:223,0
DA:224,0
DA:225,0
DA:226,0
DA:227,0
DA:228,0
DA:245,0
DA:247,0
DA:249,0
DA:255,2
DA:263,0
DA:264,0
DA:265,0
DA:267,0
DA:268,0
DA:269,0
DA:271,0
DA:272,0
DA:274,0
DA:275,0
DA:276,0
DA:292,0
DA:293,0
DA:294,0
DA:297,0
DA:298,0
DA:300,0
DA:301,0
DA:302,0
DA:303,0
DA:315,0
DA:393,0
DA:394,0
DA:395,0
DA:396,0
DA:397,0
DA:398,0
DA:399,0
DA:400,0
DA:401,0
DA:402,0
DA:403,0
DA:404,0
DA:405,0
DA:406,0
DA:407,0
DA:408,0
DA:409,0
DA:420,0
DA:427,0
DA:438,0
DA:444,0
DA:445,0
DA:447,0
DA:449,0
DA:460,0
DA:461,0
DA:463,0
DA:464,0
DA:466,0
DA:468,0
DA:478,0
DA:479,0
DA:486,0
DA:489,0
DA:490,0
DA:493,0
DA:494,0
DA:497,0
DA:503,0
DA:504,0
DA:508,0
DA:510,0
DA:512,0
DA:513,0
DA:516,0
DA:529,0
DA:532,0
DA:540,0
DA:542,0
DA:546,0
DA:547,0
DA:550,0
DA:551,0
DA:554,0
DA:560,0
DA:561,0
DA:563,0
DA:565,0
DA:573,0
DA:576,0
DA:580,0
DA:582,0
DA:584,0
DA:586,0
DA:587,0
DA:592,0
DA:593,0
DA:594,0
DA:595,0
LF:172
LH:2
end_of_record
SF:lib/services/error_reporting/bugsnag_error_reporter.dart
DA:11,0
DA:17,0
DA:18,0
DA:19,0
DA:24,0
DA:25,0
DA:31,0
DA:33,0
DA:36,0
DA:39,0
DA:40,0
DA:46,0
DA:54,0
DA:57,0
DA:60,0
DA:63,0
DA:69,0
DA:70,0
DA:71,0
DA:77,0
DA:85,0
DA:86,0
DA:92,0
DA:94,0
DA:97,0
DA:100,0
DA:101,0
DA:107,0
DA:109,0
DA:112,0
DA:115,0
DA:116,0
DA:122,0
DA:124,0
DA:128,0
DA:129,0
DA:130,0
DA:133,0
DA:134,0
DA:140,0
DA:142,0
DA:147,0
DA:150,0
DA:151,0
DA:157,0
DA:158,0
DA:160,0
DA:162,0
DA:166,0
DA:167,0
DA:168,0
LF:51
LH:0
end_of_record
SF:lib/utils/event_station_role.dart
DA:11,0
DA:12,0
DA:14,0
DA:15,0
DA:16,0
DA:17,0
DA:24,0
DA:28,0
DA:31,0
DA:32,0
DA:34,0
DA:36,0
DA:43,0
DA:45,0
DA:47,0
DA:49,0
DA:51,0
DA:53,0
DA:59,0
LF:19
LH:0
end_of_record
SF:lib/services/face_count_service_io.dart
DA:9,0
DA:10,0
DA:12,0
DA:13,0
DA:15,0
DA:16,0
DA:19,0
DA:20,0
DA:23,0
LF:9
LH:0
end_of_record
SF:lib/services/file_helper_io.dart
DA:10,0
DA:11,0
DA:12,0
DA:16,0
DA:17,0
DA:21,0
DA:22,0
DA:27,0
DA:29,0
DA:30,0
DA:31,0
DA:35,0
DA:36,0
DA:37,0
DA:38,0
DA:40,0
LF:16
LH:0
end_of_record
SF:lib/utils/file_helper_temp_cleanup.dart
DA:2,0
DA:3,0
DA:4,0
DA:5,0
DA:6,0
DA:7,0
DA:8,0
DA:29,0
DA:30,0
DA:35,0
LF:10
LH:0
end_of_record
SF:lib/utils/session_photo_sync_helpers.dart
DA:14,2
DA:24,0
DA:25,0
DA:33,0
DA:35,0
DA:36,0
DA:47,0
DA:61,0
DA:62,0
DA:68,0
DA:69,0
DA:70,0
DA:73,0
DA:74,0
DA:86,0
DA:87,0
DA:91,0
DA:93,0
DA:95,0
DA:98,0
DA:99,0
DA:100,0
DA:102,0
DA:103,0
DA:109,0
DA:111,0
DA:112,0
DA:114,0
DA:115,0
DA:120,0
DA:122,0
DA:124,0
DA:125,0
DA:126,0
DA:127,0
DA:129,0
DA:131,0
LF:37
LH:1
end_of_record
SF:lib/services/protected_image_loader.dart
DA:18,0
DA:20,0
DA:22,0
DA:24,0
DA:25,0
DA:26,0
DA:29,0
DA:30,0
DA:34,0
DA:35,0
DA:40,0
DA:42,0
DA:43,0
DA:50,0
DA:51,0
DA:55,0
DA:56,0
DA:57,0
DA:58,0
DA:60,0
DA:63,0
DA:64,0
DA:65,0
DA:69,0
DA:70,0
DA:71,0
DA:75,0
DA:79,0
DA:80,0
DA:81,0
DA:82,0
DA:84,0
DA:86,0
DA:89,0
DA:90,0
DA:91,0
DA:92,0
LF:37
LH:0
end_of_record
SF:lib/services/staff_session_manager.dart
DA:8,0
DA:18,0
DA:19,0
DA:21,0
DA:22,0
DA:25,0
DA:29,0
DA:30,0
DA:31,0
DA:34,0
DA:37,0
DA:38,0
DA:41,0
DA:46,0
DA:47,0
DA:48,0
DA:50,0
DA:51,0
DA:54,0
DA:55,0
DA:56,0
DA:57,0
LF:22
LH:0
end_of_record
SF:lib/utils/coalesced_string_list_notifier.dart
DA:7,0
DA:15,0
DA:16,0
DA:17,0
DA:20,0
DA:21,0
DA:22,0
DA:25,0
DA:27,0
DA:40,0
DA:41,0
DA:42,0
DA:43,0
DA:44,0
DA:45,0
DA:46,0
LF:16
LH:0
end_of_record
SF:lib/utils/device_classifier_io.dart
DA:7,0
DA:8,0
DA:10,0
DA:11,0
DA:12,0
DA:13,0
DA:16,0
DA:19,0
DA:20,0
DA:21,0
DA:22,0
DA:25,0
DA:31,0
DA:32,0
DA:33,0
DA:36,0
DA:37,0
DA:40,0
DA:41,0
LF:19
LH:0
end_of_record
SF:lib/utils/image_helper_channel_fix.dart
DA:4,0
DA:5,0
DA:6,0
DA:7,0
DA:8,0
LF:5
LH:0
end_of_record
SF:lib/utils/image_helper_encode.dart
DA:15,0
DA:22,0
DA:23,0
DA:26,0
DA:29,0
DA:31,0
DA:32,0
DA:33,0
DA:34,0
DA:37,0
DA:38,0
DA:55,0
DA:56,0
DA:57,0
DA:58,0
DA:69,0
DA:72,0
DA:79,0
DA:80,0
DA:83,0
DA:86,0
DA:87,0
DA:94,0
DA:98,0
DA:101,0
DA:103,0
DA:105,0
DA:106,0
DA:112,0
DA:113,0
DA:114,0
DA:115,0
DA:116,0
DA:118,0
DA:119,0
DA:125,0
DA:129,0
DA:130,0
DA:132,0
DA:134,0
DA:136,0
DA:137,0
DA:138,0
DA:139,0
DA:145,0
DA:146,0
DA:147,0
DA:148,0
DA:149,0
DA:150,0
DA:151,0
DA:153,0
DA:154,0
DA:159,0
DA:163,0
DA:164,0
DA:165,0
DA:166,0
DA:167,0
DA:168,0
DA:169,0
DA:177,0
DA:178,0
DA:179,0
DA:180,0
DA:188,0
DA:189,0
DA:190,0
DA:193,0
DA:194,0
DA:195,0
DA:196,0
DA:202,0
DA:213,0
DA:215,0
DA:218,0
DA:219,0
DA:220,0
DA:227,0
DA:234,0
DA:242,0
DA:243,0
DA:246,0
DA:249,0
DA:260,0
DA:261,0
DA:262,0
DA:263,0
DA:264,0
DA:265,0
DA:268,0
DA:269,0
DA:270,0
DA:271,0
DA:272,0
DA:273,0
DA:279,0
DA:289,0
DA:290,0
DA:291,0
DA:293,0
DA:294,0
DA:297,0
DA:298,0
DA:299,0
DA:300,0
DA:301,0
DA:307,0
DA:310,0
LF:109
LH:0
end_of_record
SF:lib/utils/logger_stack_frame.dart
DA:5,0
DA:15,0
DA:18,0
DA:19,0
DA:20,0
DA:21,0
DA:22,0
DA:23,0
DA:25,0
DA:29,0
DA:32,0
DA:33,0
DA:35,0
DA:38,0
DA:39,0
DA:40,0
DA:41,0
DA:42,0
DA:45,0
DA:46,0
DA:47,0
DA:48,0
DA:52,0
DA:53,0
DA:54,0
DA:55,0
DA:56,0
DA:58,0
DA:59,0
DA:60,0
DA:61,0
DA:62,0
DA:68,0
DA:69,0
DA:70,0
DA:71,0
DA:72,0
LF:37
LH:0
end_of_record
